<?xml version="1.0" encoding="UTF-8"?>
<!-- Generated by org.testng.reporters.JUnitXMLReporter -->
<testsuite ignored="1" hostname="Affan" failures="0" tests="1" name="Default test" time="36.96" errors="0" timestamp="2025-10-23T19:16:39 IST">
  <testcase classname="com.orangeHRM.tests.LoginPageTest" name="invalidLoginTest" time="19.245"/>
  <testcase classname="com.orangeHRM.tests.LoginPageTest" name="verifyValidLoginTest" time="0.0">
    <ignored/>
  </testcase> <!-- verifyValidLoginTest -->
</testsuite> <!-- Default test -->
