<?xml version="1.0" encoding="UTF-8"?>
<!-- Generated by org.testng.reporters.JUnitXMLReporter -->
<testsuite ignored="1" hostname="Affan" failures="0" tests="1" name="Default test" time="14.249" errors="0" timestamp="2025-10-24T10:27:03 IST">
  <testcase classname="com.orangeHRM.tests.LoginPageTest" name="verifyValidLoginTest" time="6.155"/>
  <testcase classname="com.orangeHRM.tests.LoginPageTest" name="invalidLoginTest" time="0.0">
    <ignored/>
  </testcase> <!-- invalidLoginTest -->
</testsuite> <!-- Default test -->
