<?xml version="1.0" encoding="UTF-8"?>
<!-- Generated by org.testng.reporters.JUnitXMLReporter -->
<testsuite ignored="2" hostname="Affan" failures="0" tests="4" name="OrangeHRMTest" time="26.293" errors="0" timestamp="2025-10-24T11:35:48 IST">
  <testcase classname="com.orangeHRM.tests.DummyClass" name="dummyTest" time="0.128"/>
  <testcase classname="com.orangeHRM.tests.HomePageTest" name="verifyOrangeHRMlogo" time="2.443"/>
  <testcase classname="com.orangeHRM.tests.LoginPageTest" name="invalidLoginTest" time="2.342"/>
  <testcase classname="com.orangeHRM.tests.LoginPageTest" name="verifyValidLoginTest" time="7.544"/>
  <testcase classname="com.orangeHRM.base.BaseClass" name="@BeforeSuite loadConfig" time="0.0">
    <ignored/>
  </testcase> <!-- @BeforeSuite loadConfig -->
  <testcase classname="com.orangeHRM.base.BaseClass" name="@BeforeSuite loadConfig" time="0.0">
    <ignored/>
  </testcase> <!-- @BeforeSuite loadConfig -->
</testsuite> <!-- OrangeHRMTest -->
