<?xml version="1.0" encoding="UTF-8"?>
<!-- Generated by org.testng.reporters.JUnitXMLReporter -->
<testsuite ignored="1" hostname="Affan" failures="0" tests="2" name="OrangeHRMTest" time="23.934" errors="0" timestamp="2025-10-22T16:51:03 IST">
  <testcase classname="com.orangeHRM.tests.DummyClass" name="dummyTest" time="0.046"/>
  <testcase classname="com.orangeHRM.tests.LoginPageTest" name="verifyValidLoginTest" time="8.658"/>
  <testcase classname="com.orangeHRM.base.BaseClass" name="@BeforeSuite loadConfig" time="0.0">
    <ignored/>
  </testcase> <!-- @BeforeSuite loadConfig -->
</testsuite> <!-- OrangeHRMTest -->
