2025-10-23 15:00:40 [main] INFO  BaseClass - config.properties file loaded
2025-10-23 15:00:47 [main] INFO  BaseClass - ChromeDriver Instance is created.
2025-10-23 15:00:50 [main] INFO  BaseClass - WebDriver initialized and Browser maximized
2025-10-23 15:00:50 [main] TRACE BaseClass - This is a Trace message
2025-10-23 15:00:50 [main] DEBUG BaseClass - This is a Debug Message
2025-10-23 15:00:50 [main] WARN  BaseClass - This is a Warn message
2025-10-23 15:00:50 [main] INFO  ActionDriver - WebDriver instance is created.
2025-10-23 15:00:50 [main] INFO  BaseClass - ActionDriver instance is created.
2025-10-23 15:00:52 [main] INFO  ActionDriver - Entered text: Admin
2025-10-23 15:00:52 [main] INFO  ActionDriver - Entered text: admin
2025-10-23 15:00:52 [main] INFO  ActionDriver - clicked an element
2025-10-23 15:00:54 [main] INFO  BaseClass - WebDriver instance is closed.
2025-10-23 15:00:55 [main] INFO  BaseClass - ChromeDriver Instance is created.
2025-10-23 15:01:01 [main] INFO  BaseClass - WebDriver initialized and Browser maximized
2025-10-23 15:01:01 [main] TRACE BaseClass - This is a Trace message
2025-10-23 15:01:01 [main] DEBUG BaseClass - This is a Debug Message
2025-10-23 15:01:01 [main] WARN  BaseClass - This is a Warn message
2025-10-23 15:01:01 [main] INFO  ActionDriver - WebDriver instance is created.
2025-10-23 15:01:01 [main] INFO  BaseClass - ActionDriver instance is created.
2025-10-23 15:01:01 [main] INFO  ActionDriver - Entered text: admin
2025-10-23 15:01:02 [main] INFO  ActionDriver - Entered text: admin123
2025-10-23 15:01:02 [main] INFO  ActionDriver - clicked an element
2025-10-23 15:01:04 [main] INFO  ActionDriver - clicked an element
2025-10-23 15:01:06 [main] INFO  ActionDriver - clicked an element
2025-10-23 15:01:08 [main] INFO  BaseClass - WebDriver instance is closed.
2025-10-23 19:06:43 [main] INFO  BaseClass - config.properties file loaded
2025-10-23 19:07:04 [main] INFO  BaseClass - ChromeDriver Instance is created.
2025-10-23 19:07:17 [main] INFO  BaseClass - WebDriver initialized and Browser maximized
2025-10-23 19:07:17 [main] TRACE BaseClass - This is a Trace message
2025-10-23 19:07:17 [main] DEBUG BaseClass - This is a Debug Message
2025-10-23 19:07:17 [main] WARN  BaseClass - This is a Warn message
2025-10-23 19:07:17 [main] INFO  ActionDriver - WebDriver instance is created.
2025-10-23 19:07:17 [main] INFO  BaseClass - ActionDriver instance is created.
2025-10-23 19:07:19 [main] INFO  ActionDriver - Entered text on: Element with name: username Admin
2025-10-23 19:07:19 [main] INFO  ActionDriver - Entered text on: Element with name: password admin
2025-10-23 19:07:19 [main] INFO  ActionDriver - clicked an element--> Element with text: Login
2025-10-23 19:07:32 [main] INFO  BaseClass - WebDriver instance is closed.
2025-10-23 19:07:34 [main] INFO  BaseClass - ChromeDriver Instance is created.
2025-10-23 19:07:41 [main] INFO  BaseClass - WebDriver initialized and Browser maximized
2025-10-23 19:07:41 [main] TRACE BaseClass - This is a Trace message
2025-10-23 19:07:41 [main] DEBUG BaseClass - This is a Debug Message
2025-10-23 19:07:41 [main] WARN  BaseClass - This is a Warn message
2025-10-23 19:07:41 [main] INFO  ActionDriver - WebDriver instance is created.
2025-10-23 19:07:41 [main] INFO  BaseClass - ActionDriver instance is created.
2025-10-23 19:07:50 [main] INFO  ActionDriver - Entered text on: Element with name: username admin
2025-10-23 19:07:50 [main] INFO  ActionDriver - Entered text on: Element with name: password admin123
2025-10-23 19:08:01 [main] INFO  ActionDriver - clicked an element--> Element with text: Login
2025-10-23 19:08:05 [main] INFO  ActionDriver - Element is displayed: Element with text: Admin
2025-10-23 19:08:05 [main] INFO  ActionDriver - clicked an element--> Element with text: Admin admin123
2025-10-23 19:08:23 [main] INFO  ActionDriver - clicked an element--> Element with text: Logout
2025-10-23 19:08:25 [main] INFO  BaseClass - WebDriver instance is closed.
2025-10-23 19:16:02 [main] INFO  BaseClass - config.properties file loaded
2025-10-23 19:16:05 [main] INFO  BaseClass - ChromeDriver Instance is created.
2025-10-23 19:16:19 [main] INFO  BaseClass - WebDriver initialized and Browser maximized
2025-10-23 19:16:19 [main] TRACE BaseClass - This is a Trace message
2025-10-23 19:16:19 [main] DEBUG BaseClass - This is a Debug Message
2025-10-23 19:16:19 [main] WARN  BaseClass - This is a Warn message
2025-10-23 19:16:19 [main] INFO  ActionDriver - WebDriver instance is created.
2025-10-23 19:16:19 [main] INFO  BaseClass - ActionDriver instance is created.
2025-10-23 19:16:23 [main] INFO  ActionDriver - Entered text on Element with name: username-->Admin
2025-10-23 19:16:23 [main] INFO  ActionDriver - Entered text on Element with name: password-->admin
2025-10-23 19:16:23 [main] INFO  ActionDriver - clicked an element--> Element with text: Login
2025-10-23 19:16:38 [main] INFO  ActionDriver - Texts are matching: Invalid credentials equals Invalid credentials
2025-10-23 19:16:39 [main] INFO  BaseClass - WebDriver instance is closed.
2025-10-24 10:22:37 [main] INFO  BaseClass - config.properties file loaded
2025-10-24 10:22:54 [TestNG-test-OrangeHRMTest-2] INFO  BaseClass - ChromeDriver Instance is created.
2025-10-24 10:22:54 [TestNG-test-OrangeHRMTest-3] INFO  BaseClass - ChromeDriver Instance is created.
2025-10-24 10:22:54 [TestNG-test-OrangeHRMTest-1] INFO  BaseClass - ChromeDriver Instance is created.
2025-10-24 10:22:59 [TestNG-test-OrangeHRMTest-2] INFO  BaseClass - WebDriver initialized and Browser maximized
2025-10-24 10:22:59 [TestNG-test-OrangeHRMTest-2] TRACE BaseClass - This is a Trace message
2025-10-24 10:22:59 [TestNG-test-OrangeHRMTest-2] DEBUG BaseClass - This is a Debug Message
2025-10-24 10:22:59 [TestNG-test-OrangeHRMTest-2] WARN  BaseClass - This is a Warn message
2025-10-24 10:22:59 [TestNG-test-OrangeHRMTest-2] INFO  ActionDriver - WebDriver instance is created.
2025-10-24 10:22:59 [TestNG-test-OrangeHRMTest-2] INFO  BaseClass - ActionDriver instance is created. 33
2025-10-24 10:23:00 [TestNG-test-OrangeHRMTest-2] INFO  ActionDriver - Entered text on Element with name: username-->Admin
2025-10-24 10:23:00 [TestNG-test-OrangeHRMTest-1] INFO  BaseClass - WebDriver initialized and Browser maximized
2025-10-24 10:23:00 [TestNG-test-OrangeHRMTest-1] TRACE BaseClass - This is a Trace message
2025-10-24 10:23:00 [TestNG-test-OrangeHRMTest-1] DEBUG BaseClass - This is a Debug Message
2025-10-24 10:23:00 [TestNG-test-OrangeHRMTest-1] WARN  BaseClass - This is a Warn message
2025-10-24 10:23:01 [TestNG-test-OrangeHRMTest-3] INFO  BaseClass - WebDriver initialized and Browser maximized
2025-10-24 10:23:01 [TestNG-test-OrangeHRMTest-3] TRACE BaseClass - This is a Trace message
2025-10-24 10:23:01 [TestNG-test-OrangeHRMTest-3] DEBUG BaseClass - This is a Debug Message
2025-10-24 10:23:01 [TestNG-test-OrangeHRMTest-3] WARN  BaseClass - This is a Warn message
2025-10-24 10:23:01 [TestNG-test-OrangeHRMTest-3] INFO  ActionDriver - Element is displayed Unable to describe the element
2025-10-24 10:23:01 [TestNG-test-OrangeHRMTest-3] INFO  BaseClass - WebDriver instance is closed.
2025-10-24 10:23:01 [TestNG-test-OrangeHRMTest-1] INFO  BaseClass - WebDriver instance is closed.
2025-10-24 10:23:01 [TestNG-test-OrangeHRMTest-2] INFO  BaseClass - WebDriver instance is closed.
2025-10-24 10:23:03 [TestNG-test-OrangeHRMTest-2] INFO  BaseClass - ChromeDriver Instance is created.
2025-10-24 10:23:07 [TestNG-test-OrangeHRMTest-2] INFO  BaseClass - WebDriver initialized and Browser maximized
2025-10-24 10:23:07 [TestNG-test-OrangeHRMTest-2] TRACE BaseClass - This is a Trace message
2025-10-24 10:23:07 [TestNG-test-OrangeHRMTest-2] DEBUG BaseClass - This is a Debug Message
2025-10-24 10:23:07 [TestNG-test-OrangeHRMTest-2] WARN  BaseClass - This is a Warn message
2025-10-24 10:23:07 [TestNG-test-OrangeHRMTest-2] INFO  ActionDriver - WebDriver instance is created.
2025-10-24 10:23:07 [TestNG-test-OrangeHRMTest-2] INFO  BaseClass - ActionDriver instance is created. 33
2025-10-24 10:23:09 [TestNG-test-OrangeHRMTest-2] INFO  ActionDriver - Entered text on Element with name: username-->admin
2025-10-24 10:23:09 [TestNG-test-OrangeHRMTest-2] INFO  ActionDriver - Entered text on Element with name: password-->admin123
2025-10-24 10:23:10 [TestNG-test-OrangeHRMTest-2] INFO  ActionDriver - clicked an element--> Element with text: Login
2025-10-24 10:23:11 [TestNG-test-OrangeHRMTest-2] INFO  ActionDriver - Element is displayed Element with text: Admin
2025-10-24 10:23:11 [TestNG-test-OrangeHRMTest-2] INFO  ActionDriver - clicked an element--> Element with text: Minh Nguyen
2025-10-24 10:23:13 [TestNG-test-OrangeHRMTest-2] INFO  ActionDriver - clicked an element--> Element with text: Logout
2025-10-24 10:23:16 [TestNG-test-OrangeHRMTest-2] INFO  BaseClass - WebDriver instance is closed.
2025-10-24 10:26:07 [main] INFO  BaseClass - config.properties file loaded
2025-10-24 10:26:09 [main] INFO  BaseClass - ChromeDriver Instance is created.
2025-10-24 10:26:14 [main] INFO  BaseClass - WebDriver initialized and Browser maximized
2025-10-24 10:26:14 [main] TRACE BaseClass - This is a Trace message
2025-10-24 10:26:14 [main] DEBUG BaseClass - This is a Debug Message
2025-10-24 10:26:14 [main] WARN  BaseClass - This is a Warn message
2025-10-24 10:26:14 [main] INFO  ActionDriver - WebDriver instance is created.
2025-10-24 10:26:14 [main] INFO  BaseClass - ActionDriver instance is created. 3
2025-10-24 10:26:15 [main] INFO  ActionDriver - Entered text on Element with name: username-->Admin
2025-10-24 10:26:15 [main] INFO  ActionDriver - Entered text on Element with name: password-->admin
2025-10-24 10:26:16 [main] INFO  ActionDriver - clicked an element--> Element with text: Login
2025-10-24 10:26:17 [main] INFO  ActionDriver - Texts are matching: Invalid credentials equals Invalid credentials
2025-10-24 10:26:17 [main] INFO  BaseClass - WebDriver instance is closed.
2025-10-24 10:26:48 [main] INFO  BaseClass - config.properties file loaded
2025-10-24 10:26:50 [main] INFO  BaseClass - ChromeDriver Instance is created.
2025-10-24 10:26:56 [main] INFO  BaseClass - WebDriver initialized and Browser maximized
2025-10-24 10:26:56 [main] TRACE BaseClass - This is a Trace message
2025-10-24 10:26:56 [main] DEBUG BaseClass - This is a Debug Message
2025-10-24 10:26:56 [main] WARN  BaseClass - This is a Warn message
2025-10-24 10:26:56 [main] INFO  ActionDriver - WebDriver instance is created.
2025-10-24 10:26:56 [main] INFO  BaseClass - ActionDriver instance is created. 3
2025-10-24 10:26:56 [main] INFO  ActionDriver - Entered text on Element with name: username-->admin
2025-10-24 10:26:56 [main] INFO  ActionDriver - Entered text on Element with name: password-->admin123
2025-10-24 10:26:57 [main] INFO  ActionDriver - clicked an element--> Element with text: Login
2025-10-24 10:26:58 [main] INFO  ActionDriver - Element is displayed Element with text: Admin
2025-10-24 10:26:59 [main] INFO  ActionDriver - clicked an element--> Element with text: Minh Nguyen
2025-10-24 10:27:00 [main] INFO  ActionDriver - clicked an element--> Element with text: Logout
2025-10-24 10:27:02 [main] INFO  BaseClass - WebDriver instance is closed.
2025-10-24 10:29:11 [main] INFO  BaseClass - config.properties file loaded
2025-10-24 10:29:16 [TestNG-test-OrangeHRMTest-3] INFO  BaseClass - ChromeDriver Instance is created.
2025-10-24 10:29:16 [TestNG-test-OrangeHRMTest-1] INFO  BaseClass - ChromeDriver Instance is created.
2025-10-24 10:29:16 [TestNG-test-OrangeHRMTest-2] INFO  BaseClass - ChromeDriver Instance is created.
2025-10-24 10:29:22 [TestNG-test-OrangeHRMTest-1] INFO  BaseClass - WebDriver initialized and Browser maximized
2025-10-24 10:29:22 [TestNG-test-OrangeHRMTest-1] TRACE BaseClass - This is a Trace message
2025-10-24 10:29:22 [TestNG-test-OrangeHRMTest-1] DEBUG BaseClass - This is a Debug Message
2025-10-24 10:29:22 [TestNG-test-OrangeHRMTest-1] WARN  BaseClass - This is a Warn message
2025-10-24 10:29:22 [TestNG-test-OrangeHRMTest-1] INFO  ActionDriver - WebDriver instance is created.
2025-10-24 10:29:22 [TestNG-test-OrangeHRMTest-1] INFO  BaseClass - ActionDriver instance is created. 32
2025-10-24 10:29:22 [TestNG-test-OrangeHRMTest-1] INFO  BaseClass - WebDriver instance is closed.
2025-10-24 10:29:22 [TestNG-test-OrangeHRMTest-2] INFO  BaseClass - WebDriver initialized and Browser maximized
2025-10-24 10:29:22 [TestNG-test-OrangeHRMTest-2] TRACE BaseClass - This is a Trace message
2025-10-24 10:29:22 [TestNG-test-OrangeHRMTest-2] DEBUG BaseClass - This is a Debug Message
2025-10-24 10:29:22 [TestNG-test-OrangeHRMTest-2] WARN  BaseClass - This is a Warn message
2025-10-24 10:29:22 [TestNG-test-OrangeHRMTest-2] INFO  ActionDriver - WebDriver instance is created.
2025-10-24 10:29:22 [TestNG-test-OrangeHRMTest-2] INFO  BaseClass - ActionDriver instance is created. 33
2025-10-24 10:29:23 [TestNG-test-OrangeHRMTest-3] INFO  BaseClass - WebDriver initialized and Browser maximized
2025-10-24 10:29:23 [TestNG-test-OrangeHRMTest-3] TRACE BaseClass - This is a Trace message
2025-10-24 10:29:23 [TestNG-test-OrangeHRMTest-3] DEBUG BaseClass - This is a Debug Message
2025-10-24 10:29:23 [TestNG-test-OrangeHRMTest-3] WARN  BaseClass - This is a Warn message
2025-10-24 11:26:34 [main] INFO  BaseClass - config.properties file loaded
2025-10-24 11:26:42 [TestNG-test-OrangeHRMTest-1] INFO  BaseClass - ChromeDriver Instance is created.
2025-10-24 11:26:43 [TestNG-test-OrangeHRMTest-2] INFO  BaseClass - ChromeDriver Instance is created.
2025-10-24 11:26:44 [TestNG-test-OrangeHRMTest-3] INFO  BaseClass - ChromeDriver Instance is created.
2025-10-24 11:26:46 [TestNG-test-OrangeHRMTest-1] INFO  BaseClass - WebDriver initialized and Browser maximized
2025-10-24 11:26:46 [TestNG-test-OrangeHRMTest-1] TRACE BaseClass - This is a Trace message
2025-10-24 11:26:46 [TestNG-test-OrangeHRMTest-1] DEBUG BaseClass - This is a Debug Message
2025-10-24 11:26:46 [TestNG-test-OrangeHRMTest-1] WARN  BaseClass - This is a Warn message
2025-10-24 11:26:46 [TestNG-test-OrangeHRMTest-1] INFO  ActionDriver - WebDriver instance is created.
2025-10-24 11:26:46 [TestNG-test-OrangeHRMTest-1] INFO  BaseClass - ActionDriver initialized for thread: 32
2025-10-24 11:26:46 [TestNG-test-OrangeHRMTest-1] INFO  BaseClass - WebDriver instance is closed.
2025-10-24 11:26:47 [TestNG-test-OrangeHRMTest-3] INFO  BaseClass - WebDriver initialized and Browser maximized
2025-10-24 11:26:47 [TestNG-test-OrangeHRMTest-3] TRACE BaseClass - This is a Trace message
2025-10-24 11:26:47 [TestNG-test-OrangeHRMTest-3] DEBUG BaseClass - This is a Debug Message
2025-10-24 11:26:47 [TestNG-test-OrangeHRMTest-3] WARN  BaseClass - This is a Warn message
2025-10-24 11:26:47 [TestNG-test-OrangeHRMTest-3] INFO  ActionDriver - WebDriver instance is created.
2025-10-24 11:26:47 [TestNG-test-OrangeHRMTest-3] INFO  BaseClass - ActionDriver initialized for thread: 34
2025-10-24 11:26:48 [TestNG-test-OrangeHRMTest-3] INFO  ActionDriver - Entered text on Element with name: username-->Admin
2025-10-24 11:26:48 [TestNG-test-OrangeHRMTest-3] INFO  ActionDriver - Entered text on Element with name: password-->admin123
2025-10-24 11:26:48 [TestNG-test-OrangeHRMTest-3] INFO  ActionDriver - clicked an element--> Element with text: Login
2025-10-24 11:26:48 [TestNG-test-OrangeHRMTest-2] INFO  BaseClass - WebDriver initialized and Browser maximized
2025-10-24 11:26:48 [TestNG-test-OrangeHRMTest-2] TRACE BaseClass - This is a Trace message
2025-10-24 11:26:48 [TestNG-test-OrangeHRMTest-2] DEBUG BaseClass - This is a Debug Message
2025-10-24 11:26:48 [TestNG-test-OrangeHRMTest-2] WARN  BaseClass - This is a Warn message
2025-10-24 11:26:48 [TestNG-test-OrangeHRMTest-2] INFO  ActionDriver - WebDriver instance is created.
2025-10-24 11:26:48 [TestNG-test-OrangeHRMTest-2] INFO  BaseClass - ActionDriver initialized for thread: 33
2025-10-24 11:26:49 [TestNG-test-OrangeHRMTest-2] INFO  ActionDriver - Entered text on Element with name: username-->Admin
2025-10-24 11:26:49 [TestNG-test-OrangeHRMTest-2] INFO  ActionDriver - Entered text on Element with name: password-->admin
2025-10-24 11:26:49 [TestNG-test-OrangeHRMTest-2] INFO  ActionDriver - clicked an element--> Element with text: Login
2025-10-24 11:26:50 [TestNG-test-OrangeHRMTest-3] INFO  ActionDriver - Element is displayed Unable to describe the element
2025-10-24 11:26:50 [TestNG-test-OrangeHRMTest-3] INFO  BaseClass - WebDriver instance is closed.
2025-10-24 11:26:51 [TestNG-test-OrangeHRMTest-2] INFO  ActionDriver - Texts are matching: Invalid credentials equals Invalid credentials
2025-10-24 11:26:51 [TestNG-test-OrangeHRMTest-2] INFO  BaseClass - WebDriver instance is closed.
2025-10-24 11:26:52 [TestNG-test-OrangeHRMTest-2] INFO  BaseClass - ChromeDriver Instance is created.
2025-10-24 11:26:57 [TestNG-test-OrangeHRMTest-2] INFO  BaseClass - WebDriver initialized and Browser maximized
2025-10-24 11:26:57 [TestNG-test-OrangeHRMTest-2] TRACE BaseClass - This is a Trace message
2025-10-24 11:26:57 [TestNG-test-OrangeHRMTest-2] DEBUG BaseClass - This is a Debug Message
2025-10-24 11:26:57 [TestNG-test-OrangeHRMTest-2] WARN  BaseClass - This is a Warn message
2025-10-24 11:26:57 [TestNG-test-OrangeHRMTest-2] INFO  ActionDriver - WebDriver instance is created.
2025-10-24 11:26:57 [TestNG-test-OrangeHRMTest-2] INFO  BaseClass - ActionDriver initialized for thread: 33
2025-10-24 11:26:58 [TestNG-test-OrangeHRMTest-2] INFO  ActionDriver - Entered text on Element with name: username-->admin
2025-10-24 11:26:58 [TestNG-test-OrangeHRMTest-2] INFO  ActionDriver - Entered text on Element with name: password-->admin123
2025-10-24 11:26:58 [TestNG-test-OrangeHRMTest-2] INFO  ActionDriver - clicked an element--> Element with text: Login
2025-10-24 11:27:00 [TestNG-test-OrangeHRMTest-2] INFO  ActionDriver - Element is displayed Element with text: Admin
2025-10-24 11:27:00 [TestNG-test-OrangeHRMTest-2] INFO  ActionDriver - clicked an element--> Element with text: black 11
2025-10-24 11:27:01 [TestNG-test-OrangeHRMTest-2] INFO  ActionDriver - clicked an element--> Element with class: oxd-userdropdown-link
2025-10-24 11:27:04 [TestNG-test-OrangeHRMTest-2] INFO  BaseClass - WebDriver instance is closed.
2025-10-24 11:29:15 [main] INFO  BaseClass - config.properties file loaded
2025-10-24 11:29:17 [TestNG-tests-1] INFO  BaseClass - ChromeDriver Instance is created.
2025-10-24 11:29:22 [TestNG-tests-1] INFO  BaseClass - WebDriver initialized and Browser maximized
2025-10-24 11:29:22 [TestNG-tests-1] TRACE BaseClass - This is a Trace message
2025-10-24 11:29:22 [TestNG-tests-1] DEBUG BaseClass - This is a Debug Message
2025-10-24 11:29:22 [TestNG-tests-1] WARN  BaseClass - This is a Warn message
2025-10-24 11:29:22 [TestNG-tests-1] INFO  ActionDriver - WebDriver instance is created.
2025-10-24 11:29:22 [TestNG-tests-1] INFO  BaseClass - ActionDriver initialized for thread: 32
2025-10-24 11:29:22 [TestNG-tests-1] INFO  BaseClass - WebDriver instance is closed.
2025-10-24 11:29:23 [TestNG-tests-1] INFO  BaseClass - ChromeDriver Instance is created.
2025-10-24 11:29:28 [TestNG-tests-1] INFO  BaseClass - WebDriver initialized and Browser maximized
2025-10-24 11:29:28 [TestNG-tests-1] TRACE BaseClass - This is a Trace message
2025-10-24 11:29:28 [TestNG-tests-1] DEBUG BaseClass - This is a Debug Message
2025-10-24 11:29:28 [TestNG-tests-1] WARN  BaseClass - This is a Warn message
2025-10-24 11:29:28 [TestNG-tests-1] INFO  ActionDriver - WebDriver instance is created.
2025-10-24 11:29:28 [TestNG-tests-1] INFO  BaseClass - ActionDriver initialized for thread: 32
2025-10-24 11:29:28 [TestNG-tests-1] INFO  ActionDriver - Entered text on Element with name: username-->Admin
2025-10-24 11:29:28 [TestNG-tests-1] INFO  ActionDriver - Entered text on Element with name: password-->admin
2025-10-24 11:29:29 [TestNG-tests-1] INFO  ActionDriver - clicked an element--> Element with text: Login
2025-10-24 11:29:30 [TestNG-tests-1] INFO  ActionDriver - Texts are matching: Invalid credentials equals Invalid credentials
2025-10-24 11:29:30 [TestNG-tests-1] INFO  BaseClass - WebDriver instance is closed.
2025-10-24 11:29:31 [TestNG-tests-1] INFO  BaseClass - ChromeDriver Instance is created.
2025-10-24 11:29:37 [TestNG-tests-1] INFO  BaseClass - WebDriver initialized and Browser maximized
2025-10-24 11:29:37 [TestNG-tests-1] TRACE BaseClass - This is a Trace message
2025-10-24 11:29:37 [TestNG-tests-1] DEBUG BaseClass - This is a Debug Message
2025-10-24 11:29:37 [TestNG-tests-1] WARN  BaseClass - This is a Warn message
2025-10-24 11:29:37 [TestNG-tests-1] INFO  ActionDriver - WebDriver instance is created.
2025-10-24 11:29:37 [TestNG-tests-1] INFO  BaseClass - ActionDriver initialized for thread: 32
2025-10-24 11:29:37 [TestNG-tests-1] INFO  ActionDriver - Entered text on Element with name: username-->admin
2025-10-24 11:29:37 [TestNG-tests-1] INFO  ActionDriver - Entered text on Element with name: password-->admin123
2025-10-24 11:29:38 [TestNG-tests-1] INFO  ActionDriver - clicked an element--> Element with text: Login
2025-10-24 11:29:39 [TestNG-tests-1] INFO  ActionDriver - Element is displayed Element with text: Admin
2025-10-24 11:29:39 [TestNG-tests-1] INFO  ActionDriver - clicked an element--> Element with text: black 11
2025-10-24 11:29:41 [TestNG-tests-1] INFO  ActionDriver - clicked an element--> Element with text: Logout
2025-10-24 11:29:45 [TestNG-tests-1] INFO  BaseClass - WebDriver instance is closed.
2025-10-24 11:29:46 [TestNG-tests-1] INFO  BaseClass - ChromeDriver Instance is created.
2025-10-24 11:29:51 [TestNG-tests-1] INFO  BaseClass - WebDriver initialized and Browser maximized
2025-10-24 11:29:51 [TestNG-tests-1] TRACE BaseClass - This is a Trace message
2025-10-24 11:29:51 [TestNG-tests-1] DEBUG BaseClass - This is a Debug Message
2025-10-24 11:29:51 [TestNG-tests-1] WARN  BaseClass - This is a Warn message
2025-10-24 11:29:51 [TestNG-tests-1] INFO  ActionDriver - WebDriver instance is created.
2025-10-24 11:29:51 [TestNG-tests-1] INFO  BaseClass - ActionDriver initialized for thread: 32
2025-10-24 11:29:51 [TestNG-tests-1] INFO  ActionDriver - Entered text on Element with name: username-->Admin
2025-10-24 11:29:51 [TestNG-tests-1] INFO  ActionDriver - Entered text on Element with name: password-->admin123
2025-10-24 11:29:51 [TestNG-tests-1] INFO  ActionDriver - clicked an element--> Element with text: Login
2025-10-24 11:30:38 [TestNG-tests-1] INFO  ActionDriver - Element is displayed Unable to describe the element
2025-10-24 11:30:38 [TestNG-tests-1] INFO  BaseClass - WebDriver instance is closed.
2025-10-24 11:31:14 [main] INFO  BaseClass - config.properties file loaded
2025-10-24 11:31:16 [TestNG-tests-1] INFO  BaseClass - ChromeDriver Instance is created.
2025-10-24 11:31:21 [TestNG-tests-1] INFO  BaseClass - WebDriver initialized and Browser maximized
2025-10-24 11:31:21 [TestNG-tests-1] TRACE BaseClass - This is a Trace message
2025-10-24 11:31:21 [TestNG-tests-1] DEBUG BaseClass - This is a Debug Message
2025-10-24 11:31:21 [TestNG-tests-1] WARN  BaseClass - This is a Warn message
2025-10-24 11:31:21 [TestNG-tests-1] INFO  ActionDriver - WebDriver instance is created.
2025-10-24 11:31:21 [TestNG-tests-1] INFO  BaseClass - ActionDriver initialized for thread: 32
2025-10-24 11:31:21 [TestNG-tests-1] INFO  BaseClass - WebDriver instance is closed.
2025-10-24 11:31:22 [TestNG-tests-1] INFO  BaseClass - ChromeDriver Instance is created.
2025-10-24 11:31:28 [TestNG-tests-1] INFO  BaseClass - WebDriver initialized and Browser maximized
2025-10-24 11:31:28 [TestNG-tests-1] TRACE BaseClass - This is a Trace message
2025-10-24 11:31:28 [TestNG-tests-1] DEBUG BaseClass - This is a Debug Message
2025-10-24 11:31:28 [TestNG-tests-1] WARN  BaseClass - This is a Warn message
2025-10-24 11:31:28 [TestNG-tests-1] INFO  ActionDriver - WebDriver instance is created.
2025-10-24 11:31:28 [TestNG-tests-1] INFO  BaseClass - ActionDriver initialized for thread: 32
2025-10-24 11:31:28 [TestNG-tests-1] INFO  ActionDriver - Entered text on Element with name: username-->Admin
2025-10-24 11:31:28 [TestNG-tests-1] INFO  ActionDriver - Entered text on Element with name: password-->admin
2025-10-24 11:31:28 [TestNG-tests-1] INFO  ActionDriver - clicked an element--> Element with text: Login
2025-10-24 11:31:30 [TestNG-tests-1] INFO  ActionDriver - Texts are matching: Invalid credentials equals Invalid credentials
2025-10-24 11:31:30 [TestNG-tests-1] INFO  BaseClass - WebDriver instance is closed.
2025-10-24 11:31:31 [TestNG-tests-1] INFO  BaseClass - ChromeDriver Instance is created.
2025-10-24 11:31:37 [TestNG-tests-1] INFO  BaseClass - WebDriver initialized and Browser maximized
2025-10-24 11:31:37 [TestNG-tests-1] TRACE BaseClass - This is a Trace message
2025-10-24 11:31:37 [TestNG-tests-1] DEBUG BaseClass - This is a Debug Message
2025-10-24 11:31:37 [TestNG-tests-1] WARN  BaseClass - This is a Warn message
2025-10-24 11:31:37 [TestNG-tests-1] INFO  ActionDriver - WebDriver instance is created.
2025-10-24 11:31:37 [TestNG-tests-1] INFO  BaseClass - ActionDriver initialized for thread: 32
2025-10-24 11:31:38 [TestNG-tests-1] INFO  ActionDriver - Entered text on Element with name: username-->admin
2025-10-24 11:31:38 [TestNG-tests-1] INFO  ActionDriver - Entered text on Element with name: password-->admin123
2025-10-24 11:31:38 [TestNG-tests-1] INFO  ActionDriver - clicked an element--> Element with text: Login
2025-10-24 11:31:40 [TestNG-tests-1] INFO  ActionDriver - Element is displayed Element with text: Admin
2025-10-24 11:31:40 [TestNG-tests-1] INFO  ActionDriver - clicked an element--> Element with text: manda user
2025-10-24 11:31:42 [TestNG-tests-1] INFO  ActionDriver - clicked an element--> Element with text: Logout
2025-10-24 11:31:44 [TestNG-tests-1] INFO  BaseClass - WebDriver instance is closed.
2025-10-24 11:31:45 [TestNG-tests-1] INFO  BaseClass - ChromeDriver Instance is created.
2025-10-24 11:31:50 [TestNG-tests-1] INFO  BaseClass - WebDriver initialized and Browser maximized
2025-10-24 11:31:50 [TestNG-tests-1] TRACE BaseClass - This is a Trace message
2025-10-24 11:31:50 [TestNG-tests-1] DEBUG BaseClass - This is a Debug Message
2025-10-24 11:31:50 [TestNG-tests-1] WARN  BaseClass - This is a Warn message
2025-10-24 11:31:50 [TestNG-tests-1] INFO  ActionDriver - WebDriver instance is created.
2025-10-24 11:31:50 [TestNG-tests-1] INFO  BaseClass - ActionDriver initialized for thread: 32
2025-10-24 11:31:50 [TestNG-tests-1] INFO  ActionDriver - Entered text on Element with name: username-->Admin
2025-10-24 11:31:51 [TestNG-tests-1] INFO  ActionDriver - Entered text on Element with name: password-->admin123
2025-10-24 11:31:51 [TestNG-tests-1] INFO  ActionDriver - clicked an element--> Element with text: Login
2025-10-24 11:31:52 [TestNG-tests-1] INFO  ActionDriver - Element is displayed Unable to describe the element
2025-10-24 11:31:53 [TestNG-tests-1] INFO  BaseClass - WebDriver instance is closed.
2025-10-24 11:35:21 [main] INFO  BaseClass - config.properties file loaded
2025-10-24 11:35:25 [TestNG-test-OrangeHRMTest-1] INFO  BaseClass - ChromeDriver Instance is created.
2025-10-24 11:35:25 [TestNG-test-OrangeHRMTest-2] INFO  BaseClass - ChromeDriver Instance is created.
2025-10-24 11:35:25 [TestNG-test-OrangeHRMTest-3] INFO  BaseClass - ChromeDriver Instance is created.
2025-10-24 11:35:28 [TestNG-test-OrangeHRMTest-1] INFO  BaseClass - WebDriver initialized and Browser maximized
2025-10-24 11:35:28 [TestNG-test-OrangeHRMTest-1] TRACE BaseClass - This is a Trace message
2025-10-24 11:35:28 [TestNG-test-OrangeHRMTest-1] DEBUG BaseClass - This is a Debug Message
2025-10-24 11:35:28 [TestNG-test-OrangeHRMTest-1] WARN  BaseClass - This is a Warn message
2025-10-24 11:35:28 [TestNG-test-OrangeHRMTest-1] INFO  ActionDriver - WebDriver instance is created.
2025-10-24 11:35:28 [TestNG-test-OrangeHRMTest-1] INFO  BaseClass - ActionDriver initialized for thread: 32
2025-10-24 11:35:29 [TestNG-test-OrangeHRMTest-1] INFO  BaseClass - WebDriver instance is closed.
2025-10-24 11:35:30 [TestNG-test-OrangeHRMTest-3] INFO  BaseClass - WebDriver initialized and Browser maximized
2025-10-24 11:35:30 [TestNG-test-OrangeHRMTest-3] TRACE BaseClass - This is a Trace message
2025-10-24 11:35:30 [TestNG-test-OrangeHRMTest-3] DEBUG BaseClass - This is a Debug Message
2025-10-24 11:35:30 [TestNG-test-OrangeHRMTest-3] WARN  BaseClass - This is a Warn message
2025-10-24 11:35:30 [TestNG-test-OrangeHRMTest-3] INFO  ActionDriver - WebDriver instance is created.
2025-10-24 11:35:30 [TestNG-test-OrangeHRMTest-3] INFO  BaseClass - ActionDriver initialized for thread: 34
2025-10-24 11:35:31 [TestNG-test-OrangeHRMTest-3] INFO  ActionDriver - Entered text on Element with name: username-->Admin
2025-10-24 11:35:31 [TestNG-test-OrangeHRMTest-2] INFO  BaseClass - WebDriver initialized and Browser maximized
2025-10-24 11:35:31 [TestNG-test-OrangeHRMTest-2] TRACE BaseClass - This is a Trace message
2025-10-24 11:35:31 [TestNG-test-OrangeHRMTest-2] DEBUG BaseClass - This is a Debug Message
2025-10-24 11:35:31 [TestNG-test-OrangeHRMTest-2] WARN  BaseClass - This is a Warn message
2025-10-24 11:35:31 [TestNG-test-OrangeHRMTest-2] INFO  ActionDriver - WebDriver instance is created.
2025-10-24 11:35:31 [TestNG-test-OrangeHRMTest-2] INFO  BaseClass - ActionDriver initialized for thread: 33
2025-10-24 11:35:31 [TestNG-test-OrangeHRMTest-3] INFO  ActionDriver - Entered text on Element with name: password-->admin123
2025-10-24 11:35:31 [TestNG-test-OrangeHRMTest-2] INFO  ActionDriver - Entered text on Element with name: username-->Admin
2025-10-24 11:35:31 [TestNG-test-OrangeHRMTest-3] INFO  ActionDriver - clicked an element--> Element with text: Login
2025-10-24 11:35:31 [TestNG-test-OrangeHRMTest-2] INFO  ActionDriver - Entered text on Element with name: password-->admin
2025-10-24 11:35:32 [TestNG-test-OrangeHRMTest-2] INFO  ActionDriver - clicked an element--> Element with text: Login
2025-10-24 11:35:33 [TestNG-test-OrangeHRMTest-3] INFO  ActionDriver - Element is displayed Unable to describe the element
2025-10-24 11:35:33 [TestNG-test-OrangeHRMTest-2] INFO  ActionDriver - Texts are matching: Invalid credentials equals Invalid credentials
2025-10-24 11:35:33 [TestNG-test-OrangeHRMTest-3] INFO  BaseClass - WebDriver instance is closed.
2025-10-24 11:35:33 [TestNG-test-OrangeHRMTest-2] INFO  BaseClass - WebDriver instance is closed.
2025-10-24 11:35:35 [TestNG-test-OrangeHRMTest-2] INFO  BaseClass - ChromeDriver Instance is created.
2025-10-24 11:35:40 [TestNG-test-OrangeHRMTest-2] INFO  BaseClass - WebDriver initialized and Browser maximized
2025-10-24 11:35:40 [TestNG-test-OrangeHRMTest-2] TRACE BaseClass - This is a Trace message
2025-10-24 11:35:40 [TestNG-test-OrangeHRMTest-2] DEBUG BaseClass - This is a Debug Message
2025-10-24 11:35:40 [TestNG-test-OrangeHRMTest-2] WARN  BaseClass - This is a Warn message
2025-10-24 11:35:40 [TestNG-test-OrangeHRMTest-2] INFO  ActionDriver - WebDriver instance is created.
2025-10-24 11:35:40 [TestNG-test-OrangeHRMTest-2] INFO  BaseClass - ActionDriver initialized for thread: 33
2025-10-24 11:35:40 [TestNG-test-OrangeHRMTest-2] INFO  ActionDriver - Entered text on Element with name: username-->admin
2025-10-24 11:35:40 [TestNG-test-OrangeHRMTest-2] INFO  ActionDriver - Entered text on Element with name: password-->admin123
2025-10-24 11:35:40 [TestNG-test-OrangeHRMTest-2] INFO  ActionDriver - clicked an element--> Element with text: Login
2025-10-24 11:35:42 [TestNG-test-OrangeHRMTest-2] INFO  ActionDriver - Element is displayed Element with text: Admin
2025-10-24 11:35:42 [TestNG-test-OrangeHRMTest-2] INFO  ActionDriver - clicked an element--> Element with text: manda user
2025-10-24 11:35:45 [TestNG-test-OrangeHRMTest-2] INFO  ActionDriver - clicked an element--> Element with text: Logout
2025-10-24 11:35:48 [TestNG-test-OrangeHRMTest-2] INFO  BaseClass - WebDriver instance is closed.
2025-10-24 16:30:58 [main] INFO  BaseClass - config.properties file loaded
2025-10-24 16:31:08 [TestNG-test-OrangeHRMTest-4] INFO  BaseClass - ChromeDriver Instance is created.
2025-10-24 16:31:08 [TestNG-test-OrangeHRMTest-1] INFO  BaseClass - ChromeDriver Instance is created.
2025-10-24 16:31:08 [TestNG-test-OrangeHRMTest-2] INFO  BaseClass - ChromeDriver Instance is created.
2025-10-24 16:31:13 [TestNG-test-OrangeHRMTest-1] INFO  BaseClass - WebDriver initialized and Browser maximized
2025-10-24 16:31:13 [TestNG-test-OrangeHRMTest-1] TRACE BaseClass - This is a Trace message
2025-10-24 16:31:13 [TestNG-test-OrangeHRMTest-1] DEBUG BaseClass - This is a Debug Message
2025-10-24 16:31:13 [TestNG-test-OrangeHRMTest-1] WARN  BaseClass - This is a Warn message
2025-10-24 16:31:13 [TestNG-test-OrangeHRMTest-1] INFO  ActionDriver - WebDriver instance is created.
2025-10-24 16:31:13 [TestNG-test-OrangeHRMTest-1] INFO  BaseClass - ActionDriver initialized for thread: 32
2025-10-24 16:31:13 [TestNG-test-OrangeHRMTest-4] INFO  BaseClass - WebDriver initialized and Browser maximized
2025-10-24 16:31:13 [TestNG-test-OrangeHRMTest-4] TRACE BaseClass - This is a Trace message
2025-10-24 16:31:13 [TestNG-test-OrangeHRMTest-4] DEBUG BaseClass - This is a Debug Message
2025-10-24 16:31:13 [TestNG-test-OrangeHRMTest-4] WARN  BaseClass - This is a Warn message
2025-10-24 16:31:13 [TestNG-test-OrangeHRMTest-4] INFO  ActionDriver - WebDriver instance is created.
2025-10-24 16:31:13 [TestNG-test-OrangeHRMTest-4] INFO  BaseClass - ActionDriver initialized for thread: 35
2025-10-24 16:31:13 [TestNG-test-OrangeHRMTest-2] INFO  BaseClass - WebDriver initialized and Browser maximized
2025-10-24 16:31:13 [TestNG-test-OrangeHRMTest-2] TRACE BaseClass - This is a Trace message
2025-10-24 16:31:13 [TestNG-test-OrangeHRMTest-2] DEBUG BaseClass - This is a Debug Message
2025-10-24 16:31:13 [TestNG-test-OrangeHRMTest-2] WARN  BaseClass - This is a Warn message
2025-10-24 16:31:13 [TestNG-test-OrangeHRMTest-2] INFO  ActionDriver - WebDriver instance is created.
2025-10-24 16:31:13 [TestNG-test-OrangeHRMTest-2] INFO  BaseClass - ActionDriver initialized for thread: 33
2025-10-24 16:31:14 [TestNG-test-OrangeHRMTest-1] INFO  BaseClass - WebDriver instance is closed.
2025-10-24 16:31:15 [TestNG-test-OrangeHRMTest-3] INFO  BaseClass - ChromeDriver Instance is created.
2025-10-24 16:31:18 [TestNG-test-OrangeHRMTest-3] INFO  BaseClass - WebDriver initialized and Browser maximized
2025-10-24 16:31:18 [TestNG-test-OrangeHRMTest-3] TRACE BaseClass - This is a Trace message
2025-10-24 16:31:18 [TestNG-test-OrangeHRMTest-3] DEBUG BaseClass - This is a Debug Message
2025-10-24 16:31:18 [TestNG-test-OrangeHRMTest-3] WARN  BaseClass - This is a Warn message
2025-10-24 16:31:18 [TestNG-test-OrangeHRMTest-3] INFO  ActionDriver - WebDriver instance is created.
2025-10-24 16:31:18 [TestNG-test-OrangeHRMTest-3] INFO  BaseClass - ActionDriver initialized for thread: 34
2025-10-24 16:34:10 [main] INFO  BaseClass - config.properties file loaded
2025-10-24 16:34:13 [TestNG-test-OrangeHRMTest-4] INFO  BaseClass - ChromeDriver Instance is created.
2025-10-24 16:34:14 [TestNG-test-OrangeHRMTest-2] INFO  BaseClass - ChromeDriver Instance is created.
2025-10-24 16:34:14 [TestNG-test-OrangeHRMTest-1] INFO  BaseClass - ChromeDriver Instance is created.
2025-10-24 16:34:17 [TestNG-test-OrangeHRMTest-1] INFO  BaseClass - WebDriver initialized and Browser maximized
2025-10-24 16:34:17 [TestNG-test-OrangeHRMTest-1] TRACE BaseClass - This is a Trace message
2025-10-24 16:34:17 [TestNG-test-OrangeHRMTest-1] DEBUG BaseClass - This is a Debug Message
2025-10-24 16:34:17 [TestNG-test-OrangeHRMTest-1] WARN  BaseClass - This is a Warn message
2025-10-24 16:34:17 [TestNG-test-OrangeHRMTest-1] INFO  ActionDriver - WebDriver instance is created.
2025-10-24 16:34:17 [TestNG-test-OrangeHRMTest-1] INFO  BaseClass - ActionDriver initialized for thread: 32
2025-10-24 16:34:17 [TestNG-test-OrangeHRMTest-1] INFO  BaseClass - WebDriver instance is closed.
2025-10-24 16:34:18 [TestNG-test-OrangeHRMTest-4] INFO  BaseClass - WebDriver initialized and Browser maximized
2025-10-24 16:34:18 [TestNG-test-OrangeHRMTest-4] TRACE BaseClass - This is a Trace message
2025-10-24 16:34:18 [TestNG-test-OrangeHRMTest-4] DEBUG BaseClass - This is a Debug Message
2025-10-24 16:34:18 [TestNG-test-OrangeHRMTest-4] WARN  BaseClass - This is a Warn message
2025-10-24 16:34:18 [TestNG-test-OrangeHRMTest-4] INFO  ActionDriver - WebDriver instance is created.
2025-10-24 16:34:18 [TestNG-test-OrangeHRMTest-4] INFO  BaseClass - ActionDriver initialized for thread: 35
2025-10-24 16:34:19 [TestNG-test-OrangeHRMTest-2] INFO  BaseClass - WebDriver initialized and Browser maximized
2025-10-24 16:34:19 [TestNG-test-OrangeHRMTest-2] TRACE BaseClass - This is a Trace message
2025-10-24 16:34:19 [TestNG-test-OrangeHRMTest-2] DEBUG BaseClass - This is a Debug Message
2025-10-24 16:34:19 [TestNG-test-OrangeHRMTest-2] WARN  BaseClass - This is a Warn message
2025-10-24 16:34:19 [TestNG-test-OrangeHRMTest-2] INFO  ActionDriver - WebDriver instance is created.
2025-10-24 16:34:19 [TestNG-test-OrangeHRMTest-2] INFO  BaseClass - ActionDriver initialized for thread: 33
2025-10-24 16:34:20 [TestNG-test-OrangeHRMTest-3] INFO  BaseClass - ChromeDriver Instance is created.
2025-10-24 16:34:25 [TestNG-test-OrangeHRMTest-3] INFO  BaseClass - WebDriver initialized and Browser maximized
2025-10-24 16:34:25 [TestNG-test-OrangeHRMTest-3] TRACE BaseClass - This is a Trace message
2025-10-24 16:34:25 [TestNG-test-OrangeHRMTest-3] DEBUG BaseClass - This is a Debug Message
2025-10-24 16:34:25 [TestNG-test-OrangeHRMTest-3] WARN  BaseClass - This is a Warn message
2025-10-24 16:34:25 [TestNG-test-OrangeHRMTest-3] INFO  ActionDriver - WebDriver instance is created.
2025-10-24 16:34:25 [TestNG-test-OrangeHRMTest-3] INFO  BaseClass - ActionDriver initialized for thread: 34
2025-10-24 16:37:13 [TestNG-test-OrangeHRMTest-4] INFO  ActionDriver - Element is displayed Unable to describe the element
2025-10-24 16:37:24 [TestNG-test-OrangeHRMTest-4] INFO  BaseClass - WebDriver instance is closed.
2025-10-24 16:37:29 [TestNG-test-OrangeHRMTest-2] INFO  BaseClass - WebDriver instance is closed.
2025-10-24 16:37:39 [TestNG-test-OrangeHRMTest-3] INFO  ActionDriver - Element is displayed Unable to describe the element
2025-10-24 16:37:49 [TestNG-test-OrangeHRMTest-3] INFO  BaseClass - WebDriver instance is closed.
2025-10-24 16:39:16 [main] INFO  BaseClass - config.properties file loaded
2025-10-24 16:39:20 [TestNG-test-OrangeHRMTest-3] INFO  BaseClass - ChromeDriver Instance is created.
2025-10-24 16:39:20 [TestNG-test-OrangeHRMTest-2] INFO  BaseClass - ChromeDriver Instance is created.
2025-10-24 16:39:20 [TestNG-test-OrangeHRMTest-1] INFO  BaseClass - ChromeDriver Instance is created.
2025-10-24 16:39:25 [TestNG-test-OrangeHRMTest-3] INFO  BaseClass - WebDriver initialized and Browser maximized
2025-10-24 16:39:25 [TestNG-test-OrangeHRMTest-3] TRACE BaseClass - This is a Trace message
2025-10-24 16:39:25 [TestNG-test-OrangeHRMTest-3] DEBUG BaseClass - This is a Debug Message
2025-10-24 16:39:25 [TestNG-test-OrangeHRMTest-3] WARN  BaseClass - This is a Warn message
2025-10-24 16:39:25 [TestNG-test-OrangeHRMTest-3] INFO  ActionDriver - WebDriver instance is created.
2025-10-24 16:39:25 [TestNG-test-OrangeHRMTest-3] INFO  BaseClass - ActionDriver initialized for thread: 34
2025-10-24 16:39:25 [TestNG-test-OrangeHRMTest-1] INFO  BaseClass - WebDriver initialized and Browser maximized
2025-10-24 16:39:25 [TestNG-test-OrangeHRMTest-1] TRACE BaseClass - This is a Trace message
2025-10-24 16:39:25 [TestNG-test-OrangeHRMTest-1] DEBUG BaseClass - This is a Debug Message
2025-10-24 16:39:25 [TestNG-test-OrangeHRMTest-1] WARN  BaseClass - This is a Warn message
2025-10-24 16:39:25 [TestNG-test-OrangeHRMTest-1] INFO  ActionDriver - WebDriver instance is created.
2025-10-24 16:39:25 [TestNG-test-OrangeHRMTest-1] INFO  BaseClass - ActionDriver initialized for thread: 32
2025-10-24 16:39:25 [TestNG-test-OrangeHRMTest-2] INFO  BaseClass - WebDriver initialized and Browser maximized
2025-10-24 16:39:25 [TestNG-test-OrangeHRMTest-2] TRACE BaseClass - This is a Trace message
2025-10-24 16:39:25 [TestNG-test-OrangeHRMTest-2] DEBUG BaseClass - This is a Debug Message
2025-10-24 16:39:25 [TestNG-test-OrangeHRMTest-2] WARN  BaseClass - This is a Warn message
2025-10-24 16:39:25 [TestNG-test-OrangeHRMTest-2] INFO  ActionDriver - WebDriver instance is created.
2025-10-24 16:39:25 [TestNG-test-OrangeHRMTest-2] INFO  BaseClass - ActionDriver initialized for thread: 33
2025-10-24 16:39:25 [TestNG-test-OrangeHRMTest-1] INFO  BaseClass - WebDriver instance is closed.
2025-10-24 16:42:40 [main] INFO  BaseClass - config.properties file loaded
2025-10-24 16:42:44 [TestNG-test-OrangeHRMTest-3] INFO  BaseClass - ChromeDriver Instance is created.
2025-10-24 16:42:44 [TestNG-test-OrangeHRMTest-2] INFO  BaseClass - ChromeDriver Instance is created.
2025-10-24 16:42:44 [TestNG-test-OrangeHRMTest-1] INFO  BaseClass - ChromeDriver Instance is created.
2025-10-24 16:42:47 [TestNG-test-OrangeHRMTest-1] INFO  BaseClass - WebDriver initialized and Browser maximized
2025-10-24 16:42:47 [TestNG-test-OrangeHRMTest-1] TRACE BaseClass - This is a Trace message
2025-10-24 16:42:47 [TestNG-test-OrangeHRMTest-1] DEBUG BaseClass - This is a Debug Message
2025-10-24 16:42:47 [TestNG-test-OrangeHRMTest-1] WARN  BaseClass - This is a Warn message
2025-10-24 16:42:47 [TestNG-test-OrangeHRMTest-1] INFO  ActionDriver - WebDriver instance is created.
2025-10-24 16:42:47 [TestNG-test-OrangeHRMTest-1] INFO  BaseClass - ActionDriver initialized for thread: 32
2025-10-24 16:42:47 [TestNG-test-OrangeHRMTest-2] INFO  BaseClass - WebDriver initialized and Browser maximized
2025-10-24 16:42:47 [TestNG-test-OrangeHRMTest-2] TRACE BaseClass - This is a Trace message
2025-10-24 16:42:47 [TestNG-test-OrangeHRMTest-2] DEBUG BaseClass - This is a Debug Message
2025-10-24 16:42:47 [TestNG-test-OrangeHRMTest-2] WARN  BaseClass - This is a Warn message
2025-10-24 16:42:47 [TestNG-test-OrangeHRMTest-2] INFO  ActionDriver - WebDriver instance is created.
2025-10-24 16:42:47 [TestNG-test-OrangeHRMTest-2] INFO  BaseClass - ActionDriver initialized for thread: 33
2025-10-24 16:42:48 [TestNG-test-OrangeHRMTest-1] INFO  BaseClass - WebDriver instance is closed.
2025-10-24 16:42:50 [TestNG-test-OrangeHRMTest-3] INFO  BaseClass - WebDriver initialized and Browser maximized
2025-10-24 16:42:50 [TestNG-test-OrangeHRMTest-3] TRACE BaseClass - This is a Trace message
2025-10-24 16:42:50 [TestNG-test-OrangeHRMTest-3] DEBUG BaseClass - This is a Debug Message
2025-10-24 16:42:50 [TestNG-test-OrangeHRMTest-3] WARN  BaseClass - This is a Warn message
2025-10-24 16:42:50 [TestNG-test-OrangeHRMTest-3] INFO  ActionDriver - WebDriver instance is created.
2025-10-24 16:42:50 [TestNG-test-OrangeHRMTest-3] INFO  BaseClass - ActionDriver initialized for thread: 34
2025-10-24 16:42:50 [TestNG-test-OrangeHRMTest-2] INFO  ActionDriver - Entered text on Element with name: username-->Admin
2025-10-24 16:42:50 [TestNG-test-OrangeHRMTest-3] INFO  ActionDriver - Entered text on Element with name: username-->Admin
2025-10-24 16:42:50 [TestNG-test-OrangeHRMTest-2] INFO  ActionDriver - Entered text on Element with name: password-->admin
2025-10-24 16:42:50 [TestNG-test-OrangeHRMTest-3] INFO  ActionDriver - Entered text on Element with name: password-->admin123
2025-10-24 16:42:51 [TestNG-test-OrangeHRMTest-3] INFO  ActionDriver - clicked an element--> Element with text: Login
2025-10-24 16:42:52 [TestNG-test-OrangeHRMTest-2] INFO  ActionDriver - clicked an element--> Element with text: Login
2025-10-24 16:42:52 [TestNG-test-OrangeHRMTest-2] INFO  ActionDriver - Texts are matching: Invalid credentials equals Invalid credentials
2025-10-24 16:42:52 [TestNG-test-OrangeHRMTest-2] INFO  BaseClass - WebDriver instance is closed.
2025-10-24 16:42:53 [TestNG-test-OrangeHRMTest-3] INFO  ActionDriver - Element is displayed Unable to describe the element
2025-10-24 16:42:53 [TestNG-test-OrangeHRMTest-3] INFO  BaseClass - WebDriver instance is closed.
2025-10-24 16:42:54 [TestNG-test-OrangeHRMTest-2] INFO  BaseClass - ChromeDriver Instance is created.
2025-10-24 16:42:57 [TestNG-test-OrangeHRMTest-2] INFO  BaseClass - WebDriver initialized and Browser maximized
2025-10-24 16:42:57 [TestNG-test-OrangeHRMTest-2] TRACE BaseClass - This is a Trace message
2025-10-24 16:42:57 [TestNG-test-OrangeHRMTest-2] DEBUG BaseClass - This is a Debug Message
2025-10-24 16:42:57 [TestNG-test-OrangeHRMTest-2] WARN  BaseClass - This is a Warn message
2025-10-24 16:42:57 [TestNG-test-OrangeHRMTest-2] INFO  ActionDriver - WebDriver instance is created.
2025-10-24 16:42:57 [TestNG-test-OrangeHRMTest-2] INFO  BaseClass - ActionDriver initialized for thread: 33
2025-10-24 16:43:00 [TestNG-test-OrangeHRMTest-2] INFO  ActionDriver - Entered text on Element with name: username-->admin
2025-10-24 16:43:00 [TestNG-test-OrangeHRMTest-2] INFO  ActionDriver - Entered text on Element with name: password-->admin123
2025-10-24 16:43:00 [TestNG-test-OrangeHRMTest-2] INFO  ActionDriver - clicked an element--> Element with text: Login
2025-10-24 16:43:02 [TestNG-test-OrangeHRMTest-2] INFO  ActionDriver - Element is displayed Element with text: Admin
2025-10-24 16:43:02 [TestNG-test-OrangeHRMTest-2] INFO  ActionDriver - clicked an element--> Element with text: mAxQnlgUpqame Test LastNameTest
2025-10-24 16:43:06 [TestNG-test-OrangeHRMTest-2] INFO  ActionDriver - clicked an element--> Element with text: Logout
2025-10-24 16:43:08 [TestNG-test-OrangeHRMTest-2] INFO  BaseClass - WebDriver instance is closed.
2025-10-24 18:12:24 [main] INFO  BaseClass - config.properties file loaded
2025-10-24 18:12:33 [TestNG-test-OrangeHRMTest-1] INFO  BaseClass - FirefoxDriver Instance is created.
2025-10-24 18:12:38 [TestNG-test-OrangeHRMTest-2] INFO  BaseClass - FirefoxDriver Instance is created.
2025-10-24 18:12:39 [TestNG-test-OrangeHRMTest-3] INFO  BaseClass - FirefoxDriver Instance is created.
2025-10-24 18:12:39 [TestNG-test-OrangeHRMTest-1] INFO  BaseClass - WebDriver initialized and Browser maximized
2025-10-24 18:12:39 [TestNG-test-OrangeHRMTest-1] TRACE BaseClass - This is a Trace message
2025-10-24 18:12:39 [TestNG-test-OrangeHRMTest-1] DEBUG BaseClass - This is a Debug Message
2025-10-24 18:12:39 [TestNG-test-OrangeHRMTest-1] WARN  BaseClass - This is a Warn message
2025-10-24 18:12:39 [TestNG-test-OrangeHRMTest-1] INFO  ActionDriver - WebDriver instance is created.
2025-10-24 18:12:39 [TestNG-test-OrangeHRMTest-1] INFO  BaseClass - ActionDriver initialized for thread: 32
2025-10-24 18:12:44 [TestNG-test-OrangeHRMTest-1] INFO  BaseClass - WebDriver instance is closed.
2025-10-24 18:12:45 [TestNG-test-OrangeHRMTest-3] INFO  BaseClass - WebDriver initialized and Browser maximized
2025-10-24 18:12:45 [TestNG-test-OrangeHRMTest-3] TRACE BaseClass - This is a Trace message
2025-10-24 18:12:45 [TestNG-test-OrangeHRMTest-3] DEBUG BaseClass - This is a Debug Message
2025-10-24 18:12:45 [TestNG-test-OrangeHRMTest-3] WARN  BaseClass - This is a Warn message
2025-10-24 18:12:45 [TestNG-test-OrangeHRMTest-3] INFO  ActionDriver - WebDriver instance is created.
2025-10-24 18:12:45 [TestNG-test-OrangeHRMTest-3] INFO  BaseClass - ActionDriver initialized for thread: 34
2025-10-24 18:12:45 [TestNG-test-OrangeHRMTest-2] INFO  BaseClass - WebDriver initialized and Browser maximized
2025-10-24 18:12:45 [TestNG-test-OrangeHRMTest-2] TRACE BaseClass - This is a Trace message
2025-10-24 18:12:45 [TestNG-test-OrangeHRMTest-2] DEBUG BaseClass - This is a Debug Message
2025-10-24 18:12:45 [TestNG-test-OrangeHRMTest-2] WARN  BaseClass - This is a Warn message
2025-10-24 18:12:45 [TestNG-test-OrangeHRMTest-2] INFO  ActionDriver - WebDriver instance is created.
2025-10-24 18:12:45 [TestNG-test-OrangeHRMTest-2] INFO  BaseClass - ActionDriver initialized for thread: 33
2025-10-24 18:12:45 [TestNG-test-OrangeHRMTest-3] INFO  ActionDriver - Entered text on Element with name: username-->Admin
2025-10-24 18:12:45 [TestNG-test-OrangeHRMTest-2] INFO  ActionDriver - Entered text on Element with name: username-->Admin
2025-10-24 18:12:46 [TestNG-test-OrangeHRMTest-3] INFO  ActionDriver - Entered text on Element with name: password-->admin123
2025-10-24 18:12:46 [TestNG-test-OrangeHRMTest-2] INFO  ActionDriver - Entered text on Element with name: password-->admin
2025-10-24 18:12:47 [TestNG-test-OrangeHRMTest-3] INFO  ActionDriver - clicked an element--> Element with text: Login
2025-10-24 18:12:47 [TestNG-test-OrangeHRMTest-2] INFO  ActionDriver - clicked an element--> Element with text: Login
2025-10-24 18:12:48 [TestNG-test-OrangeHRMTest-3] INFO  ActionDriver - Element is displayed Unable to describe the element
2025-10-24 18:12:48 [TestNG-test-OrangeHRMTest-2] INFO  ActionDriver - Texts are matching: Invalid credentials equals Invalid credentials
2025-10-24 18:12:50 [TestNG-test-OrangeHRMTest-2] INFO  BaseClass - WebDriver instance is closed.
2025-10-24 18:12:50 [TestNG-test-OrangeHRMTest-3] INFO  BaseClass - WebDriver instance is closed.
2025-10-24 18:12:53 [TestNG-test-OrangeHRMTest-2] INFO  BaseClass - FirefoxDriver Instance is created.
2025-10-24 18:12:59 [TestNG-test-OrangeHRMTest-2] INFO  BaseClass - WebDriver initialized and Browser maximized
2025-10-24 18:12:59 [TestNG-test-OrangeHRMTest-2] TRACE BaseClass - This is a Trace message
2025-10-24 18:12:59 [TestNG-test-OrangeHRMTest-2] DEBUG BaseClass - This is a Debug Message
2025-10-24 18:12:59 [TestNG-test-OrangeHRMTest-2] WARN  BaseClass - This is a Warn message
2025-10-24 18:12:59 [TestNG-test-OrangeHRMTest-2] INFO  ActionDriver - WebDriver instance is created.
2025-10-24 18:12:59 [TestNG-test-OrangeHRMTest-2] INFO  BaseClass - ActionDriver initialized for thread: 33
2025-10-24 18:12:59 [TestNG-test-OrangeHRMTest-2] INFO  ActionDriver - Entered text on Element with name: username-->admin
2025-10-24 18:12:59 [TestNG-test-OrangeHRMTest-2] INFO  ActionDriver - Entered text on Element with name: password-->admin123
2025-10-24 18:13:01 [TestNG-test-OrangeHRMTest-2] INFO  ActionDriver - clicked an element--> Element with text: Login
2025-10-24 18:13:01 [TestNG-test-OrangeHRMTest-2] INFO  ActionDriver - Element is displayed Element with text: Admin
2025-10-24 18:13:02 [TestNG-test-OrangeHRMTest-2] INFO  ActionDriver - clicked an element--> Element with text: akhil NOvkov
2025-10-24 18:13:04 [TestNG-test-OrangeHRMTest-2] INFO  ActionDriver - clicked an element--> Element with class: oxd-userdropdown-link
2025-10-24 18:13:07 [TestNG-test-OrangeHRMTest-2] INFO  BaseClass - WebDriver instance is closed.
2025-10-24 18:15:31 [main] INFO  BaseClass - config.properties file loaded
2025-10-24 18:15:39 [TestNG-test-OrangeHRMTest-2] INFO  BaseClass - EdgeDriver Instance is created.
2025-10-24 18:15:39 [TestNG-test-OrangeHRMTest-3] INFO  BaseClass - EdgeDriver Instance is created.
2025-10-24 18:15:39 [TestNG-test-OrangeHRMTest-1] INFO  BaseClass - EdgeDriver Instance is created.
2025-10-24 18:15:44 [TestNG-test-OrangeHRMTest-1] INFO  BaseClass - WebDriver initialized and Browser maximized
2025-10-24 18:15:44 [TestNG-test-OrangeHRMTest-1] TRACE BaseClass - This is a Trace message
2025-10-24 18:15:44 [TestNG-test-OrangeHRMTest-1] DEBUG BaseClass - This is a Debug Message
2025-10-24 18:15:44 [TestNG-test-OrangeHRMTest-1] WARN  BaseClass - This is a Warn message
2025-10-24 18:15:44 [TestNG-test-OrangeHRMTest-1] INFO  ActionDriver - WebDriver instance is created.
2025-10-24 18:15:44 [TestNG-test-OrangeHRMTest-1] INFO  BaseClass - ActionDriver initialized for thread: 32
2025-10-24 18:15:45 [TestNG-test-OrangeHRMTest-1] INFO  BaseClass - WebDriver instance is closed.
2025-10-24 18:15:45 [TestNG-test-OrangeHRMTest-2] INFO  BaseClass - WebDriver initialized and Browser maximized
2025-10-24 18:15:45 [TestNG-test-OrangeHRMTest-2] TRACE BaseClass - This is a Trace message
2025-10-24 18:15:45 [TestNG-test-OrangeHRMTest-2] DEBUG BaseClass - This is a Debug Message
2025-10-24 18:15:45 [TestNG-test-OrangeHRMTest-2] WARN  BaseClass - This is a Warn message
2025-10-24 18:15:45 [TestNG-test-OrangeHRMTest-2] INFO  ActionDriver - WebDriver instance is created.
2025-10-24 18:15:45 [TestNG-test-OrangeHRMTest-2] INFO  BaseClass - ActionDriver initialized for thread: 33
2025-10-24 18:15:45 [TestNG-test-OrangeHRMTest-3] INFO  BaseClass - WebDriver initialized and Browser maximized
2025-10-24 18:15:45 [TestNG-test-OrangeHRMTest-3] TRACE BaseClass - This is a Trace message
2025-10-24 18:15:45 [TestNG-test-OrangeHRMTest-3] DEBUG BaseClass - This is a Debug Message
2025-10-24 18:15:45 [TestNG-test-OrangeHRMTest-3] WARN  BaseClass - This is a Warn message
2025-10-24 18:15:45 [TestNG-test-OrangeHRMTest-3] INFO  ActionDriver - WebDriver instance is created.
2025-10-24 18:15:45 [TestNG-test-OrangeHRMTest-3] INFO  BaseClass - ActionDriver initialized for thread: 34
2025-10-24 18:15:46 [TestNG-test-OrangeHRMTest-2] INFO  ActionDriver - Entered text on Element with name: username-->Admin
2025-10-24 18:15:46 [TestNG-test-OrangeHRMTest-3] INFO  ActionDriver - Entered text on Element with name: username-->Admin
2025-10-24 18:15:46 [TestNG-test-OrangeHRMTest-2] INFO  ActionDriver - Entered text on Element with name: password-->admin
2025-10-24 18:15:46 [TestNG-test-OrangeHRMTest-3] INFO  ActionDriver - Entered text on Element with name: password-->admin123
2025-10-24 18:15:47 [TestNG-test-OrangeHRMTest-2] INFO  ActionDriver - clicked an element--> Element with text: Login
2025-10-24 18:15:48 [TestNG-test-OrangeHRMTest-3] INFO  ActionDriver - clicked an element--> Element with text: Login
2025-10-24 18:15:48 [TestNG-test-OrangeHRMTest-2] INFO  ActionDriver - Texts are matching: Invalid credentials equals Invalid credentials
2025-10-24 18:15:49 [TestNG-test-OrangeHRMTest-3] INFO  ActionDriver - Element is displayed Unable to describe the element
2025-10-24 18:15:49 [TestNG-test-OrangeHRMTest-2] INFO  BaseClass - WebDriver instance is closed.
2025-10-24 18:15:49 [TestNG-test-OrangeHRMTest-3] INFO  BaseClass - WebDriver instance is closed.
2025-10-24 18:15:51 [TestNG-test-OrangeHRMTest-2] INFO  BaseClass - EdgeDriver Instance is created.
2025-10-24 18:15:56 [TestNG-test-OrangeHRMTest-2] INFO  BaseClass - WebDriver initialized and Browser maximized
2025-10-24 18:15:56 [TestNG-test-OrangeHRMTest-2] TRACE BaseClass - This is a Trace message
2025-10-24 18:15:56 [TestNG-test-OrangeHRMTest-2] DEBUG BaseClass - This is a Debug Message
2025-10-24 18:15:56 [TestNG-test-OrangeHRMTest-2] WARN  BaseClass - This is a Warn message
2025-10-24 18:15:56 [TestNG-test-OrangeHRMTest-2] INFO  ActionDriver - WebDriver instance is created.
2025-10-24 18:15:56 [TestNG-test-OrangeHRMTest-2] INFO  BaseClass - ActionDriver initialized for thread: 33
2025-10-24 18:15:57 [TestNG-test-OrangeHRMTest-2] INFO  ActionDriver - Entered text on Element with name: username-->admin
2025-10-24 18:15:57 [TestNG-test-OrangeHRMTest-2] INFO  ActionDriver - Entered text on Element with name: password-->admin123
2025-10-24 18:15:58 [TestNG-test-OrangeHRMTest-2] INFO  ActionDriver - clicked an element--> Element with text: Login
2025-10-24 18:15:59 [TestNG-test-OrangeHRMTest-2] INFO  ActionDriver - Element is displayed Element with text: Admin
2025-10-24 18:15:59 [TestNG-test-OrangeHRMTest-2] INFO  ActionDriver - clicked an element--> Element with text: akhil NOvkov
2025-10-24 18:16:00 [TestNG-test-OrangeHRMTest-2] INFO  ActionDriver - clicked an element--> Element with text: Logout
2025-10-24 18:16:03 [TestNG-test-OrangeHRMTest-2] INFO  BaseClass - WebDriver instance is closed.
2025-10-25 10:15:31 [main] INFO  BaseClass - config.properties file loaded
2025-10-25 10:15:38 [TestNG-test-OrangeHRMTest-1] INFO  BaseClass - ChromeDriver Instance is created.
2025-10-25 10:15:38 [TestNG-test-OrangeHRMTest-2] INFO  BaseClass - ChromeDriver Instance is created.
2025-10-25 10:15:38 [TestNG-test-OrangeHRMTest-3] INFO  BaseClass - ChromeDriver Instance is created.
2025-10-25 10:15:57 [TestNG-test-OrangeHRMTest-1] INFO  BaseClass - WebDriver initialized and Browser maximized
2025-10-25 10:15:57 [TestNG-test-OrangeHRMTest-1] TRACE BaseClass - This is a Trace message
2025-10-25 10:15:57 [TestNG-test-OrangeHRMTest-1] DEBUG BaseClass - This is a Debug Message
2025-10-25 10:15:57 [TestNG-test-OrangeHRMTest-1] WARN  BaseClass - This is a Warn message
2025-10-25 10:15:57 [TestNG-test-OrangeHRMTest-1] INFO  ActionDriver - WebDriver instance is created.
2025-10-25 10:15:57 [TestNG-test-OrangeHRMTest-1] INFO  BaseClass - ActionDriver initialized for thread: 33
2025-10-25 10:16:13 [TestNG-test-OrangeHRMTest-3] INFO  BaseClass - WebDriver initialized and Browser maximized
2025-10-25 10:16:13 [TestNG-test-OrangeHRMTest-3] TRACE BaseClass - This is a Trace message
2025-10-25 10:16:13 [TestNG-test-OrangeHRMTest-3] DEBUG BaseClass - This is a Debug Message
2025-10-25 10:16:13 [TestNG-test-OrangeHRMTest-3] WARN  BaseClass - This is a Warn message
2025-10-25 10:16:13 [TestNG-test-OrangeHRMTest-3] INFO  ActionDriver - WebDriver instance is created.
2025-10-25 10:16:13 [TestNG-test-OrangeHRMTest-3] INFO  BaseClass - ActionDriver initialized for thread: 35
2025-10-25 10:16:14 [TestNG-test-OrangeHRMTest-1] INFO  BaseClass - WebDriver instance is closed.
2025-10-25 10:16:16 [TestNG-test-OrangeHRMTest-2] INFO  BaseClass - WebDriver initialized and Browser maximized
2025-10-25 10:16:16 [TestNG-test-OrangeHRMTest-2] TRACE BaseClass - This is a Trace message
2025-10-25 10:16:16 [TestNG-test-OrangeHRMTest-2] DEBUG BaseClass - This is a Debug Message
2025-10-25 10:16:16 [TestNG-test-OrangeHRMTest-2] WARN  BaseClass - This is a Warn message
2025-10-25 10:16:16 [TestNG-test-OrangeHRMTest-2] INFO  ActionDriver - WebDriver instance is created.
2025-10-25 10:16:16 [TestNG-test-OrangeHRMTest-2] INFO  BaseClass - ActionDriver initialized for thread: 34
2025-10-25 10:16:27 [TestNG-test-OrangeHRMTest-3] INFO  ActionDriver - Entered text on Element with name: username-->Admin
2025-10-25 10:16:27 [TestNG-test-OrangeHRMTest-3] INFO  ActionDriver - Entered text on Element with name: password-->admin123
2025-10-25 10:16:31 [TestNG-test-OrangeHRMTest-2] INFO  ActionDriver - Entered text on Element with name: username-->Admin
2025-10-25 10:16:31 [TestNG-test-OrangeHRMTest-2] INFO  ActionDriver - Entered text on Element with name: password-->admin
2025-10-25 10:16:31 [TestNG-test-OrangeHRMTest-2] INFO  ActionDriver - clicked an element--> Element with text: Login
2025-10-25 10:17:13 [TestNG-test-OrangeHRMTest-3] INFO  ActionDriver - clicked an element--> Element with text: Login
2025-10-25 10:17:29 [TestNG-test-OrangeHRMTest-3] INFO  ActionDriver - Element is displayed: Unable to describe the element
2025-10-25 10:17:29 [TestNG-test-OrangeHRMTest-3] INFO  BaseClass - WebDriver instance is closed.
2025-10-25 10:17:32 [TestNG-test-OrangeHRMTest-2] INFO  ActionDriver - Texts are matching: Invalid credentials equals Invalid credentials
2025-10-25 10:17:33 [TestNG-test-OrangeHRMTest-2] INFO  BaseClass - WebDriver instance is closed.
2025-10-25 10:17:34 [TestNG-test-OrangeHRMTest-2] INFO  BaseClass - ChromeDriver Instance is created.
2025-10-25 10:18:08 [TestNG-test-OrangeHRMTest-2] INFO  BaseClass - WebDriver initialized and Browser maximized
2025-10-25 10:18:08 [TestNG-test-OrangeHRMTest-2] TRACE BaseClass - This is a Trace message
2025-10-25 10:18:08 [TestNG-test-OrangeHRMTest-2] DEBUG BaseClass - This is a Debug Message
2025-10-25 10:18:08 [TestNG-test-OrangeHRMTest-2] WARN  BaseClass - This is a Warn message
2025-10-25 10:18:08 [TestNG-test-OrangeHRMTest-2] INFO  ActionDriver - WebDriver instance is created.
2025-10-25 10:18:08 [TestNG-test-OrangeHRMTest-2] INFO  BaseClass - ActionDriver initialized for thread: 34
2025-10-25 10:18:23 [TestNG-test-OrangeHRMTest-2] INFO  ActionDriver - Entered text on Element with name: username-->admin
2025-10-25 10:18:23 [TestNG-test-OrangeHRMTest-2] INFO  ActionDriver - Entered text on Element with name: password-->admin123
2025-10-25 10:19:14 [TestNG-test-OrangeHRMTest-2] INFO  ActionDriver - clicked an element--> Element with text: Login
2025-10-25 10:19:28 [TestNG-test-OrangeHRMTest-2] INFO  ActionDriver - Element is displayed: Element with text: Admin
2025-10-25 10:19:29 [TestNG-test-OrangeHRMTest-2] INFO  ActionDriver - clicked an element--> Element with text: manda user
2025-10-25 10:20:45 [TestNG-test-OrangeHRMTest-2] INFO  ActionDriver - clicked an element--> Element with text: Logout
2025-10-25 10:20:47 [TestNG-test-OrangeHRMTest-2] INFO  BaseClass - WebDriver instance is closed.
2025-10-25 10:49:04 [main] INFO  BaseClass - config.properties file loaded
2025-10-25 10:49:08 [TestNG-test-OrangeHRMTest-3] INFO  BaseClass - ChromeDriver Instance is created.
2025-10-25 10:49:08 [TestNG-test-OrangeHRMTest-2] INFO  BaseClass - ChromeDriver Instance is created.
2025-10-25 10:49:08 [TestNG-test-OrangeHRMTest-1] INFO  BaseClass - ChromeDriver Instance is created.
2025-10-25 10:49:12 [TestNG-test-OrangeHRMTest-1] INFO  BaseClass - WebDriver initialized and Browser maximized
2025-10-25 10:49:12 [TestNG-test-OrangeHRMTest-1] TRACE BaseClass - This is a Trace message
2025-10-25 10:49:12 [TestNG-test-OrangeHRMTest-1] DEBUG BaseClass - This is a Debug Message
2025-10-25 10:49:12 [TestNG-test-OrangeHRMTest-1] WARN  BaseClass - This is a Warn message
2025-10-25 10:49:12 [TestNG-test-OrangeHRMTest-1] INFO  ActionDriver - WebDriver instance is created.
2025-10-25 10:49:12 [TestNG-test-OrangeHRMTest-1] INFO  BaseClass - ActionDriver initialized for thread: 33
2025-10-25 10:49:14 [TestNG-test-OrangeHRMTest-3] INFO  BaseClass - WebDriver initialized and Browser maximized
2025-10-25 10:49:14 [TestNG-test-OrangeHRMTest-3] TRACE BaseClass - This is a Trace message
2025-10-25 10:49:14 [TestNG-test-OrangeHRMTest-1] INFO  BaseClass - WebDriver instance is closed.
2025-10-25 10:49:14 [TestNG-test-OrangeHRMTest-3] DEBUG BaseClass - This is a Debug Message
2025-10-25 10:49:14 [TestNG-test-OrangeHRMTest-3] WARN  BaseClass - This is a Warn message
2025-10-25 10:49:14 [TestNG-test-OrangeHRMTest-3] INFO  ActionDriver - WebDriver instance is created.
2025-10-25 10:49:14 [TestNG-test-OrangeHRMTest-3] INFO  BaseClass - ActionDriver initialized for thread: 35
2025-10-25 10:49:14 [TestNG-test-OrangeHRMTest-2] INFO  BaseClass - WebDriver initialized and Browser maximized
2025-10-25 10:49:14 [TestNG-test-OrangeHRMTest-2] TRACE BaseClass - This is a Trace message
2025-10-25 10:49:14 [TestNG-test-OrangeHRMTest-2] DEBUG BaseClass - This is a Debug Message
2025-10-25 10:49:14 [TestNG-test-OrangeHRMTest-2] WARN  BaseClass - This is a Warn message
2025-10-25 10:49:14 [TestNG-test-OrangeHRMTest-2] INFO  ActionDriver - WebDriver instance is created.
2025-10-25 10:49:14 [TestNG-test-OrangeHRMTest-2] INFO  BaseClass - ActionDriver initialized for thread: 34
2025-10-25 10:49:15 [TestNG-test-OrangeHRMTest-3] INFO  ActionDriver - Entered text on Element with name: username-->Admin
2025-10-25 10:49:15 [TestNG-test-OrangeHRMTest-2] INFO  ActionDriver - Entered text on Element with name: username-->Admin
2025-10-25 10:49:16 [TestNG-test-OrangeHRMTest-3] INFO  ActionDriver - Entered text on Element with name: password-->admin123
2025-10-25 10:49:16 [TestNG-test-OrangeHRMTest-2] INFO  ActionDriver - Entered text on Element with name: password-->admin
2025-10-25 10:49:16 [TestNG-test-OrangeHRMTest-3] INFO  ActionDriver - clicked an element--> Element with text: Login
2025-10-25 10:49:18 [TestNG-test-OrangeHRMTest-2] INFO  ActionDriver - clicked an element--> Element with text: Login
2025-10-25 10:49:18 [TestNG-test-OrangeHRMTest-3] INFO  ActionDriver - Element is displayed: Unable to describe the element
2025-10-25 10:49:18 [TestNG-test-OrangeHRMTest-2] INFO  ActionDriver - Texts are matching: Invalid credentials equals Invalid credentials
2025-10-25 10:49:19 [TestNG-test-OrangeHRMTest-2] INFO  BaseClass - WebDriver instance is closed.
2025-10-25 10:49:19 [TestNG-test-OrangeHRMTest-3] INFO  BaseClass - WebDriver instance is closed.
2025-10-25 10:49:20 [TestNG-test-OrangeHRMTest-2] INFO  BaseClass - ChromeDriver Instance is created.
2025-10-25 10:49:26 [TestNG-test-OrangeHRMTest-2] INFO  BaseClass - WebDriver initialized and Browser maximized
2025-10-25 10:49:26 [TestNG-test-OrangeHRMTest-2] TRACE BaseClass - This is a Trace message
2025-10-25 10:49:26 [TestNG-test-OrangeHRMTest-2] DEBUG BaseClass - This is a Debug Message
2025-10-25 10:49:26 [TestNG-test-OrangeHRMTest-2] WARN  BaseClass - This is a Warn message
2025-10-25 10:49:26 [TestNG-test-OrangeHRMTest-2] INFO  ActionDriver - WebDriver instance is created.
2025-10-25 10:49:26 [TestNG-test-OrangeHRMTest-2] INFO  BaseClass - ActionDriver initialized for thread: 34
2025-10-25 10:49:26 [TestNG-test-OrangeHRMTest-2] INFO  ActionDriver - Entered text on Element with name: username-->admin
2025-10-25 10:49:26 [TestNG-test-OrangeHRMTest-2] INFO  ActionDriver - Entered text on Element with name: password-->admin123
2025-10-25 10:49:26 [TestNG-test-OrangeHRMTest-2] INFO  ActionDriver - clicked an element--> Element with text: Login
2025-10-25 10:49:28 [TestNG-test-OrangeHRMTest-2] INFO  ActionDriver - Element is displayed: Element with text: Admin
2025-10-25 10:49:29 [TestNG-test-OrangeHRMTest-2] INFO  ActionDriver - clicked an element--> Element with text: manda user
2025-10-25 10:49:30 [TestNG-test-OrangeHRMTest-2] INFO  ActionDriver - clicked an element--> Element with text: Logout
2025-10-25 10:49:32 [TestNG-test-OrangeHRMTest-2] INFO  BaseClass - WebDriver instance is closed.
2025-10-25 10:57:19 [main] INFO  BaseClass - config.properties file loaded
2025-10-25 10:57:23 [TestNG-test-OrangeHRMTest-2] INFO  BaseClass - ChromeDriver Instance is created.
2025-10-25 10:57:23 [TestNG-test-OrangeHRMTest-3] INFO  BaseClass - ChromeDriver Instance is created.
2025-10-25 10:57:23 [TestNG-test-OrangeHRMTest-1] INFO  BaseClass - ChromeDriver Instance is created.
2025-10-25 10:57:29 [TestNG-test-OrangeHRMTest-3] INFO  BaseClass - WebDriver initialized and Browser maximized
2025-10-25 10:57:29 [TestNG-test-OrangeHRMTest-3] TRACE BaseClass - This is a Trace message
2025-10-25 10:57:29 [TestNG-test-OrangeHRMTest-3] DEBUG BaseClass - This is a Debug Message
2025-10-25 10:57:29 [TestNG-test-OrangeHRMTest-3] WARN  BaseClass - This is a Warn message
2025-10-25 10:57:29 [TestNG-test-OrangeHRMTest-3] INFO  ActionDriver - WebDriver instance is created.
2025-10-25 10:57:29 [TestNG-test-OrangeHRMTest-3] INFO  BaseClass - ActionDriver initialized for thread: 35
2025-10-25 10:57:29 [TestNG-test-OrangeHRMTest-1] INFO  BaseClass - WebDriver initialized and Browser maximized
2025-10-25 10:57:29 [TestNG-test-OrangeHRMTest-1] TRACE BaseClass - This is a Trace message
2025-10-25 10:57:29 [TestNG-test-OrangeHRMTest-1] DEBUG BaseClass - This is a Debug Message
2025-10-25 10:57:29 [TestNG-test-OrangeHRMTest-1] WARN  BaseClass - This is a Warn message
2025-10-25 10:57:29 [TestNG-test-OrangeHRMTest-1] INFO  ActionDriver - WebDriver instance is created.
2025-10-25 10:57:29 [TestNG-test-OrangeHRMTest-1] INFO  BaseClass - ActionDriver initialized for thread: 33
2025-10-25 10:57:30 [TestNG-test-OrangeHRMTest-1] INFO  BaseClass - WebDriver instance is closed.
2025-10-25 10:57:30 [TestNG-test-OrangeHRMTest-3] INFO  ActionDriver - Entered text on Element with name: username-->Admin
2025-10-25 10:57:30 [TestNG-test-OrangeHRMTest-3] INFO  ActionDriver - Entered text on Element with name: password-->admin123
2025-10-25 10:57:30 [TestNG-test-OrangeHRMTest-2] INFO  BaseClass - WebDriver initialized and Browser maximized
2025-10-25 10:57:30 [TestNG-test-OrangeHRMTest-2] TRACE BaseClass - This is a Trace message
2025-10-25 10:57:30 [TestNG-test-OrangeHRMTest-2] DEBUG BaseClass - This is a Debug Message
2025-10-25 10:57:30 [TestNG-test-OrangeHRMTest-2] WARN  BaseClass - This is a Warn message
2025-10-25 10:57:30 [TestNG-test-OrangeHRMTest-2] INFO  ActionDriver - WebDriver instance is created.
2025-10-25 10:57:30 [TestNG-test-OrangeHRMTest-2] INFO  BaseClass - ActionDriver initialized for thread: 34
2025-10-25 10:57:31 [TestNG-test-OrangeHRMTest-2] INFO  ActionDriver - Entered text on Element with name: username-->Admin
2025-10-25 10:57:31 [TestNG-test-OrangeHRMTest-2] INFO  ActionDriver - Entered text on Element with name: password-->admin
2025-10-25 10:57:32 [TestNG-test-OrangeHRMTest-3] INFO  ActionDriver - clicked an element--> Element with text: Login
2025-10-25 10:57:32 [TestNG-test-OrangeHRMTest-3] INFO  ActionDriver - Element is displayed: Unable to describe the element
2025-10-25 10:57:33 [TestNG-test-OrangeHRMTest-2] INFO  ActionDriver - clicked an element--> Element with text: Login
2025-10-25 10:57:33 [TestNG-test-OrangeHRMTest-3] INFO  BaseClass - WebDriver instance is closed.
2025-10-25 10:57:34 [TestNG-test-OrangeHRMTest-2] INFO  BaseClass - WebDriver instance is closed.
2025-10-25 10:57:35 [TestNG-test-OrangeHRMTest-2] INFO  BaseClass - ChromeDriver Instance is created.
2025-10-25 10:57:40 [TestNG-test-OrangeHRMTest-2] INFO  BaseClass - WebDriver initialized and Browser maximized
2025-10-25 10:57:40 [TestNG-test-OrangeHRMTest-2] TRACE BaseClass - This is a Trace message
2025-10-25 10:57:40 [TestNG-test-OrangeHRMTest-2] DEBUG BaseClass - This is a Debug Message
2025-10-25 10:57:40 [TestNG-test-OrangeHRMTest-2] WARN  BaseClass - This is a Warn message
2025-10-25 10:57:40 [TestNG-test-OrangeHRMTest-2] INFO  ActionDriver - WebDriver instance is created.
2025-10-25 10:57:40 [TestNG-test-OrangeHRMTest-2] INFO  BaseClass - ActionDriver initialized for thread: 34
2025-10-25 10:57:40 [TestNG-test-OrangeHRMTest-2] INFO  ActionDriver - Entered text on Element with name: username-->admin
2025-10-25 10:57:40 [TestNG-test-OrangeHRMTest-2] INFO  ActionDriver - Entered text on Element with name: password-->admin123
2025-10-25 10:57:41 [TestNG-test-OrangeHRMTest-2] INFO  ActionDriver - clicked an element--> Element with text: Login
2025-10-25 10:57:42 [TestNG-test-OrangeHRMTest-2] INFO  ActionDriver - Element is displayed: Element with text: Admin
2025-10-25 10:57:43 [TestNG-test-OrangeHRMTest-2] INFO  ActionDriver - clicked an element--> Element with text: manda user
2025-10-25 10:57:46 [TestNG-test-OrangeHRMTest-2] INFO  ActionDriver - clicked an element--> Element with text: Logout
2025-10-25 10:57:50 [TestNG-test-OrangeHRMTest-2] INFO  BaseClass - WebDriver instance is closed.
2025-10-25 15:08:07 [main] INFO  BaseClass - config.properties file loaded
2025-10-25 15:08:20 [TestNG-test-OrangeHRMTest-3] INFO  BaseClass - ChromeDriver Instance is created.
2025-10-25 15:08:20 [TestNG-test-OrangeHRMTest-1] INFO  BaseClass - ChromeDriver Instance is created.
2025-10-25 15:08:20 [TestNG-test-OrangeHRMTest-2] INFO  BaseClass - ChromeDriver Instance is created.
2025-10-25 15:08:26 [TestNG-test-OrangeHRMTest-3] INFO  BaseClass - WebDriver initialized and Browser maximized
2025-10-25 15:08:26 [TestNG-test-OrangeHRMTest-3] TRACE BaseClass - This is a Trace message
2025-10-25 15:08:26 [TestNG-test-OrangeHRMTest-3] DEBUG BaseClass - This is a Debug Message
2025-10-25 15:08:26 [TestNG-test-OrangeHRMTest-3] WARN  BaseClass - This is a Warn message
2025-10-25 15:08:27 [TestNG-test-OrangeHRMTest-3] INFO  ActionDriver - WebDriver instance is created.
2025-10-25 15:08:27 [TestNG-test-OrangeHRMTest-3] INFO  BaseClass - ActionDriver initialized for thread: 35
2025-10-25 15:08:27 [TestNG-test-OrangeHRMTest-3] INFO  ActionDriver - Entered text on Element with name: username-->Admin
2025-10-25 15:08:27 [TestNG-test-OrangeHRMTest-3] INFO  ActionDriver - Entered text on Element with name: password-->admin123
2025-10-25 15:08:28 [TestNG-test-OrangeHRMTest-2] INFO  BaseClass - WebDriver initialized and Browser maximized
2025-10-25 15:08:28 [TestNG-test-OrangeHRMTest-2] TRACE BaseClass - This is a Trace message
2025-10-25 15:08:28 [TestNG-test-OrangeHRMTest-2] DEBUG BaseClass - This is a Debug Message
2025-10-25 15:08:28 [TestNG-test-OrangeHRMTest-2] WARN  BaseClass - This is a Warn message
2025-10-25 15:08:28 [TestNG-test-OrangeHRMTest-2] INFO  ActionDriver - WebDriver instance is created.
2025-10-25 15:08:28 [TestNG-test-OrangeHRMTest-2] INFO  BaseClass - ActionDriver initialized for thread: 34
2025-10-25 15:08:28 [TestNG-test-OrangeHRMTest-1] INFO  BaseClass - WebDriver initialized and Browser maximized
2025-10-25 15:08:28 [TestNG-test-OrangeHRMTest-1] TRACE BaseClass - This is a Trace message
2025-10-25 15:08:28 [TestNG-test-OrangeHRMTest-1] DEBUG BaseClass - This is a Debug Message
2025-10-25 15:08:28 [TestNG-test-OrangeHRMTest-1] WARN  BaseClass - This is a Warn message
2025-10-25 15:08:28 [TestNG-test-OrangeHRMTest-1] INFO  ActionDriver - WebDriver instance is created.
2025-10-25 15:08:28 [TestNG-test-OrangeHRMTest-1] INFO  BaseClass - ActionDriver initialized for thread: 33
2025-10-25 15:08:29 [TestNG-test-OrangeHRMTest-2] INFO  ActionDriver - Entered text on Element with name: username-->Admin
2025-10-25 15:08:29 [TestNG-test-OrangeHRMTest-1] INFO  BaseClass - WebDriver instance is closed.
2025-10-25 15:08:29 [TestNG-test-OrangeHRMTest-2] INFO  ActionDriver - Entered text on Element with name: password-->admin
2025-10-25 15:08:35 [TestNG-test-OrangeHRMTest-3] INFO  ActionDriver - clicked an element--> Element with text: Login
2025-10-25 15:08:37 [TestNG-test-OrangeHRMTest-3] INFO  ActionDriver - Element is displayed: Unable to describe the element
2025-10-25 15:08:37 [TestNG-test-OrangeHRMTest-2] INFO  ActionDriver - clicked an element--> Element with text: Login
2025-10-25 15:08:38 [TestNG-test-OrangeHRMTest-3] INFO  BaseClass - WebDriver instance is closed.
2025-10-25 15:08:41 [TestNG-test-OrangeHRMTest-2] INFO  BaseClass - WebDriver instance is closed.
2025-10-25 15:08:42 [TestNG-test-OrangeHRMTest-2] INFO  BaseClass - ChromeDriver Instance is created.
2025-10-25 15:08:47 [TestNG-test-OrangeHRMTest-2] INFO  BaseClass - WebDriver initialized and Browser maximized
2025-10-25 15:08:47 [TestNG-test-OrangeHRMTest-2] TRACE BaseClass - This is a Trace message
2025-10-25 15:08:47 [TestNG-test-OrangeHRMTest-2] DEBUG BaseClass - This is a Debug Message
2025-10-25 15:08:47 [TestNG-test-OrangeHRMTest-2] WARN  BaseClass - This is a Warn message
2025-10-25 15:08:47 [TestNG-test-OrangeHRMTest-2] INFO  ActionDriver - WebDriver instance is created.
2025-10-25 15:08:47 [TestNG-test-OrangeHRMTest-2] INFO  BaseClass - ActionDriver initialized for thread: 34
2025-10-25 15:08:48 [TestNG-test-OrangeHRMTest-2] INFO  ActionDriver - Entered text on Element with name: username-->admin
2025-10-25 15:08:48 [TestNG-test-OrangeHRMTest-2] INFO  ActionDriver - Entered text on Element with name: password-->admin123
2025-10-25 15:08:49 [TestNG-test-OrangeHRMTest-2] INFO  ActionDriver - clicked an element--> Element with text: Login
2025-10-25 15:08:58 [TestNG-test-OrangeHRMTest-2] INFO  ActionDriver - Element is displayed: Element with text: Admin
2025-10-25 15:08:58 [TestNG-test-OrangeHRMTest-2] INFO  ActionDriver - clicked an element--> Element with text: tran hung
2025-10-25 15:09:03 [TestNG-test-OrangeHRMTest-2] INFO  ActionDriver - clicked an element--> Element with class: oxd-userdropdown-link
2025-10-25 15:09:06 [TestNG-test-OrangeHRMTest-2] INFO  BaseClass - WebDriver instance is closed.
2025-10-25 16:41:53 [main] INFO  BaseClass - config.properties file loaded
2025-10-25 16:42:01 [TestNG-test-OrangeHRMTest-2] INFO  BaseClass - ChromeDriver Instance is created.
2025-10-25 16:42:01 [TestNG-test-OrangeHRMTest-3] INFO  BaseClass - ChromeDriver Instance is created.
2025-10-25 16:42:01 [TestNG-test-OrangeHRMTest-1] INFO  BaseClass - ChromeDriver Instance is created.
2025-10-25 16:42:04 [TestNG-test-OrangeHRMTest-2] INFO  BaseClass - WebDriver initialized and Browser maximized
2025-10-25 16:42:04 [TestNG-test-OrangeHRMTest-2] TRACE BaseClass - This is a Trace message
2025-10-25 16:42:04 [TestNG-test-OrangeHRMTest-2] DEBUG BaseClass - This is a Debug Message
2025-10-25 16:42:04 [TestNG-test-OrangeHRMTest-2] WARN  BaseClass - This is a Warn message
2025-10-25 16:42:04 [TestNG-test-OrangeHRMTest-2] INFO  ActionDriver - WebDriver instance is created.
2025-10-25 16:42:04 [TestNG-test-OrangeHRMTest-2] INFO  BaseClass - ActionDriver initialized for thread: 34
2025-10-25 16:42:06 [TestNG-test-OrangeHRMTest-2] WARN  ActionDriver - Failed to apply the border to an element: Element with name: username
org.openqa.selenium.JavascriptException: javascript error: Cannot set properties of undefined (setting 'border')
  (Session info: chrome=141.0.7390.123)
Build info: version: '4.37.0', revision: '3c1da1e342'
System info: os.name: 'Windows 11', os.arch: 'amd64', os.version: '10.0', java.version: '24.0.1'
Driver info: org.openqa.selenium.chrome.ChromeDriver
Command: [12a8d3655aa694c810b28dbad805b3aa, executeScript {script=arguments[0].apply.border='3px solid green', args=[{element-6066-11e4-a52e-4f735466cecf=f.4C19306E5F3F954DC370C22D06BC9249.d.B362AACB2EE18C3F5D3A8919E328874C.e.3}]}]
Capabilities {acceptInsecureCerts: false, browserName: chrome, browserVersion: 141.0.7390.123, chrome: {chromedriverVersion: 141.0.7390.122 (b477534e7e1..., userDataDir: C:\Users\USER\AppData\Local...}, fedcm:accounts: true, goog:chromeOptions: {debuggerAddress: localhost:58508}, networkConnectionEnabled: false, pageLoadStrategy: normal, platformName: windows, proxy: Proxy(), se:cdp: ws://localhost:58508/devtoo..., se:cdpVersion: 141.0.7390.123, setWindowRect: true, strictFileInteractability: false, timeouts: {implicit: 0, pageLoad: 300000, script: 30000}, unhandledPromptBehavior: dismiss and notify, webauthn:extension:credBlob: true, webauthn:extension:largeBlob: true, webauthn:extension:minPinLength: true, webauthn:extension:prf: true, webauthn:virtualAuthenticators: true}
Session ID: 12a8d3655aa694c810b28dbad805b3aa
	at java.base/jdk.internal.reflect.DirectConstructorHandleAccessor.newInstance(DirectConstructorHandleAccessor.java:62)
	at java.base/java.lang.reflect.Constructor.newInstanceWithCaller(Constructor.java:499)
	at java.base/java.lang.reflect.Constructor.newInstance(Constructor.java:483)
	at org.openqa.selenium.remote.ErrorCodec.decode(ErrorCodec.java:167)
	at org.openqa.selenium.remote.codec.w3c.W3CHttpResponseCodec.decode(W3CHttpResponseCodec.java:138)
	at org.openqa.selenium.remote.codec.w3c.W3CHttpResponseCodec.decode(W3CHttpResponseCodec.java:50)
	at org.openqa.selenium.remote.HttpCommandExecutor.execute(HttpCommandExecutor.java:215)
	at org.openqa.selenium.remote.service.DriverCommandExecutor.invokeExecute(DriverCommandExecutor.java:216)
	at org.openqa.selenium.remote.service.DriverCommandExecutor.execute(DriverCommandExecutor.java:174)
	at org.openqa.selenium.remote.RemoteWebDriver.execute(RemoteWebDriver.java:557)
	at org.openqa.selenium.remote.RemoteWebDriver.executeScript(RemoteWebDriver.java:488)
	at com.orangeHRM.actionDriver.ActionDriver.applyBorder(ActionDriver.java:231)
	at com.orangeHRM.actionDriver.ActionDriver.enterText(ActionDriver.java:50)
	at com.orangeHRM.pages.LoginPage.login(LoginPage.java:30)
	at com.orangeHRM.tests.LoginPageTest.invalidLoginTest(LoginPageTest.java:42)
	at java.base/jdk.internal.reflect.DirectMethodHandleAccessor.invoke(DirectMethodHandleAccessor.java:104)
	at java.base/java.lang.reflect.Method.invoke(Method.java:565)
	at org.testng.internal.invokers.MethodInvocationHelper.invokeMethod(MethodInvocationHelper.java:141)
	at org.testng.internal.invokers.TestInvoker.invokeMethod(TestInvoker.java:687)
	at org.testng.internal.invokers.TestInvoker.invokeTestMethod(TestInvoker.java:230)
	at org.testng.internal.invokers.MethodRunner.runInSequence(MethodRunner.java:63)
	at org.testng.internal.invokers.TestInvoker$MethodInvocationAgent.invoke(TestInvoker.java:995)
	at org.testng.internal.invokers.TestInvoker.invokeTestMethods(TestInvoker.java:203)
	at org.testng.internal.invokers.TestMethodWorker.invokeTestMethods(TestMethodWorker.java:154)
	at org.testng.internal.invokers.TestMethodWorker.run(TestMethodWorker.java:134)
	at java.base/java.util.concurrent.Executors$RunnableAdapter.call(Executors.java:545)
	at java.base/java.util.concurrent.FutureTask.run(FutureTask.java:328)
	at org.testng.internal.thread.graph.TestNGFutureTask.run(TestNGFutureTask.java:22)
	at java.base/java.util.concurrent.ThreadPoolExecutor.runWorker(ThreadPoolExecutor.java:1095)
	at java.base/java.util.concurrent.ThreadPoolExecutor$Worker.run(ThreadPoolExecutor.java:619)
	at java.base/java.lang.Thread.run(Thread.java:1447)
2025-10-25 16:42:06 [TestNG-test-OrangeHRMTest-2] INFO  ActionDriver - Entered text on Element with name: username-->Admin
2025-10-25 16:42:06 [TestNG-test-OrangeHRMTest-2] WARN  ActionDriver - Failed to apply the border to an element: Element with name: password
org.openqa.selenium.JavascriptException: javascript error: Cannot set properties of undefined (setting 'border')
  (Session info: chrome=141.0.7390.123)
Build info: version: '4.37.0', revision: '3c1da1e342'
System info: os.name: 'Windows 11', os.arch: 'amd64', os.version: '10.0', java.version: '24.0.1'
Driver info: org.openqa.selenium.chrome.ChromeDriver
Command: [12a8d3655aa694c810b28dbad805b3aa, executeScript {script=arguments[0].apply.border='3px solid green', args=[{element-6066-11e4-a52e-4f735466cecf=f.4C19306E5F3F954DC370C22D06BC9249.d.B362AACB2EE18C3F5D3A8919E328874C.e.4}]}]
Capabilities {acceptInsecureCerts: false, browserName: chrome, browserVersion: 141.0.7390.123, chrome: {chromedriverVersion: 141.0.7390.122 (b477534e7e1..., userDataDir: C:\Users\USER\AppData\Local...}, fedcm:accounts: true, goog:chromeOptions: {debuggerAddress: localhost:58508}, networkConnectionEnabled: false, pageLoadStrategy: normal, platformName: windows, proxy: Proxy(), se:cdp: ws://localhost:58508/devtoo..., se:cdpVersion: 141.0.7390.123, setWindowRect: true, strictFileInteractability: false, timeouts: {implicit: 0, pageLoad: 300000, script: 30000}, unhandledPromptBehavior: dismiss and notify, webauthn:extension:credBlob: true, webauthn:extension:largeBlob: true, webauthn:extension:minPinLength: true, webauthn:extension:prf: true, webauthn:virtualAuthenticators: true}
Session ID: 12a8d3655aa694c810b28dbad805b3aa
	at java.base/jdk.internal.reflect.DirectConstructorHandleAccessor.newInstance(DirectConstructorHandleAccessor.java:62)
	at java.base/java.lang.reflect.Constructor.newInstanceWithCaller(Constructor.java:499)
	at java.base/java.lang.reflect.Constructor.newInstance(Constructor.java:483)
	at org.openqa.selenium.remote.ErrorCodec.decode(ErrorCodec.java:167)
	at org.openqa.selenium.remote.codec.w3c.W3CHttpResponseCodec.decode(W3CHttpResponseCodec.java:138)
	at org.openqa.selenium.remote.codec.w3c.W3CHttpResponseCodec.decode(W3CHttpResponseCodec.java:50)
	at org.openqa.selenium.remote.HttpCommandExecutor.execute(HttpCommandExecutor.java:215)
	at org.openqa.selenium.remote.service.DriverCommandExecutor.invokeExecute(DriverCommandExecutor.java:216)
	at org.openqa.selenium.remote.service.DriverCommandExecutor.execute(DriverCommandExecutor.java:174)
	at org.openqa.selenium.remote.RemoteWebDriver.execute(RemoteWebDriver.java:557)
	at org.openqa.selenium.remote.RemoteWebDriver.executeScript(RemoteWebDriver.java:488)
	at com.orangeHRM.actionDriver.ActionDriver.applyBorder(ActionDriver.java:231)
	at com.orangeHRM.actionDriver.ActionDriver.enterText(ActionDriver.java:50)
	at com.orangeHRM.pages.LoginPage.login(LoginPage.java:31)
	at com.orangeHRM.tests.LoginPageTest.invalidLoginTest(LoginPageTest.java:42)
	at java.base/jdk.internal.reflect.DirectMethodHandleAccessor.invoke(DirectMethodHandleAccessor.java:104)
	at java.base/java.lang.reflect.Method.invoke(Method.java:565)
	at org.testng.internal.invokers.MethodInvocationHelper.invokeMethod(MethodInvocationHelper.java:141)
	at org.testng.internal.invokers.TestInvoker.invokeMethod(TestInvoker.java:687)
	at org.testng.internal.invokers.TestInvoker.invokeTestMethod(TestInvoker.java:230)
	at org.testng.internal.invokers.MethodRunner.runInSequence(MethodRunner.java:63)
	at org.testng.internal.invokers.TestInvoker$MethodInvocationAgent.invoke(TestInvoker.java:995)
	at org.testng.internal.invokers.TestInvoker.invokeTestMethods(TestInvoker.java:203)
	at org.testng.internal.invokers.TestMethodWorker.invokeTestMethods(TestMethodWorker.java:154)
	at org.testng.internal.invokers.TestMethodWorker.run(TestMethodWorker.java:134)
	at java.base/java.util.concurrent.Executors$RunnableAdapter.call(Executors.java:545)
	at java.base/java.util.concurrent.FutureTask.run(FutureTask.java:328)
	at org.testng.internal.thread.graph.TestNGFutureTask.run(TestNGFutureTask.java:22)
	at java.base/java.util.concurrent.ThreadPoolExecutor.runWorker(ThreadPoolExecutor.java:1095)
	at java.base/java.util.concurrent.ThreadPoolExecutor$Worker.run(ThreadPoolExecutor.java:619)
	at java.base/java.lang.Thread.run(Thread.java:1447)
2025-10-25 16:42:06 [TestNG-test-OrangeHRMTest-2] INFO  ActionDriver - Entered text on Element with name: password-->admin
2025-10-25 16:42:06 [TestNG-test-OrangeHRMTest-2] WARN  ActionDriver - Failed to apply the border to an element: Element with text: Login
org.openqa.selenium.JavascriptException: javascript error: Cannot set properties of undefined (setting 'border')
  (Session info: chrome=141.0.7390.123)
Build info: version: '4.37.0', revision: '3c1da1e342'
System info: os.name: 'Windows 11', os.arch: 'amd64', os.version: '10.0', java.version: '24.0.1'
Driver info: org.openqa.selenium.chrome.ChromeDriver
Command: [12a8d3655aa694c810b28dbad805b3aa, executeScript {script=arguments[0].apply.border='3px solid green', args=[{element-6066-11e4-a52e-4f735466cecf=f.4C19306E5F3F954DC370C22D06BC9249.d.B362AACB2EE18C3F5D3A8919E328874C.e.9}]}]
Capabilities {acceptInsecureCerts: false, browserName: chrome, browserVersion: 141.0.7390.123, chrome: {chromedriverVersion: 141.0.7390.122 (b477534e7e1..., userDataDir: C:\Users\USER\AppData\Local...}, fedcm:accounts: true, goog:chromeOptions: {debuggerAddress: localhost:58508}, networkConnectionEnabled: false, pageLoadStrategy: normal, platformName: windows, proxy: Proxy(), se:cdp: ws://localhost:58508/devtoo..., se:cdpVersion: 141.0.7390.123, setWindowRect: true, strictFileInteractability: false, timeouts: {implicit: 0, pageLoad: 300000, script: 30000}, unhandledPromptBehavior: dismiss and notify, webauthn:extension:credBlob: true, webauthn:extension:largeBlob: true, webauthn:extension:minPinLength: true, webauthn:extension:prf: true, webauthn:virtualAuthenticators: true}
Session ID: 12a8d3655aa694c810b28dbad805b3aa
	at java.base/jdk.internal.reflect.DirectConstructorHandleAccessor.newInstance(DirectConstructorHandleAccessor.java:62)
	at java.base/java.lang.reflect.Constructor.newInstanceWithCaller(Constructor.java:499)
	at java.base/java.lang.reflect.Constructor.newInstance(Constructor.java:483)
	at org.openqa.selenium.remote.ErrorCodec.decode(ErrorCodec.java:167)
	at org.openqa.selenium.remote.codec.w3c.W3CHttpResponseCodec.decode(W3CHttpResponseCodec.java:138)
	at org.openqa.selenium.remote.codec.w3c.W3CHttpResponseCodec.decode(W3CHttpResponseCodec.java:50)
	at org.openqa.selenium.remote.HttpCommandExecutor.execute(HttpCommandExecutor.java:215)
	at org.openqa.selenium.remote.service.DriverCommandExecutor.invokeExecute(DriverCommandExecutor.java:216)
	at org.openqa.selenium.remote.service.DriverCommandExecutor.execute(DriverCommandExecutor.java:174)
	at org.openqa.selenium.remote.RemoteWebDriver.execute(RemoteWebDriver.java:557)
	at org.openqa.selenium.remote.RemoteWebDriver.executeScript(RemoteWebDriver.java:488)
	at com.orangeHRM.actionDriver.ActionDriver.applyBorder(ActionDriver.java:231)
	at com.orangeHRM.actionDriver.ActionDriver.click(ActionDriver.java:33)
	at com.orangeHRM.pages.LoginPage.login(LoginPage.java:32)
	at com.orangeHRM.tests.LoginPageTest.invalidLoginTest(LoginPageTest.java:42)
	at java.base/jdk.internal.reflect.DirectMethodHandleAccessor.invoke(DirectMethodHandleAccessor.java:104)
	at java.base/java.lang.reflect.Method.invoke(Method.java:565)
	at org.testng.internal.invokers.MethodInvocationHelper.invokeMethod(MethodInvocationHelper.java:141)
	at org.testng.internal.invokers.TestInvoker.invokeMethod(TestInvoker.java:687)
	at org.testng.internal.invokers.TestInvoker.invokeTestMethod(TestInvoker.java:230)
	at org.testng.internal.invokers.MethodRunner.runInSequence(MethodRunner.java:63)
	at org.testng.internal.invokers.TestInvoker$MethodInvocationAgent.invoke(TestInvoker.java:995)
	at org.testng.internal.invokers.TestInvoker.invokeTestMethods(TestInvoker.java:203)
	at org.testng.internal.invokers.TestMethodWorker.invokeTestMethods(TestMethodWorker.java:154)
	at org.testng.internal.invokers.TestMethodWorker.run(TestMethodWorker.java:134)
	at java.base/java.util.concurrent.Executors$RunnableAdapter.call(Executors.java:545)
	at java.base/java.util.concurrent.FutureTask.run(FutureTask.java:328)
	at org.testng.internal.thread.graph.TestNGFutureTask.run(TestNGFutureTask.java:22)
	at java.base/java.util.concurrent.ThreadPoolExecutor.runWorker(ThreadPoolExecutor.java:1095)
	at java.base/java.util.concurrent.ThreadPoolExecutor$Worker.run(ThreadPoolExecutor.java:619)
	at java.base/java.lang.Thread.run(Thread.java:1447)
2025-10-25 16:42:07 [TestNG-test-OrangeHRMTest-1] INFO  BaseClass - WebDriver initialized and Browser maximized
2025-10-25 16:42:07 [TestNG-test-OrangeHRMTest-1] TRACE BaseClass - This is a Trace message
2025-10-25 16:42:07 [TestNG-test-OrangeHRMTest-1] DEBUG BaseClass - This is a Debug Message
2025-10-25 16:42:07 [TestNG-test-OrangeHRMTest-1] WARN  BaseClass - This is a Warn message
2025-10-25 16:42:07 [TestNG-test-OrangeHRMTest-1] INFO  ActionDriver - WebDriver instance is created.
2025-10-25 16:42:07 [TestNG-test-OrangeHRMTest-1] INFO  BaseClass - ActionDriver initialized for thread: 33
2025-10-25 16:42:07 [TestNG-test-OrangeHRMTest-2] INFO  ActionDriver - clicked an element--> Element with text: Login
2025-10-25 16:42:07 [TestNG-test-OrangeHRMTest-3] INFO  BaseClass - WebDriver initialized and Browser maximized
2025-10-25 16:42:07 [TestNG-test-OrangeHRMTest-3] TRACE BaseClass - This is a Trace message
2025-10-25 16:42:07 [TestNG-test-OrangeHRMTest-3] DEBUG BaseClass - This is a Debug Message
2025-10-25 16:42:07 [TestNG-test-OrangeHRMTest-3] WARN  BaseClass - This is a Warn message
2025-10-25 16:42:07 [TestNG-test-OrangeHRMTest-3] INFO  ActionDriver - WebDriver instance is created.
2025-10-25 16:42:07 [TestNG-test-OrangeHRMTest-3] INFO  BaseClass - ActionDriver initialized for thread: 35
2025-10-25 16:42:07 [TestNG-test-OrangeHRMTest-3] WARN  ActionDriver - Failed to apply the border to an element: Element with name: username
org.openqa.selenium.JavascriptException: javascript error: Cannot set properties of undefined (setting 'border')
  (Session info: chrome=141.0.7390.123)
Build info: version: '4.37.0', revision: '3c1da1e342'
System info: os.name: 'Windows 11', os.arch: 'amd64', os.version: '10.0', java.version: '24.0.1'
Driver info: org.openqa.selenium.chrome.ChromeDriver
Command: [4e489f9bfb3bd08101305500b4f8d165, executeScript {script=arguments[0].apply.border='3px solid green', args=[{element-6066-11e4-a52e-4f735466cecf=f.A4DB0C4E336467531C77E406412FC719.d.BBAA24F02452621FD061391D895E2709.e.3}]}]
Capabilities {acceptInsecureCerts: false, browserName: chrome, browserVersion: 141.0.7390.123, chrome: {chromedriverVersion: 141.0.7390.122 (b477534e7e1..., userDataDir: C:\Users\USER\AppData\Local...}, fedcm:accounts: true, goog:chromeOptions: {debuggerAddress: localhost:58507}, networkConnectionEnabled: false, pageLoadStrategy: normal, platformName: windows, proxy: Proxy(), se:cdp: ws://localhost:58507/devtoo..., se:cdpVersion: 141.0.7390.123, setWindowRect: true, strictFileInteractability: false, timeouts: {implicit: 0, pageLoad: 300000, script: 30000}, unhandledPromptBehavior: dismiss and notify, webauthn:extension:credBlob: true, webauthn:extension:largeBlob: true, webauthn:extension:minPinLength: true, webauthn:extension:prf: true, webauthn:virtualAuthenticators: true}
Session ID: 4e489f9bfb3bd08101305500b4f8d165
	at java.base/jdk.internal.reflect.DirectConstructorHandleAccessor.newInstance(DirectConstructorHandleAccessor.java:62)
	at java.base/java.lang.reflect.Constructor.newInstanceWithCaller(Constructor.java:499)
	at java.base/java.lang.reflect.Constructor.newInstance(Constructor.java:483)
	at org.openqa.selenium.remote.ErrorCodec.decode(ErrorCodec.java:167)
	at org.openqa.selenium.remote.codec.w3c.W3CHttpResponseCodec.decode(W3CHttpResponseCodec.java:138)
	at org.openqa.selenium.remote.codec.w3c.W3CHttpResponseCodec.decode(W3CHttpResponseCodec.java:50)
	at org.openqa.selenium.remote.HttpCommandExecutor.execute(HttpCommandExecutor.java:215)
	at org.openqa.selenium.remote.service.DriverCommandExecutor.invokeExecute(DriverCommandExecutor.java:216)
	at org.openqa.selenium.remote.service.DriverCommandExecutor.execute(DriverCommandExecutor.java:174)
	at org.openqa.selenium.remote.RemoteWebDriver.execute(RemoteWebDriver.java:557)
	at org.openqa.selenium.remote.RemoteWebDriver.executeScript(RemoteWebDriver.java:488)
	at com.orangeHRM.actionDriver.ActionDriver.applyBorder(ActionDriver.java:231)
	at com.orangeHRM.actionDriver.ActionDriver.enterText(ActionDriver.java:50)
	at com.orangeHRM.pages.LoginPage.login(LoginPage.java:30)
	at com.orangeHRM.tests.HomePageTest.verifyOrangeHRMlogo(HomePageTest.java:27)
	at java.base/jdk.internal.reflect.DirectMethodHandleAccessor.invoke(DirectMethodHandleAccessor.java:104)
	at java.base/java.lang.reflect.Method.invoke(Method.java:565)
	at org.testng.internal.invokers.MethodInvocationHelper.invokeMethod(MethodInvocationHelper.java:141)
	at org.testng.internal.invokers.TestInvoker.invokeMethod(TestInvoker.java:687)
	at org.testng.internal.invokers.TestInvoker.invokeTestMethod(TestInvoker.java:230)
	at org.testng.internal.invokers.MethodRunner.runInSequence(MethodRunner.java:63)
	at org.testng.internal.invokers.TestInvoker$MethodInvocationAgent.invoke(TestInvoker.java:995)
	at org.testng.internal.invokers.TestInvoker.invokeTestMethods(TestInvoker.java:203)
	at org.testng.internal.invokers.TestMethodWorker.invokeTestMethods(TestMethodWorker.java:154)
	at org.testng.internal.invokers.TestMethodWorker.run(TestMethodWorker.java:134)
	at java.base/java.util.concurrent.Executors$RunnableAdapter.call(Executors.java:545)
	at java.base/java.util.concurrent.FutureTask.run(FutureTask.java:328)
	at org.testng.internal.thread.graph.TestNGFutureTask.run(TestNGFutureTask.java:22)
	at java.base/java.util.concurrent.ThreadPoolExecutor.runWorker(ThreadPoolExecutor.java:1095)
	at java.base/java.util.concurrent.ThreadPoolExecutor$Worker.run(ThreadPoolExecutor.java:619)
	at java.base/java.lang.Thread.run(Thread.java:1447)
2025-10-25 16:42:07 [TestNG-test-OrangeHRMTest-1] INFO  BaseClass - WebDriver instance is closed.
2025-10-25 16:42:07 [TestNG-test-OrangeHRMTest-3] INFO  ActionDriver - Entered text on Element with name: username-->Admin
2025-10-25 16:42:07 [TestNG-test-OrangeHRMTest-3] WARN  ActionDriver - Failed to apply the border to an element: Element with name: password
org.openqa.selenium.JavascriptException: javascript error: Cannot set properties of undefined (setting 'border')
  (Session info: chrome=141.0.7390.123)
Build info: version: '4.37.0', revision: '3c1da1e342'
System info: os.name: 'Windows 11', os.arch: 'amd64', os.version: '10.0', java.version: '24.0.1'
Driver info: org.openqa.selenium.chrome.ChromeDriver
Command: [4e489f9bfb3bd08101305500b4f8d165, executeScript {script=arguments[0].apply.border='3px solid green', args=[{element-6066-11e4-a52e-4f735466cecf=f.A4DB0C4E336467531C77E406412FC719.d.BBAA24F02452621FD061391D895E2709.e.4}]}]
Capabilities {acceptInsecureCerts: false, browserName: chrome, browserVersion: 141.0.7390.123, chrome: {chromedriverVersion: 141.0.7390.122 (b477534e7e1..., userDataDir: C:\Users\USER\AppData\Local...}, fedcm:accounts: true, goog:chromeOptions: {debuggerAddress: localhost:58507}, networkConnectionEnabled: false, pageLoadStrategy: normal, platformName: windows, proxy: Proxy(), se:cdp: ws://localhost:58507/devtoo..., se:cdpVersion: 141.0.7390.123, setWindowRect: true, strictFileInteractability: false, timeouts: {implicit: 0, pageLoad: 300000, script: 30000}, unhandledPromptBehavior: dismiss and notify, webauthn:extension:credBlob: true, webauthn:extension:largeBlob: true, webauthn:extension:minPinLength: true, webauthn:extension:prf: true, webauthn:virtualAuthenticators: true}
Session ID: 4e489f9bfb3bd08101305500b4f8d165
	at java.base/jdk.internal.reflect.DirectConstructorHandleAccessor.newInstance(DirectConstructorHandleAccessor.java:62)
	at java.base/java.lang.reflect.Constructor.newInstanceWithCaller(Constructor.java:499)
	at java.base/java.lang.reflect.Constructor.newInstance(Constructor.java:483)
	at org.openqa.selenium.remote.ErrorCodec.decode(ErrorCodec.java:167)
	at org.openqa.selenium.remote.codec.w3c.W3CHttpResponseCodec.decode(W3CHttpResponseCodec.java:138)
	at org.openqa.selenium.remote.codec.w3c.W3CHttpResponseCodec.decode(W3CHttpResponseCodec.java:50)
	at org.openqa.selenium.remote.HttpCommandExecutor.execute(HttpCommandExecutor.java:215)
	at org.openqa.selenium.remote.service.DriverCommandExecutor.invokeExecute(DriverCommandExecutor.java:216)
	at org.openqa.selenium.remote.service.DriverCommandExecutor.execute(DriverCommandExecutor.java:174)
	at org.openqa.selenium.remote.RemoteWebDriver.execute(RemoteWebDriver.java:557)
	at org.openqa.selenium.remote.RemoteWebDriver.executeScript(RemoteWebDriver.java:488)
	at com.orangeHRM.actionDriver.ActionDriver.applyBorder(ActionDriver.java:231)
	at com.orangeHRM.actionDriver.ActionDriver.enterText(ActionDriver.java:50)
	at com.orangeHRM.pages.LoginPage.login(LoginPage.java:31)
	at com.orangeHRM.tests.HomePageTest.verifyOrangeHRMlogo(HomePageTest.java:27)
	at java.base/jdk.internal.reflect.DirectMethodHandleAccessor.invoke(DirectMethodHandleAccessor.java:104)
	at java.base/java.lang.reflect.Method.invoke(Method.java:565)
	at org.testng.internal.invokers.MethodInvocationHelper.invokeMethod(MethodInvocationHelper.java:141)
	at org.testng.internal.invokers.TestInvoker.invokeMethod(TestInvoker.java:687)
	at org.testng.internal.invokers.TestInvoker.invokeTestMethod(TestInvoker.java:230)
	at org.testng.internal.invokers.MethodRunner.runInSequence(MethodRunner.java:63)
	at org.testng.internal.invokers.TestInvoker$MethodInvocationAgent.invoke(TestInvoker.java:995)
	at org.testng.internal.invokers.TestInvoker.invokeTestMethods(TestInvoker.java:203)
	at org.testng.internal.invokers.TestMethodWorker.invokeTestMethods(TestMethodWorker.java:154)
	at org.testng.internal.invokers.TestMethodWorker.run(TestMethodWorker.java:134)
	at java.base/java.util.concurrent.Executors$RunnableAdapter.call(Executors.java:545)
	at java.base/java.util.concurrent.FutureTask.run(FutureTask.java:328)
	at org.testng.internal.thread.graph.TestNGFutureTask.run(TestNGFutureTask.java:22)
	at java.base/java.util.concurrent.ThreadPoolExecutor.runWorker(ThreadPoolExecutor.java:1095)
	at java.base/java.util.concurrent.ThreadPoolExecutor$Worker.run(ThreadPoolExecutor.java:619)
	at java.base/java.lang.Thread.run(Thread.java:1447)
2025-10-25 16:42:07 [TestNG-test-OrangeHRMTest-3] INFO  ActionDriver - Entered text on Element with name: password-->admin123
2025-10-25 16:42:07 [TestNG-test-OrangeHRMTest-3] WARN  ActionDriver - Failed to apply the border to an element: Element with text: Login
org.openqa.selenium.JavascriptException: javascript error: Cannot set properties of undefined (setting 'border')
  (Session info: chrome=141.0.7390.123)
Build info: version: '4.37.0', revision: '3c1da1e342'
System info: os.name: 'Windows 11', os.arch: 'amd64', os.version: '10.0', java.version: '24.0.1'
Driver info: org.openqa.selenium.chrome.ChromeDriver
Command: [4e489f9bfb3bd08101305500b4f8d165, executeScript {script=arguments[0].apply.border='3px solid green', args=[{element-6066-11e4-a52e-4f735466cecf=f.A4DB0C4E336467531C77E406412FC719.d.BBAA24F02452621FD061391D895E2709.e.8}]}]
Capabilities {acceptInsecureCerts: false, browserName: chrome, browserVersion: 141.0.7390.123, chrome: {chromedriverVersion: 141.0.7390.122 (b477534e7e1..., userDataDir: C:\Users\USER\AppData\Local...}, fedcm:accounts: true, goog:chromeOptions: {debuggerAddress: localhost:58507}, networkConnectionEnabled: false, pageLoadStrategy: normal, platformName: windows, proxy: Proxy(), se:cdp: ws://localhost:58507/devtoo..., se:cdpVersion: 141.0.7390.123, setWindowRect: true, strictFileInteractability: false, timeouts: {implicit: 0, pageLoad: 300000, script: 30000}, unhandledPromptBehavior: dismiss and notify, webauthn:extension:credBlob: true, webauthn:extension:largeBlob: true, webauthn:extension:minPinLength: true, webauthn:extension:prf: true, webauthn:virtualAuthenticators: true}
Session ID: 4e489f9bfb3bd08101305500b4f8d165
	at java.base/jdk.internal.reflect.DirectConstructorHandleAccessor.newInstance(DirectConstructorHandleAccessor.java:62)
	at java.base/java.lang.reflect.Constructor.newInstanceWithCaller(Constructor.java:499)
	at java.base/java.lang.reflect.Constructor.newInstance(Constructor.java:483)
	at org.openqa.selenium.remote.ErrorCodec.decode(ErrorCodec.java:167)
	at org.openqa.selenium.remote.codec.w3c.W3CHttpResponseCodec.decode(W3CHttpResponseCodec.java:138)
	at org.openqa.selenium.remote.codec.w3c.W3CHttpResponseCodec.decode(W3CHttpResponseCodec.java:50)
	at org.openqa.selenium.remote.HttpCommandExecutor.execute(HttpCommandExecutor.java:215)
	at org.openqa.selenium.remote.service.DriverCommandExecutor.invokeExecute(DriverCommandExecutor.java:216)
	at org.openqa.selenium.remote.service.DriverCommandExecutor.execute(DriverCommandExecutor.java:174)
	at org.openqa.selenium.remote.RemoteWebDriver.execute(RemoteWebDriver.java:557)
	at org.openqa.selenium.remote.RemoteWebDriver.executeScript(RemoteWebDriver.java:488)
	at com.orangeHRM.actionDriver.ActionDriver.applyBorder(ActionDriver.java:231)
	at com.orangeHRM.actionDriver.ActionDriver.click(ActionDriver.java:33)
	at com.orangeHRM.pages.LoginPage.login(LoginPage.java:32)
	at com.orangeHRM.tests.HomePageTest.verifyOrangeHRMlogo(HomePageTest.java:27)
	at java.base/jdk.internal.reflect.DirectMethodHandleAccessor.invoke(DirectMethodHandleAccessor.java:104)
	at java.base/java.lang.reflect.Method.invoke(Method.java:565)
	at org.testng.internal.invokers.MethodInvocationHelper.invokeMethod(MethodInvocationHelper.java:141)
	at org.testng.internal.invokers.TestInvoker.invokeMethod(TestInvoker.java:687)
	at org.testng.internal.invokers.TestInvoker.invokeTestMethod(TestInvoker.java:230)
	at org.testng.internal.invokers.MethodRunner.runInSequence(MethodRunner.java:63)
	at org.testng.internal.invokers.TestInvoker$MethodInvocationAgent.invoke(TestInvoker.java:995)
	at org.testng.internal.invokers.TestInvoker.invokeTestMethods(TestInvoker.java:203)
	at org.testng.internal.invokers.TestMethodWorker.invokeTestMethods(TestMethodWorker.java:154)
	at org.testng.internal.invokers.TestMethodWorker.run(TestMethodWorker.java:134)
	at java.base/java.util.concurrent.Executors$RunnableAdapter.call(Executors.java:545)
	at java.base/java.util.concurrent.FutureTask.run(FutureTask.java:328)
	at org.testng.internal.thread.graph.TestNGFutureTask.run(TestNGFutureTask.java:22)
	at java.base/java.util.concurrent.ThreadPoolExecutor.runWorker(ThreadPoolExecutor.java:1095)
	at java.base/java.util.concurrent.ThreadPoolExecutor$Worker.run(ThreadPoolExecutor.java:619)
	at java.base/java.lang.Thread.run(Thread.java:1447)
2025-10-25 16:42:08 [TestNG-test-OrangeHRMTest-3] INFO  ActionDriver - clicked an element--> Element with text: Login
2025-10-25 16:42:08 [TestNG-test-OrangeHRMTest-2] WARN  ActionDriver - Failed to apply the border to an element: Element with text: Invalid credentials
org.openqa.selenium.JavascriptException: javascript error: Cannot set properties of undefined (setting 'border')
  (Session info: chrome=141.0.7390.123)
Build info: version: '4.37.0', revision: '3c1da1e342'
System info: os.name: 'Windows 11', os.arch: 'amd64', os.version: '10.0', java.version: '24.0.1'
Driver info: org.openqa.selenium.chrome.ChromeDriver
Command: [12a8d3655aa694c810b28dbad805b3aa, executeScript {script=arguments[0].apply.border='3px solid red', args=[{element-6066-11e4-a52e-4f735466cecf=f.4C19306E5F3F954DC370C22D06BC9249.d.3449EFC287C7C673505C71A477B94475.e.26}]}]
Capabilities {acceptInsecureCerts: false, browserName: chrome, browserVersion: 141.0.7390.123, chrome: {chromedriverVersion: 141.0.7390.122 (b477534e7e1..., userDataDir: C:\Users\USER\AppData\Local...}, fedcm:accounts: true, goog:chromeOptions: {debuggerAddress: localhost:58508}, networkConnectionEnabled: false, pageLoadStrategy: normal, platformName: windows, proxy: Proxy(), se:cdp: ws://localhost:58508/devtoo..., se:cdpVersion: 141.0.7390.123, setWindowRect: true, strictFileInteractability: false, timeouts: {implicit: 0, pageLoad: 300000, script: 30000}, unhandledPromptBehavior: dismiss and notify, webauthn:extension:credBlob: true, webauthn:extension:largeBlob: true, webauthn:extension:minPinLength: true, webauthn:extension:prf: true, webauthn:virtualAuthenticators: true}
Session ID: 12a8d3655aa694c810b28dbad805b3aa
	at java.base/jdk.internal.reflect.DirectConstructorHandleAccessor.newInstance(DirectConstructorHandleAccessor.java:62)
	at java.base/java.lang.reflect.Constructor.newInstanceWithCaller(Constructor.java:499)
	at java.base/java.lang.reflect.Constructor.newInstance(Constructor.java:483)
	at org.openqa.selenium.remote.ErrorCodec.decode(ErrorCodec.java:167)
	at org.openqa.selenium.remote.codec.w3c.W3CHttpResponseCodec.decode(W3CHttpResponseCodec.java:138)
	at org.openqa.selenium.remote.codec.w3c.W3CHttpResponseCodec.decode(W3CHttpResponseCodec.java:50)
	at org.openqa.selenium.remote.HttpCommandExecutor.execute(HttpCommandExecutor.java:215)
	at org.openqa.selenium.remote.service.DriverCommandExecutor.invokeExecute(DriverCommandExecutor.java:216)
	at org.openqa.selenium.remote.service.DriverCommandExecutor.execute(DriverCommandExecutor.java:174)
	at org.openqa.selenium.remote.RemoteWebDriver.execute(RemoteWebDriver.java:557)
	at org.openqa.selenium.remote.RemoteWebDriver.executeScript(RemoteWebDriver.java:488)
	at com.orangeHRM.actionDriver.ActionDriver.applyBorder(ActionDriver.java:231)
	at com.orangeHRM.actionDriver.ActionDriver.compareText(ActionDriver.java:88)
	at com.orangeHRM.pages.LoginPage.verifyErrorMessage(LoginPage.java:47)
	at com.orangeHRM.tests.LoginPageTest.invalidLoginTest(LoginPageTest.java:44)
	at java.base/jdk.internal.reflect.DirectMethodHandleAccessor.invoke(DirectMethodHandleAccessor.java:104)
	at java.base/java.lang.reflect.Method.invoke(Method.java:565)
	at org.testng.internal.invokers.MethodInvocationHelper.invokeMethod(MethodInvocationHelper.java:141)
	at org.testng.internal.invokers.TestInvoker.invokeMethod(TestInvoker.java:687)
	at org.testng.internal.invokers.TestInvoker.invokeTestMethod(TestInvoker.java:230)
	at org.testng.internal.invokers.MethodRunner.runInSequence(MethodRunner.java:63)
	at org.testng.internal.invokers.TestInvoker$MethodInvocationAgent.invoke(TestInvoker.java:995)
	at org.testng.internal.invokers.TestInvoker.invokeTestMethods(TestInvoker.java:203)
	at org.testng.internal.invokers.TestMethodWorker.invokeTestMethods(TestMethodWorker.java:154)
	at org.testng.internal.invokers.TestMethodWorker.run(TestMethodWorker.java:134)
	at java.base/java.util.concurrent.Executors$RunnableAdapter.call(Executors.java:545)
	at java.base/java.util.concurrent.FutureTask.run(FutureTask.java:328)
	at org.testng.internal.thread.graph.TestNGFutureTask.run(TestNGFutureTask.java:22)
	at java.base/java.util.concurrent.ThreadPoolExecutor.runWorker(ThreadPoolExecutor.java:1095)
	at java.base/java.util.concurrent.ThreadPoolExecutor$Worker.run(ThreadPoolExecutor.java:619)
	at java.base/java.lang.Thread.run(Thread.java:1447)
2025-10-25 16:42:09 [TestNG-test-OrangeHRMTest-2] INFO  BaseClass - WebDriver instance is closed.
2025-10-25 16:42:10 [TestNG-test-OrangeHRMTest-3] WARN  ActionDriver - Failed to apply the border to an element: Unable to describe the element
org.openqa.selenium.JavascriptException: javascript error: Cannot set properties of undefined (setting 'border')
  (Session info: chrome=141.0.7390.123)
Build info: version: '4.37.0', revision: '3c1da1e342'
System info: os.name: 'Windows 11', os.arch: 'amd64', os.version: '10.0', java.version: '24.0.1'
Driver info: org.openqa.selenium.chrome.ChromeDriver
Command: [4e489f9bfb3bd08101305500b4f8d165, executeScript {script=arguments[0].apply.border='3px solid green', args=[{element-6066-11e4-a52e-4f735466cecf=f.A4DB0C4E336467531C77E406412FC719.d.FADFFD7FF87E6FBC6FD06CA72C8A4403.e.26}]}]
Capabilities {acceptInsecureCerts: false, browserName: chrome, browserVersion: 141.0.7390.123, chrome: {chromedriverVersion: 141.0.7390.122 (b477534e7e1..., userDataDir: C:\Users\USER\AppData\Local...}, fedcm:accounts: true, goog:chromeOptions: {debuggerAddress: localhost:58507}, networkConnectionEnabled: false, pageLoadStrategy: normal, platformName: windows, proxy: Proxy(), se:cdp: ws://localhost:58507/devtoo..., se:cdpVersion: 141.0.7390.123, setWindowRect: true, strictFileInteractability: false, timeouts: {implicit: 0, pageLoad: 300000, script: 30000}, unhandledPromptBehavior: dismiss and notify, webauthn:extension:credBlob: true, webauthn:extension:largeBlob: true, webauthn:extension:minPinLength: true, webauthn:extension:prf: true, webauthn:virtualAuthenticators: true}
Session ID: 4e489f9bfb3bd08101305500b4f8d165
	at java.base/jdk.internal.reflect.DirectConstructorHandleAccessor.newInstance(DirectConstructorHandleAccessor.java:62)
	at java.base/java.lang.reflect.Constructor.newInstanceWithCaller(Constructor.java:499)
	at java.base/java.lang.reflect.Constructor.newInstance(Constructor.java:483)
	at org.openqa.selenium.remote.ErrorCodec.decode(ErrorCodec.java:167)
	at org.openqa.selenium.remote.codec.w3c.W3CHttpResponseCodec.decode(W3CHttpResponseCodec.java:138)
	at org.openqa.selenium.remote.codec.w3c.W3CHttpResponseCodec.decode(W3CHttpResponseCodec.java:50)
	at org.openqa.selenium.remote.HttpCommandExecutor.execute(HttpCommandExecutor.java:215)
	at org.openqa.selenium.remote.service.DriverCommandExecutor.invokeExecute(DriverCommandExecutor.java:216)
	at org.openqa.selenium.remote.service.DriverCommandExecutor.execute(DriverCommandExecutor.java:174)
	at org.openqa.selenium.remote.RemoteWebDriver.execute(RemoteWebDriver.java:557)
	at org.openqa.selenium.remote.RemoteWebDriver.executeScript(RemoteWebDriver.java:488)
	at com.orangeHRM.actionDriver.ActionDriver.applyBorder(ActionDriver.java:231)
	at com.orangeHRM.actionDriver.ActionDriver.isDisplayed(ActionDriver.java:122)
	at com.orangeHRM.pages.HomePage.verifyOrangeHRMlogo(HomePage.java:34)
	at com.orangeHRM.tests.HomePageTest.verifyOrangeHRMlogo(HomePageTest.java:29)
	at java.base/jdk.internal.reflect.DirectMethodHandleAccessor.invoke(DirectMethodHandleAccessor.java:104)
	at java.base/java.lang.reflect.Method.invoke(Method.java:565)
	at org.testng.internal.invokers.MethodInvocationHelper.invokeMethod(MethodInvocationHelper.java:141)
	at org.testng.internal.invokers.TestInvoker.invokeMethod(TestInvoker.java:687)
	at org.testng.internal.invokers.TestInvoker.invokeTestMethod(TestInvoker.java:230)
	at org.testng.internal.invokers.MethodRunner.runInSequence(MethodRunner.java:63)
	at org.testng.internal.invokers.TestInvoker$MethodInvocationAgent.invoke(TestInvoker.java:995)
	at org.testng.internal.invokers.TestInvoker.invokeTestMethods(TestInvoker.java:203)
	at org.testng.internal.invokers.TestMethodWorker.invokeTestMethods(TestMethodWorker.java:154)
	at org.testng.internal.invokers.TestMethodWorker.run(TestMethodWorker.java:134)
	at java.base/java.util.concurrent.Executors$RunnableAdapter.call(Executors.java:545)
	at java.base/java.util.concurrent.FutureTask.run(FutureTask.java:328)
	at org.testng.internal.thread.graph.TestNGFutureTask.run(TestNGFutureTask.java:22)
	at java.base/java.util.concurrent.ThreadPoolExecutor.runWorker(ThreadPoolExecutor.java:1095)
	at java.base/java.util.concurrent.ThreadPoolExecutor$Worker.run(ThreadPoolExecutor.java:619)
	at java.base/java.lang.Thread.run(Thread.java:1447)
2025-10-25 16:42:10 [TestNG-test-OrangeHRMTest-3] INFO  ActionDriver - Element is displayed: Unable to describe the element
2025-10-25 16:42:10 [TestNG-test-OrangeHRMTest-2] INFO  BaseClass - ChromeDriver Instance is created.
2025-10-25 16:42:12 [TestNG-test-OrangeHRMTest-3] INFO  BaseClass - WebDriver instance is closed.
2025-10-25 16:42:14 [TestNG-test-OrangeHRMTest-2] INFO  BaseClass - WebDriver initialized and Browser maximized
2025-10-25 16:42:14 [TestNG-test-OrangeHRMTest-2] TRACE BaseClass - This is a Trace message
2025-10-25 16:42:14 [TestNG-test-OrangeHRMTest-2] DEBUG BaseClass - This is a Debug Message
2025-10-25 16:42:14 [TestNG-test-OrangeHRMTest-2] WARN  BaseClass - This is a Warn message
2025-10-25 16:42:14 [TestNG-test-OrangeHRMTest-2] INFO  ActionDriver - WebDriver instance is created.
2025-10-25 16:42:14 [TestNG-test-OrangeHRMTest-2] INFO  BaseClass - ActionDriver initialized for thread: 34
2025-10-25 16:42:15 [TestNG-test-OrangeHRMTest-2] WARN  ActionDriver - Failed to apply the border to an element: Element with name: username
org.openqa.selenium.JavascriptException: javascript error: Cannot set properties of undefined (setting 'border')
  (Session info: chrome=141.0.7390.123)
Build info: version: '4.37.0', revision: '3c1da1e342'
System info: os.name: 'Windows 11', os.arch: 'amd64', os.version: '10.0', java.version: '24.0.1'
Driver info: org.openqa.selenium.chrome.ChromeDriver
Command: [1d5d1c8141c03708801496930f97416a, executeScript {script=arguments[0].apply.border='3px solid green', args=[{element-6066-11e4-a52e-4f735466cecf=f.C1F52370D2B222DC012620D46845BD27.d.E30A36E3EAEDD5285CD8042423B194D5.e.3}]}]
Capabilities {acceptInsecureCerts: false, browserName: chrome, browserVersion: 141.0.7390.123, chrome: {chromedriverVersion: 141.0.7390.122 (b477534e7e1..., userDataDir: C:\Users\USER\AppData\Local...}, fedcm:accounts: true, goog:chromeOptions: {debuggerAddress: localhost:56414}, networkConnectionEnabled: false, pageLoadStrategy: normal, platformName: windows, proxy: Proxy(), se:cdp: ws://localhost:56414/devtoo..., se:cdpVersion: 141.0.7390.123, setWindowRect: true, strictFileInteractability: false, timeouts: {implicit: 0, pageLoad: 300000, script: 30000}, unhandledPromptBehavior: dismiss and notify, webauthn:extension:credBlob: true, webauthn:extension:largeBlob: true, webauthn:extension:minPinLength: true, webauthn:extension:prf: true, webauthn:virtualAuthenticators: true}
Session ID: 1d5d1c8141c03708801496930f97416a
	at java.base/jdk.internal.reflect.DirectConstructorHandleAccessor.newInstance(DirectConstructorHandleAccessor.java:62)
	at java.base/java.lang.reflect.Constructor.newInstanceWithCaller(Constructor.java:499)
	at java.base/java.lang.reflect.Constructor.newInstance(Constructor.java:483)
	at org.openqa.selenium.remote.ErrorCodec.decode(ErrorCodec.java:167)
	at org.openqa.selenium.remote.codec.w3c.W3CHttpResponseCodec.decode(W3CHttpResponseCodec.java:138)
	at org.openqa.selenium.remote.codec.w3c.W3CHttpResponseCodec.decode(W3CHttpResponseCodec.java:50)
	at org.openqa.selenium.remote.HttpCommandExecutor.execute(HttpCommandExecutor.java:215)
	at org.openqa.selenium.remote.service.DriverCommandExecutor.invokeExecute(DriverCommandExecutor.java:216)
	at org.openqa.selenium.remote.service.DriverCommandExecutor.execute(DriverCommandExecutor.java:174)
	at org.openqa.selenium.remote.RemoteWebDriver.execute(RemoteWebDriver.java:557)
	at org.openqa.selenium.remote.RemoteWebDriver.executeScript(RemoteWebDriver.java:488)
	at com.orangeHRM.actionDriver.ActionDriver.applyBorder(ActionDriver.java:231)
	at com.orangeHRM.actionDriver.ActionDriver.enterText(ActionDriver.java:50)
	at com.orangeHRM.pages.LoginPage.login(LoginPage.java:30)
	at com.orangeHRM.tests.LoginPageTest.verifyValidLoginTest(LoginPageTest.java:28)
	at java.base/jdk.internal.reflect.DirectMethodHandleAccessor.invoke(DirectMethodHandleAccessor.java:104)
	at java.base/java.lang.reflect.Method.invoke(Method.java:565)
	at org.testng.internal.invokers.MethodInvocationHelper.invokeMethod(MethodInvocationHelper.java:141)
	at org.testng.internal.invokers.TestInvoker.invokeMethod(TestInvoker.java:687)
	at org.testng.internal.invokers.TestInvoker.invokeTestMethod(TestInvoker.java:230)
	at org.testng.internal.invokers.MethodRunner.runInSequence(MethodRunner.java:63)
	at org.testng.internal.invokers.TestInvoker$MethodInvocationAgent.invoke(TestInvoker.java:995)
	at org.testng.internal.invokers.TestInvoker.invokeTestMethods(TestInvoker.java:203)
	at org.testng.internal.invokers.TestMethodWorker.invokeTestMethods(TestMethodWorker.java:154)
	at org.testng.internal.invokers.TestMethodWorker.run(TestMethodWorker.java:134)
	at java.base/java.util.concurrent.Executors$RunnableAdapter.call(Executors.java:545)
	at java.base/java.util.concurrent.FutureTask.run(FutureTask.java:328)
	at org.testng.internal.thread.graph.TestNGFutureTask.run(TestNGFutureTask.java:22)
	at java.base/java.util.concurrent.ThreadPoolExecutor.runWorker(ThreadPoolExecutor.java:1095)
	at java.base/java.util.concurrent.ThreadPoolExecutor$Worker.run(ThreadPoolExecutor.java:619)
	at java.base/java.lang.Thread.run(Thread.java:1447)
2025-10-25 16:42:15 [TestNG-test-OrangeHRMTest-2] INFO  ActionDriver - Entered text on Element with name: username-->admin
2025-10-25 16:42:15 [TestNG-test-OrangeHRMTest-2] WARN  ActionDriver - Failed to apply the border to an element: Element with name: password
org.openqa.selenium.JavascriptException: javascript error: Cannot set properties of undefined (setting 'border')
  (Session info: chrome=141.0.7390.123)
Build info: version: '4.37.0', revision: '3c1da1e342'
System info: os.name: 'Windows 11', os.arch: 'amd64', os.version: '10.0', java.version: '24.0.1'
Driver info: org.openqa.selenium.chrome.ChromeDriver
Command: [1d5d1c8141c03708801496930f97416a, executeScript {script=arguments[0].apply.border='3px solid green', args=[{element-6066-11e4-a52e-4f735466cecf=f.C1F52370D2B222DC012620D46845BD27.d.E30A36E3EAEDD5285CD8042423B194D5.e.4}]}]
Capabilities {acceptInsecureCerts: false, browserName: chrome, browserVersion: 141.0.7390.123, chrome: {chromedriverVersion: 141.0.7390.122 (b477534e7e1..., userDataDir: C:\Users\USER\AppData\Local...}, fedcm:accounts: true, goog:chromeOptions: {debuggerAddress: localhost:56414}, networkConnectionEnabled: false, pageLoadStrategy: normal, platformName: windows, proxy: Proxy(), se:cdp: ws://localhost:56414/devtoo..., se:cdpVersion: 141.0.7390.123, setWindowRect: true, strictFileInteractability: false, timeouts: {implicit: 0, pageLoad: 300000, script: 30000}, unhandledPromptBehavior: dismiss and notify, webauthn:extension:credBlob: true, webauthn:extension:largeBlob: true, webauthn:extension:minPinLength: true, webauthn:extension:prf: true, webauthn:virtualAuthenticators: true}
Session ID: 1d5d1c8141c03708801496930f97416a
	at java.base/jdk.internal.reflect.DirectConstructorHandleAccessor.newInstance(DirectConstructorHandleAccessor.java:62)
	at java.base/java.lang.reflect.Constructor.newInstanceWithCaller(Constructor.java:499)
	at java.base/java.lang.reflect.Constructor.newInstance(Constructor.java:483)
	at org.openqa.selenium.remote.ErrorCodec.decode(ErrorCodec.java:167)
	at org.openqa.selenium.remote.codec.w3c.W3CHttpResponseCodec.decode(W3CHttpResponseCodec.java:138)
	at org.openqa.selenium.remote.codec.w3c.W3CHttpResponseCodec.decode(W3CHttpResponseCodec.java:50)
	at org.openqa.selenium.remote.HttpCommandExecutor.execute(HttpCommandExecutor.java:215)
	at org.openqa.selenium.remote.service.DriverCommandExecutor.invokeExecute(DriverCommandExecutor.java:216)
	at org.openqa.selenium.remote.service.DriverCommandExecutor.execute(DriverCommandExecutor.java:174)
	at org.openqa.selenium.remote.RemoteWebDriver.execute(RemoteWebDriver.java:557)
	at org.openqa.selenium.remote.RemoteWebDriver.executeScript(RemoteWebDriver.java:488)
	at com.orangeHRM.actionDriver.ActionDriver.applyBorder(ActionDriver.java:231)
	at com.orangeHRM.actionDriver.ActionDriver.enterText(ActionDriver.java:50)
	at com.orangeHRM.pages.LoginPage.login(LoginPage.java:31)
	at com.orangeHRM.tests.LoginPageTest.verifyValidLoginTest(LoginPageTest.java:28)
	at java.base/jdk.internal.reflect.DirectMethodHandleAccessor.invoke(DirectMethodHandleAccessor.java:104)
	at java.base/java.lang.reflect.Method.invoke(Method.java:565)
	at org.testng.internal.invokers.MethodInvocationHelper.invokeMethod(MethodInvocationHelper.java:141)
	at org.testng.internal.invokers.TestInvoker.invokeMethod(TestInvoker.java:687)
	at org.testng.internal.invokers.TestInvoker.invokeTestMethod(TestInvoker.java:230)
	at org.testng.internal.invokers.MethodRunner.runInSequence(MethodRunner.java:63)
	at org.testng.internal.invokers.TestInvoker$MethodInvocationAgent.invoke(TestInvoker.java:995)
	at org.testng.internal.invokers.TestInvoker.invokeTestMethods(TestInvoker.java:203)
	at org.testng.internal.invokers.TestMethodWorker.invokeTestMethods(TestMethodWorker.java:154)
	at org.testng.internal.invokers.TestMethodWorker.run(TestMethodWorker.java:134)
	at java.base/java.util.concurrent.Executors$RunnableAdapter.call(Executors.java:545)
	at java.base/java.util.concurrent.FutureTask.run(FutureTask.java:328)
	at org.testng.internal.thread.graph.TestNGFutureTask.run(TestNGFutureTask.java:22)
	at java.base/java.util.concurrent.ThreadPoolExecutor.runWorker(ThreadPoolExecutor.java:1095)
	at java.base/java.util.concurrent.ThreadPoolExecutor$Worker.run(ThreadPoolExecutor.java:619)
	at java.base/java.lang.Thread.run(Thread.java:1447)
2025-10-25 16:42:15 [TestNG-test-OrangeHRMTest-2] INFO  ActionDriver - Entered text on Element with name: password-->admin123
2025-10-25 16:42:16 [TestNG-test-OrangeHRMTest-2] WARN  ActionDriver - Failed to apply the border to an element: Element with text: Login
org.openqa.selenium.JavascriptException: javascript error: Cannot set properties of undefined (setting 'border')
  (Session info: chrome=141.0.7390.123)
Build info: version: '4.37.0', revision: '3c1da1e342'
System info: os.name: 'Windows 11', os.arch: 'amd64', os.version: '10.0', java.version: '24.0.1'
Driver info: org.openqa.selenium.chrome.ChromeDriver
Command: [1d5d1c8141c03708801496930f97416a, executeScript {script=arguments[0].apply.border='3px solid green', args=[{element-6066-11e4-a52e-4f735466cecf=f.C1F52370D2B222DC012620D46845BD27.d.E30A36E3EAEDD5285CD8042423B194D5.e.9}]}]
Capabilities {acceptInsecureCerts: false, browserName: chrome, browserVersion: 141.0.7390.123, chrome: {chromedriverVersion: 141.0.7390.122 (b477534e7e1..., userDataDir: C:\Users\USER\AppData\Local...}, fedcm:accounts: true, goog:chromeOptions: {debuggerAddress: localhost:56414}, networkConnectionEnabled: false, pageLoadStrategy: normal, platformName: windows, proxy: Proxy(), se:cdp: ws://localhost:56414/devtoo..., se:cdpVersion: 141.0.7390.123, setWindowRect: true, strictFileInteractability: false, timeouts: {implicit: 0, pageLoad: 300000, script: 30000}, unhandledPromptBehavior: dismiss and notify, webauthn:extension:credBlob: true, webauthn:extension:largeBlob: true, webauthn:extension:minPinLength: true, webauthn:extension:prf: true, webauthn:virtualAuthenticators: true}
Session ID: 1d5d1c8141c03708801496930f97416a
	at java.base/jdk.internal.reflect.DirectConstructorHandleAccessor.newInstance(DirectConstructorHandleAccessor.java:62)
	at java.base/java.lang.reflect.Constructor.newInstanceWithCaller(Constructor.java:499)
	at java.base/java.lang.reflect.Constructor.newInstance(Constructor.java:483)
	at org.openqa.selenium.remote.ErrorCodec.decode(ErrorCodec.java:167)
	at org.openqa.selenium.remote.codec.w3c.W3CHttpResponseCodec.decode(W3CHttpResponseCodec.java:138)
	at org.openqa.selenium.remote.codec.w3c.W3CHttpResponseCodec.decode(W3CHttpResponseCodec.java:50)
	at org.openqa.selenium.remote.HttpCommandExecutor.execute(HttpCommandExecutor.java:215)
	at org.openqa.selenium.remote.service.DriverCommandExecutor.invokeExecute(DriverCommandExecutor.java:216)
	at org.openqa.selenium.remote.service.DriverCommandExecutor.execute(DriverCommandExecutor.java:174)
	at org.openqa.selenium.remote.RemoteWebDriver.execute(RemoteWebDriver.java:557)
	at org.openqa.selenium.remote.RemoteWebDriver.executeScript(RemoteWebDriver.java:488)
	at com.orangeHRM.actionDriver.ActionDriver.applyBorder(ActionDriver.java:231)
	at com.orangeHRM.actionDriver.ActionDriver.click(ActionDriver.java:33)
	at com.orangeHRM.pages.LoginPage.login(LoginPage.java:32)
	at com.orangeHRM.tests.LoginPageTest.verifyValidLoginTest(LoginPageTest.java:28)
	at java.base/jdk.internal.reflect.DirectMethodHandleAccessor.invoke(DirectMethodHandleAccessor.java:104)
	at java.base/java.lang.reflect.Method.invoke(Method.java:565)
	at org.testng.internal.invokers.MethodInvocationHelper.invokeMethod(MethodInvocationHelper.java:141)
	at org.testng.internal.invokers.TestInvoker.invokeMethod(TestInvoker.java:687)
	at org.testng.internal.invokers.TestInvoker.invokeTestMethod(TestInvoker.java:230)
	at org.testng.internal.invokers.MethodRunner.runInSequence(MethodRunner.java:63)
	at org.testng.internal.invokers.TestInvoker$MethodInvocationAgent.invoke(TestInvoker.java:995)
	at org.testng.internal.invokers.TestInvoker.invokeTestMethods(TestInvoker.java:203)
	at org.testng.internal.invokers.TestMethodWorker.invokeTestMethods(TestMethodWorker.java:154)
	at org.testng.internal.invokers.TestMethodWorker.run(TestMethodWorker.java:134)
	at java.base/java.util.concurrent.Executors$RunnableAdapter.call(Executors.java:545)
	at java.base/java.util.concurrent.FutureTask.run(FutureTask.java:328)
	at org.testng.internal.thread.graph.TestNGFutureTask.run(TestNGFutureTask.java:22)
	at java.base/java.util.concurrent.ThreadPoolExecutor.runWorker(ThreadPoolExecutor.java:1095)
	at java.base/java.util.concurrent.ThreadPoolExecutor$Worker.run(ThreadPoolExecutor.java:619)
	at java.base/java.lang.Thread.run(Thread.java:1447)
2025-10-25 16:42:16 [TestNG-test-OrangeHRMTest-2] INFO  ActionDriver - clicked an element--> Element with text: Login
2025-10-25 16:42:17 [TestNG-test-OrangeHRMTest-2] WARN  ActionDriver - Failed to apply the border to an element: Element with text: Admin
org.openqa.selenium.JavascriptException: javascript error: Cannot set properties of undefined (setting 'border')
  (Session info: chrome=141.0.7390.123)
Build info: version: '4.37.0', revision: '3c1da1e342'
System info: os.name: 'Windows 11', os.arch: 'amd64', os.version: '10.0', java.version: '24.0.1'
Driver info: org.openqa.selenium.chrome.ChromeDriver
Command: [1d5d1c8141c03708801496930f97416a, executeScript {script=arguments[0].apply.border='3px solid green', args=[{element-6066-11e4-a52e-4f735466cecf=f.C1F52370D2B222DC012620D46845BD27.d.6E5BB52270FEF19A8098B60235B0FF4C.e.27}]}]
Capabilities {acceptInsecureCerts: false, browserName: chrome, browserVersion: 141.0.7390.123, chrome: {chromedriverVersion: 141.0.7390.122 (b477534e7e1..., userDataDir: C:\Users\USER\AppData\Local...}, fedcm:accounts: true, goog:chromeOptions: {debuggerAddress: localhost:56414}, networkConnectionEnabled: false, pageLoadStrategy: normal, platformName: windows, proxy: Proxy(), se:cdp: ws://localhost:56414/devtoo..., se:cdpVersion: 141.0.7390.123, setWindowRect: true, strictFileInteractability: false, timeouts: {implicit: 0, pageLoad: 300000, script: 30000}, unhandledPromptBehavior: dismiss and notify, webauthn:extension:credBlob: true, webauthn:extension:largeBlob: true, webauthn:extension:minPinLength: true, webauthn:extension:prf: true, webauthn:virtualAuthenticators: true}
Session ID: 1d5d1c8141c03708801496930f97416a
	at java.base/jdk.internal.reflect.DirectConstructorHandleAccessor.newInstance(DirectConstructorHandleAccessor.java:62)
	at java.base/java.lang.reflect.Constructor.newInstanceWithCaller(Constructor.java:499)
	at java.base/java.lang.reflect.Constructor.newInstance(Constructor.java:483)
	at org.openqa.selenium.remote.ErrorCodec.decode(ErrorCodec.java:167)
	at org.openqa.selenium.remote.codec.w3c.W3CHttpResponseCodec.decode(W3CHttpResponseCodec.java:138)
	at org.openqa.selenium.remote.codec.w3c.W3CHttpResponseCodec.decode(W3CHttpResponseCodec.java:50)
	at org.openqa.selenium.remote.HttpCommandExecutor.execute(HttpCommandExecutor.java:215)
	at org.openqa.selenium.remote.service.DriverCommandExecutor.invokeExecute(DriverCommandExecutor.java:216)
	at org.openqa.selenium.remote.service.DriverCommandExecutor.execute(DriverCommandExecutor.java:174)
	at org.openqa.selenium.remote.RemoteWebDriver.execute(RemoteWebDriver.java:557)
	at org.openqa.selenium.remote.RemoteWebDriver.executeScript(RemoteWebDriver.java:488)
	at com.orangeHRM.actionDriver.ActionDriver.applyBorder(ActionDriver.java:231)
	at com.orangeHRM.actionDriver.ActionDriver.isDisplayed(ActionDriver.java:122)
	at com.orangeHRM.pages.HomePage.isAdminTabVisible(HomePage.java:30)
	at com.orangeHRM.tests.LoginPageTest.verifyValidLoginTest(LoginPageTest.java:30)
	at java.base/jdk.internal.reflect.DirectMethodHandleAccessor.invoke(DirectMethodHandleAccessor.java:104)
	at java.base/java.lang.reflect.Method.invoke(Method.java:565)
	at org.testng.internal.invokers.MethodInvocationHelper.invokeMethod(MethodInvocationHelper.java:141)
	at org.testng.internal.invokers.TestInvoker.invokeMethod(TestInvoker.java:687)
	at org.testng.internal.invokers.TestInvoker.invokeTestMethod(TestInvoker.java:230)
	at org.testng.internal.invokers.MethodRunner.runInSequence(MethodRunner.java:63)
	at org.testng.internal.invokers.TestInvoker$MethodInvocationAgent.invoke(TestInvoker.java:995)
	at org.testng.internal.invokers.TestInvoker.invokeTestMethods(TestInvoker.java:203)
	at org.testng.internal.invokers.TestMethodWorker.invokeTestMethods(TestMethodWorker.java:154)
	at org.testng.internal.invokers.TestMethodWorker.run(TestMethodWorker.java:134)
	at java.base/java.util.concurrent.Executors$RunnableAdapter.call(Executors.java:545)
	at java.base/java.util.concurrent.FutureTask.run(FutureTask.java:328)
	at org.testng.internal.thread.graph.TestNGFutureTask.run(TestNGFutureTask.java:22)
	at java.base/java.util.concurrent.ThreadPoolExecutor.runWorker(ThreadPoolExecutor.java:1095)
	at java.base/java.util.concurrent.ThreadPoolExecutor$Worker.run(ThreadPoolExecutor.java:619)
	at java.base/java.lang.Thread.run(Thread.java:1447)
2025-10-25 16:42:18 [TestNG-test-OrangeHRMTest-2] INFO  ActionDriver - Element is displayed: Element with text: Admin
2025-10-25 16:42:18 [TestNG-test-OrangeHRMTest-2] WARN  ActionDriver - Failed to apply the border to an element: Element with text: manda user
org.openqa.selenium.JavascriptException: javascript error: Cannot set properties of undefined (setting 'border')
  (Session info: chrome=141.0.7390.123)
Build info: version: '4.37.0', revision: '3c1da1e342'
System info: os.name: 'Windows 11', os.arch: 'amd64', os.version: '10.0', java.version: '24.0.1'
Driver info: org.openqa.selenium.chrome.ChromeDriver
Command: [1d5d1c8141c03708801496930f97416a, executeScript {script=arguments[0].apply.border='3px solid green', args=[{element-6066-11e4-a52e-4f735466cecf=f.C1F52370D2B222DC012620D46845BD27.d.6E5BB52270FEF19A8098B60235B0FF4C.e.30}]}]
Capabilities {acceptInsecureCerts: false, browserName: chrome, browserVersion: 141.0.7390.123, chrome: {chromedriverVersion: 141.0.7390.122 (b477534e7e1..., userDataDir: C:\Users\USER\AppData\Local...}, fedcm:accounts: true, goog:chromeOptions: {debuggerAddress: localhost:56414}, networkConnectionEnabled: false, pageLoadStrategy: normal, platformName: windows, proxy: Proxy(), se:cdp: ws://localhost:56414/devtoo..., se:cdpVersion: 141.0.7390.123, setWindowRect: true, strictFileInteractability: false, timeouts: {implicit: 0, pageLoad: 300000, script: 30000}, unhandledPromptBehavior: dismiss and notify, webauthn:extension:credBlob: true, webauthn:extension:largeBlob: true, webauthn:extension:minPinLength: true, webauthn:extension:prf: true, webauthn:virtualAuthenticators: true}
Session ID: 1d5d1c8141c03708801496930f97416a
	at java.base/jdk.internal.reflect.DirectConstructorHandleAccessor.newInstance(DirectConstructorHandleAccessor.java:62)
	at java.base/java.lang.reflect.Constructor.newInstanceWithCaller(Constructor.java:499)
	at java.base/java.lang.reflect.Constructor.newInstance(Constructor.java:483)
	at org.openqa.selenium.remote.ErrorCodec.decode(ErrorCodec.java:167)
	at org.openqa.selenium.remote.codec.w3c.W3CHttpResponseCodec.decode(W3CHttpResponseCodec.java:138)
	at org.openqa.selenium.remote.codec.w3c.W3CHttpResponseCodec.decode(W3CHttpResponseCodec.java:50)
	at org.openqa.selenium.remote.HttpCommandExecutor.execute(HttpCommandExecutor.java:215)
	at org.openqa.selenium.remote.service.DriverCommandExecutor.invokeExecute(DriverCommandExecutor.java:216)
	at org.openqa.selenium.remote.service.DriverCommandExecutor.execute(DriverCommandExecutor.java:174)
	at org.openqa.selenium.remote.RemoteWebDriver.execute(RemoteWebDriver.java:557)
	at org.openqa.selenium.remote.RemoteWebDriver.executeScript(RemoteWebDriver.java:488)
	at com.orangeHRM.actionDriver.ActionDriver.applyBorder(ActionDriver.java:231)
	at com.orangeHRM.actionDriver.ActionDriver.click(ActionDriver.java:33)
	at com.orangeHRM.pages.HomePage.logout(HomePage.java:39)
	at com.orangeHRM.tests.LoginPageTest.verifyValidLoginTest(LoginPageTest.java:32)
	at java.base/jdk.internal.reflect.DirectMethodHandleAccessor.invoke(DirectMethodHandleAccessor.java:104)
	at java.base/java.lang.reflect.Method.invoke(Method.java:565)
	at org.testng.internal.invokers.MethodInvocationHelper.invokeMethod(MethodInvocationHelper.java:141)
	at org.testng.internal.invokers.TestInvoker.invokeMethod(TestInvoker.java:687)
	at org.testng.internal.invokers.TestInvoker.invokeTestMethod(TestInvoker.java:230)
	at org.testng.internal.invokers.MethodRunner.runInSequence(MethodRunner.java:63)
	at org.testng.internal.invokers.TestInvoker$MethodInvocationAgent.invoke(TestInvoker.java:995)
	at org.testng.internal.invokers.TestInvoker.invokeTestMethods(TestInvoker.java:203)
	at org.testng.internal.invokers.TestMethodWorker.invokeTestMethods(TestMethodWorker.java:154)
	at org.testng.internal.invokers.TestMethodWorker.run(TestMethodWorker.java:134)
	at java.base/java.util.concurrent.Executors$RunnableAdapter.call(Executors.java:545)
	at java.base/java.util.concurrent.FutureTask.run(FutureTask.java:328)
	at org.testng.internal.thread.graph.TestNGFutureTask.run(TestNGFutureTask.java:22)
	at java.base/java.util.concurrent.ThreadPoolExecutor.runWorker(ThreadPoolExecutor.java:1095)
	at java.base/java.util.concurrent.ThreadPoolExecutor$Worker.run(ThreadPoolExecutor.java:619)
	at java.base/java.lang.Thread.run(Thread.java:1447)
2025-10-25 16:42:18 [TestNG-test-OrangeHRMTest-2] INFO  ActionDriver - clicked an element--> Element with text: manda user
2025-10-25 16:42:18 [TestNG-test-OrangeHRMTest-2] WARN  ActionDriver - Failed to apply the border to an element: Element with text: Logout
org.openqa.selenium.JavascriptException: javascript error: Cannot set properties of undefined (setting 'border')
  (Session info: chrome=141.0.7390.123)
Build info: version: '4.37.0', revision: '3c1da1e342'
System info: os.name: 'Windows 11', os.arch: 'amd64', os.version: '10.0', java.version: '24.0.1'
Driver info: org.openqa.selenium.chrome.ChromeDriver
Command: [1d5d1c8141c03708801496930f97416a, executeScript {script=arguments[0].apply.border='3px solid green', args=[{element-6066-11e4-a52e-4f735466cecf=f.C1F52370D2B222DC012620D46845BD27.d.6E5BB52270FEF19A8098B60235B0FF4C.e.31}]}]
Capabilities {acceptInsecureCerts: false, browserName: chrome, browserVersion: 141.0.7390.123, chrome: {chromedriverVersion: 141.0.7390.122 (b477534e7e1..., userDataDir: C:\Users\USER\AppData\Local...}, fedcm:accounts: true, goog:chromeOptions: {debuggerAddress: localhost:56414}, networkConnectionEnabled: false, pageLoadStrategy: normal, platformName: windows, proxy: Proxy(), se:cdp: ws://localhost:56414/devtoo..., se:cdpVersion: 141.0.7390.123, setWindowRect: true, strictFileInteractability: false, timeouts: {implicit: 0, pageLoad: 300000, script: 30000}, unhandledPromptBehavior: dismiss and notify, webauthn:extension:credBlob: true, webauthn:extension:largeBlob: true, webauthn:extension:minPinLength: true, webauthn:extension:prf: true, webauthn:virtualAuthenticators: true}
Session ID: 1d5d1c8141c03708801496930f97416a
	at java.base/jdk.internal.reflect.DirectConstructorHandleAccessor.newInstance(DirectConstructorHandleAccessor.java:62)
	at java.base/java.lang.reflect.Constructor.newInstanceWithCaller(Constructor.java:499)
	at java.base/java.lang.reflect.Constructor.newInstance(Constructor.java:483)
	at org.openqa.selenium.remote.ErrorCodec.decode(ErrorCodec.java:167)
	at org.openqa.selenium.remote.codec.w3c.W3CHttpResponseCodec.decode(W3CHttpResponseCodec.java:138)
	at org.openqa.selenium.remote.codec.w3c.W3CHttpResponseCodec.decode(W3CHttpResponseCodec.java:50)
	at org.openqa.selenium.remote.HttpCommandExecutor.execute(HttpCommandExecutor.java:215)
	at org.openqa.selenium.remote.service.DriverCommandExecutor.invokeExecute(DriverCommandExecutor.java:216)
	at org.openqa.selenium.remote.service.DriverCommandExecutor.execute(DriverCommandExecutor.java:174)
	at org.openqa.selenium.remote.RemoteWebDriver.execute(RemoteWebDriver.java:557)
	at org.openqa.selenium.remote.RemoteWebDriver.executeScript(RemoteWebDriver.java:488)
	at com.orangeHRM.actionDriver.ActionDriver.applyBorder(ActionDriver.java:231)
	at com.orangeHRM.actionDriver.ActionDriver.click(ActionDriver.java:33)
	at com.orangeHRM.pages.HomePage.logout(HomePage.java:40)
	at com.orangeHRM.tests.LoginPageTest.verifyValidLoginTest(LoginPageTest.java:32)
	at java.base/jdk.internal.reflect.DirectMethodHandleAccessor.invoke(DirectMethodHandleAccessor.java:104)
	at java.base/java.lang.reflect.Method.invoke(Method.java:565)
	at org.testng.internal.invokers.MethodInvocationHelper.invokeMethod(MethodInvocationHelper.java:141)
	at org.testng.internal.invokers.TestInvoker.invokeMethod(TestInvoker.java:687)
	at org.testng.internal.invokers.TestInvoker.invokeTestMethod(TestInvoker.java:230)
	at org.testng.internal.invokers.MethodRunner.runInSequence(MethodRunner.java:63)
	at org.testng.internal.invokers.TestInvoker$MethodInvocationAgent.invoke(TestInvoker.java:995)
	at org.testng.internal.invokers.TestInvoker.invokeTestMethods(TestInvoker.java:203)
	at org.testng.internal.invokers.TestMethodWorker.invokeTestMethods(TestMethodWorker.java:154)
	at org.testng.internal.invokers.TestMethodWorker.run(TestMethodWorker.java:134)
	at java.base/java.util.concurrent.Executors$RunnableAdapter.call(Executors.java:545)
	at java.base/java.util.concurrent.FutureTask.run(FutureTask.java:328)
	at org.testng.internal.thread.graph.TestNGFutureTask.run(TestNGFutureTask.java:22)
	at java.base/java.util.concurrent.ThreadPoolExecutor.runWorker(ThreadPoolExecutor.java:1095)
	at java.base/java.util.concurrent.ThreadPoolExecutor$Worker.run(ThreadPoolExecutor.java:619)
	at java.base/java.lang.Thread.run(Thread.java:1447)
2025-10-25 16:42:19 [TestNG-test-OrangeHRMTest-2] INFO  ActionDriver - clicked an element--> Element with class: oxd-userdropdown-link
2025-10-25 16:42:22 [TestNG-test-OrangeHRMTest-2] INFO  BaseClass - WebDriver instance is closed.
2025-10-25 16:45:45 [main] INFO  BaseClass - config.properties file loaded
2025-10-25 16:45:49 [TestNG-test-OrangeHRMTest-3] INFO  BaseClass - ChromeDriver Instance is created.
2025-10-25 16:45:49 [TestNG-test-OrangeHRMTest-2] INFO  BaseClass - ChromeDriver Instance is created.
2025-10-25 16:45:50 [TestNG-test-OrangeHRMTest-1] INFO  BaseClass - ChromeDriver Instance is created.
2025-10-25 16:45:55 [TestNG-test-OrangeHRMTest-2] INFO  BaseClass - WebDriver initialized and Browser maximized
2025-10-25 16:45:55 [TestNG-test-OrangeHRMTest-2] TRACE BaseClass - This is a Trace message
2025-10-25 16:45:55 [TestNG-test-OrangeHRMTest-2] DEBUG BaseClass - This is a Debug Message
2025-10-25 16:45:55 [TestNG-test-OrangeHRMTest-2] WARN  BaseClass - This is a Warn message
2025-10-25 16:45:55 [TestNG-test-OrangeHRMTest-2] INFO  ActionDriver - WebDriver instance is created.
2025-10-25 16:45:55 [TestNG-test-OrangeHRMTest-2] INFO  BaseClass - ActionDriver initialized for thread: 34
2025-10-25 16:45:55 [TestNG-test-OrangeHRMTest-3] INFO  BaseClass - WebDriver initialized and Browser maximized
2025-10-25 16:45:55 [TestNG-test-OrangeHRMTest-3] TRACE BaseClass - This is a Trace message
2025-10-25 16:45:55 [TestNG-test-OrangeHRMTest-3] DEBUG BaseClass - This is a Debug Message
2025-10-25 16:45:55 [TestNG-test-OrangeHRMTest-3] WARN  BaseClass - This is a Warn message
2025-10-25 16:45:55 [TestNG-test-OrangeHRMTest-3] INFO  ActionDriver - WebDriver instance is created.
2025-10-25 16:45:55 [TestNG-test-OrangeHRMTest-3] INFO  BaseClass - ActionDriver initialized for thread: 35
2025-10-25 16:45:55 [TestNG-test-OrangeHRMTest-2] INFO  ActionDriver - Applied the border with color green to element: Element with name: username
2025-10-25 16:45:56 [TestNG-test-OrangeHRMTest-3] INFO  ActionDriver - Applied the border with color green to element: Element with name: username
2025-10-25 16:45:56 [TestNG-test-OrangeHRMTest-2] INFO  ActionDriver - Entered text on Element with name: username-->Admin
2025-10-25 16:45:56 [TestNG-test-OrangeHRMTest-2] INFO  ActionDriver - Applied the border with color green to element: Element with name: password
2025-10-25 16:45:56 [TestNG-test-OrangeHRMTest-3] INFO  ActionDriver - Entered text on Element with name: username-->Admin
2025-10-25 16:45:56 [TestNG-test-OrangeHRMTest-1] INFO  BaseClass - WebDriver initialized and Browser maximized
2025-10-25 16:45:56 [TestNG-test-OrangeHRMTest-1] TRACE BaseClass - This is a Trace message
2025-10-25 16:45:56 [TestNG-test-OrangeHRMTest-1] DEBUG BaseClass - This is a Debug Message
2025-10-25 16:45:56 [TestNG-test-OrangeHRMTest-1] WARN  BaseClass - This is a Warn message
2025-10-25 16:45:56 [TestNG-test-OrangeHRMTest-1] INFO  ActionDriver - WebDriver instance is created.
2025-10-25 16:45:56 [TestNG-test-OrangeHRMTest-1] INFO  BaseClass - ActionDriver initialized for thread: 33
2025-10-25 16:45:56 [TestNG-test-OrangeHRMTest-3] INFO  ActionDriver - Applied the border with color green to element: Element with name: password
2025-10-25 16:45:56 [TestNG-test-OrangeHRMTest-2] INFO  ActionDriver - Entered text on Element with name: password-->admin
2025-10-25 16:45:56 [TestNG-test-OrangeHRMTest-3] INFO  ActionDriver - Entered text on Element with name: password-->admin123
2025-10-25 16:45:56 [TestNG-test-OrangeHRMTest-2] INFO  ActionDriver - Applied the border with color green to element: Element with text: Login
2025-10-25 16:45:57 [TestNG-test-OrangeHRMTest-3] INFO  ActionDriver - Applied the border with color green to element: Element with text: Login
2025-10-25 16:45:57 [TestNG-test-OrangeHRMTest-3] INFO  ActionDriver - clicked an element--> Element with text: Login
2025-10-25 16:45:57 [TestNG-test-OrangeHRMTest-1] INFO  BaseClass - WebDriver instance is closed.
2025-10-25 16:45:58 [TestNG-test-OrangeHRMTest-2] INFO  ActionDriver - clicked an element--> Element with text: Login
2025-10-25 16:45:59 [TestNG-test-OrangeHRMTest-2] INFO  ActionDriver - Applied the border with color red to element: Element with text: Invalid credentials
2025-10-25 16:45:59 [TestNG-test-OrangeHRMTest-3] INFO  ActionDriver - Applied the border with color green to element: Unable to describe the element
2025-10-25 16:45:59 [TestNG-test-OrangeHRMTest-3] INFO  ActionDriver - Element is displayed: Unable to describe the element
2025-10-25 16:46:00 [TestNG-test-OrangeHRMTest-2] INFO  BaseClass - WebDriver instance is closed.
2025-10-25 16:46:01 [TestNG-test-OrangeHRMTest-3] INFO  BaseClass - WebDriver instance is closed.
2025-10-25 16:46:01 [TestNG-test-OrangeHRMTest-2] INFO  BaseClass - ChromeDriver Instance is created.
2025-10-25 16:46:07 [TestNG-test-OrangeHRMTest-2] INFO  BaseClass - WebDriver initialized and Browser maximized
2025-10-25 16:46:07 [TestNG-test-OrangeHRMTest-2] TRACE BaseClass - This is a Trace message
2025-10-25 16:46:07 [TestNG-test-OrangeHRMTest-2] DEBUG BaseClass - This is a Debug Message
2025-10-25 16:46:07 [TestNG-test-OrangeHRMTest-2] WARN  BaseClass - This is a Warn message
2025-10-25 16:46:07 [TestNG-test-OrangeHRMTest-2] INFO  ActionDriver - WebDriver instance is created.
2025-10-25 16:46:07 [TestNG-test-OrangeHRMTest-2] INFO  BaseClass - ActionDriver initialized for thread: 34
2025-10-25 16:46:07 [TestNG-test-OrangeHRMTest-2] INFO  ActionDriver - Applied the border with color green to element: Element with name: username
2025-10-25 16:46:07 [TestNG-test-OrangeHRMTest-2] INFO  ActionDriver - Entered text on Element with name: username-->admin
2025-10-25 16:46:07 [TestNG-test-OrangeHRMTest-2] INFO  ActionDriver - Applied the border with color green to element: Element with name: password
2025-10-25 16:46:07 [TestNG-test-OrangeHRMTest-2] INFO  ActionDriver - Entered text on Element with name: password-->admin123
2025-10-25 16:46:07 [TestNG-test-OrangeHRMTest-2] INFO  ActionDriver - Applied the border with color green to element: Element with text: Login
2025-10-25 16:46:07 [TestNG-test-OrangeHRMTest-2] INFO  ActionDriver - clicked an element--> Element with text: Login
2025-10-25 16:46:09 [TestNG-test-OrangeHRMTest-2] INFO  ActionDriver - Applied the border with color green to element: Element with text: Admin
2025-10-25 16:46:09 [TestNG-test-OrangeHRMTest-2] INFO  ActionDriver - Element is displayed: Element with text: Admin
2025-10-25 16:46:10 [TestNG-test-OrangeHRMTest-2] INFO  ActionDriver - Applied the border with color green to element: Element with text: manda user
2025-10-25 16:46:10 [TestNG-test-OrangeHRMTest-2] INFO  ActionDriver - clicked an element--> Element with text: manda user
2025-10-25 16:46:10 [TestNG-test-OrangeHRMTest-2] INFO  ActionDriver - Applied the border with color green to element: Element with text: Logout
2025-10-25 16:46:11 [TestNG-test-OrangeHRMTest-2] INFO  ActionDriver - clicked an element--> Element with text: Logout
2025-10-25 16:46:14 [TestNG-test-OrangeHRMTest-2] INFO  BaseClass - WebDriver instance is closed.
2025-10-27 19:53:09 [main] INFO  BaseClass - config.properties file loaded
2025-10-27 19:53:19 [TestNG-test-OrangeHRMTest-1] INFO  BaseClass - ChromeDriver Instance is created.
2025-10-27 19:53:19 [TestNG-test-OrangeHRMTest-3] INFO  BaseClass - ChromeDriver Instance is created.
2025-10-27 19:53:26 [TestNG-test-OrangeHRMTest-3] INFO  BaseClass - WebDriver initialized and Browser maximized
2025-10-27 19:53:26 [TestNG-test-OrangeHRMTest-3] TRACE BaseClass - This is a Trace message
2025-10-27 19:53:26 [TestNG-test-OrangeHRMTest-3] DEBUG BaseClass - This is a Debug Message
2025-10-27 19:53:26 [TestNG-test-OrangeHRMTest-3] WARN  BaseClass - This is a Warn message
2025-10-27 19:53:26 [TestNG-test-OrangeHRMTest-3] INFO  ActionDriver - WebDriver instance is created.
2025-10-27 19:53:26 [TestNG-test-OrangeHRMTest-3] INFO  BaseClass - ActionDriver initialized for thread: 35
2025-10-27 19:53:26 [TestNG-test-OrangeHRMTest-1] INFO  BaseClass - WebDriver initialized and Browser maximized
2025-10-27 19:53:26 [TestNG-test-OrangeHRMTest-1] TRACE BaseClass - This is a Trace message
2025-10-27 19:53:26 [TestNG-test-OrangeHRMTest-1] DEBUG BaseClass - This is a Debug Message
2025-10-27 19:53:26 [TestNG-test-OrangeHRMTest-1] WARN  BaseClass - This is a Warn message
2025-10-27 19:53:26 [TestNG-test-OrangeHRMTest-1] INFO  ActionDriver - WebDriver instance is created.
2025-10-27 19:53:26 [TestNG-test-OrangeHRMTest-1] INFO  BaseClass - ActionDriver initialized for thread: 33
2025-10-27 19:53:26 [TestNG-test-OrangeHRMTest-3] INFO  ActionDriver - Applied the border with color green to element: Element with name: username
2025-10-27 19:53:27 [TestNG-test-OrangeHRMTest-1] INFO  BaseClass - WebDriver instance is closed.
2025-10-27 19:53:27 [TestNG-test-OrangeHRMTest-3] INFO  ActionDriver - Entered text on Element with name: username-->Admin
2025-10-27 19:53:27 [TestNG-test-OrangeHRMTest-3] INFO  ActionDriver - Applied the border with color green to element: Element with name: password
2025-10-27 19:53:27 [TestNG-test-OrangeHRMTest-3] INFO  ActionDriver - Entered text on Element with name: password-->admin123
2025-10-27 19:53:27 [TestNG-test-OrangeHRMTest-3] INFO  ActionDriver - Applied the border with color green to element: Element with text: Login
2025-10-27 19:53:27 [TestNG-test-OrangeHRMTest-3] INFO  ActionDriver - clicked an element--> Element with text: Login
2025-10-27 19:53:29 [TestNG-test-OrangeHRMTest-3] INFO  ActionDriver - Applied the border with color green to element: Unable to describe the element
2025-10-27 19:53:30 [TestNG-test-OrangeHRMTest-3] INFO  ActionDriver - Element is displayed: Unable to describe the element
2025-10-27 19:53:31 [TestNG-test-OrangeHRMTest-3] INFO  BaseClass - WebDriver instance is closed.
2025-10-27 19:54:45 [main] INFO  BaseClass - config.properties file loaded
2025-10-27 19:54:48 [TestNG-test-OrangeHRMTest-1] INFO  BaseClass - ChromeDriver Instance is created.
2025-10-27 19:54:48 [TestNG-test-OrangeHRMTest-3] INFO  BaseClass - ChromeDriver Instance is created.
2025-10-27 19:54:54 [TestNG-test-OrangeHRMTest-1] INFO  BaseClass - WebDriver initialized and Browser maximized
2025-10-27 19:54:54 [TestNG-test-OrangeHRMTest-1] TRACE BaseClass - This is a Trace message
2025-10-27 19:54:54 [TestNG-test-OrangeHRMTest-1] DEBUG BaseClass - This is a Debug Message
2025-10-27 19:54:54 [TestNG-test-OrangeHRMTest-1] WARN  BaseClass - This is a Warn message
2025-10-27 19:54:54 [TestNG-test-OrangeHRMTest-1] INFO  ActionDriver - WebDriver instance is created.
2025-10-27 19:54:54 [TestNG-test-OrangeHRMTest-1] INFO  BaseClass - ActionDriver initialized for thread: 33
2025-10-27 19:54:54 [TestNG-test-OrangeHRMTest-3] INFO  BaseClass - WebDriver initialized and Browser maximized
2025-10-27 19:54:54 [TestNG-test-OrangeHRMTest-3] TRACE BaseClass - This is a Trace message
2025-10-27 19:54:54 [TestNG-test-OrangeHRMTest-3] DEBUG BaseClass - This is a Debug Message
2025-10-27 19:54:54 [TestNG-test-OrangeHRMTest-3] WARN  BaseClass - This is a Warn message
2025-10-27 19:54:54 [TestNG-test-OrangeHRMTest-3] INFO  ActionDriver - WebDriver instance is created.
2025-10-27 19:54:54 [TestNG-test-OrangeHRMTest-3] INFO  BaseClass - ActionDriver initialized for thread: 35
2025-10-27 19:54:54 [TestNG-test-OrangeHRMTest-3] INFO  ActionDriver - Applied the border with color green to element: Element with name: username
2025-10-27 19:54:54 [TestNG-test-OrangeHRMTest-1] INFO  BaseClass - WebDriver instance is closed.
2025-10-27 19:54:54 [TestNG-test-OrangeHRMTest-3] INFO  ActionDriver - Entered text on Element with name: username-->Admin
2025-10-27 19:54:55 [TestNG-test-OrangeHRMTest-3] INFO  ActionDriver - Applied the border with color green to element: Element with name: password
2025-10-27 19:54:55 [TestNG-test-OrangeHRMTest-3] INFO  ActionDriver - Entered text on Element with name: password-->admin123
2025-10-27 19:54:55 [TestNG-test-OrangeHRMTest-3] INFO  ActionDriver - Applied the border with color green to element: Element with text: Login
2025-10-27 19:54:56 [TestNG-test-OrangeHRMTest-3] INFO  ActionDriver - clicked an element--> Element with text: Login
2025-10-27 19:54:57 [TestNG-test-OrangeHRMTest-3] INFO  ActionDriver - Applied the border with color green to element: Unable to describe the element
2025-10-27 19:54:57 [TestNG-test-OrangeHRMTest-3] INFO  ActionDriver - Element is displayed: Unable to describe the element
2025-10-27 19:54:59 [TestNG-test-OrangeHRMTest-3] INFO  BaseClass - WebDriver instance is closed.
2025-10-27 19:57:05 [main] INFO  BaseClass - config.properties file loaded
2025-10-27 19:57:09 [TestNG-test-OrangeHRMTest-3] INFO  BaseClass - ChromeDriver Instance is created.
2025-10-27 19:57:09 [TestNG-test-OrangeHRMTest-1] INFO  BaseClass - ChromeDriver Instance is created.
2025-10-27 19:57:12 [TestNG-test-OrangeHRMTest-2] INFO  BaseClass - ChromeDriver Instance is created.
2025-10-27 19:57:12 [TestNG-test-OrangeHRMTest-1] INFO  BaseClass - WebDriver initialized and Browser maximized
2025-10-27 19:57:12 [TestNG-test-OrangeHRMTest-1] TRACE BaseClass - This is a Trace message
2025-10-27 19:57:12 [TestNG-test-OrangeHRMTest-1] DEBUG BaseClass - This is a Debug Message
2025-10-27 19:57:12 [TestNG-test-OrangeHRMTest-1] WARN  BaseClass - This is a Warn message
2025-10-27 19:57:12 [TestNG-test-OrangeHRMTest-1] INFO  ActionDriver - WebDriver instance is created.
2025-10-27 19:57:12 [TestNG-test-OrangeHRMTest-1] INFO  BaseClass - ActionDriver initialized for thread: 33
2025-10-27 19:57:14 [TestNG-test-OrangeHRMTest-1] INFO  BaseClass - WebDriver instance is closed.
2025-10-27 19:57:16 [TestNG-test-OrangeHRMTest-3] INFO  BaseClass - WebDriver initialized and Browser maximized
2025-10-27 19:57:16 [TestNG-test-OrangeHRMTest-3] TRACE BaseClass - This is a Trace message
2025-10-27 19:57:16 [TestNG-test-OrangeHRMTest-3] DEBUG BaseClass - This is a Debug Message
2025-10-27 19:57:16 [TestNG-test-OrangeHRMTest-3] WARN  BaseClass - This is a Warn message
2025-10-27 19:57:16 [TestNG-test-OrangeHRMTest-3] INFO  ActionDriver - WebDriver instance is created.
2025-10-27 19:57:16 [TestNG-test-OrangeHRMTest-3] INFO  BaseClass - ActionDriver initialized for thread: 35
2025-10-27 19:57:16 [TestNG-test-OrangeHRMTest-3] INFO  ActionDriver - Applied the border with color green to element: Element with name: username
2025-10-27 19:57:17 [TestNG-test-OrangeHRMTest-3] INFO  ActionDriver - Entered text on Element with name: username-->Admin
2025-10-27 19:57:17 [TestNG-test-OrangeHRMTest-3] INFO  ActionDriver - Applied the border with color green to element: Element with name: password
2025-10-27 19:57:17 [TestNG-test-OrangeHRMTest-3] INFO  ActionDriver - Entered text on Element with name: password-->admin123
2025-10-27 19:57:17 [TestNG-test-OrangeHRMTest-3] INFO  ActionDriver - Applied the border with color green to element: Element with text: Login
2025-10-27 19:57:18 [TestNG-test-OrangeHRMTest-2] INFO  BaseClass - WebDriver initialized and Browser maximized
2025-10-27 19:57:18 [TestNG-test-OrangeHRMTest-2] TRACE BaseClass - This is a Trace message
2025-10-27 19:57:18 [TestNG-test-OrangeHRMTest-2] DEBUG BaseClass - This is a Debug Message
2025-10-27 19:57:18 [TestNG-test-OrangeHRMTest-2] WARN  BaseClass - This is a Warn message
2025-10-27 19:57:18 [TestNG-test-OrangeHRMTest-2] INFO  ActionDriver - WebDriver instance is created.
2025-10-27 19:57:18 [TestNG-test-OrangeHRMTest-2] INFO  BaseClass - ActionDriver initialized for thread: 34
2025-10-27 19:57:18 [TestNG-test-OrangeHRMTest-2] INFO  ActionDriver - Applied the border with color green to element: Element with name: username
2025-10-27 19:57:18 [TestNG-test-OrangeHRMTest-2] INFO  ActionDriver - Entered text on Element with name: username-->Admin1
2025-10-27 19:57:18 [TestNG-test-OrangeHRMTest-2] INFO  ActionDriver - Applied the border with color green to element: Element with name: password
2025-10-27 19:57:19 [TestNG-test-OrangeHRMTest-2] INFO  ActionDriver - Entered text on Element with name: password-->admin123
2025-10-27 19:57:19 [TestNG-test-OrangeHRMTest-3] INFO  ActionDriver - clicked an element--> Element with text: Login
2025-10-27 19:57:19 [TestNG-test-OrangeHRMTest-2] INFO  ActionDriver - Applied the border with color green to element: Element with text: Login
2025-10-27 19:57:19 [TestNG-test-OrangeHRMTest-2] INFO  ActionDriver - clicked an element--> Element with text: Login
2025-10-27 19:57:20 [TestNG-test-OrangeHRMTest-3] INFO  ActionDriver - Applied the border with color green to element: Unable to describe the element
2025-10-27 19:57:20 [TestNG-test-OrangeHRMTest-3] INFO  ActionDriver - Element is displayed: Unable to describe the element
2025-10-27 19:57:21 [TestNG-test-OrangeHRMTest-2] INFO  ActionDriver - Applied the border with color red to element: Element with text: Invalid credentials
2025-10-27 19:57:22 [TestNG-test-OrangeHRMTest-3] INFO  BaseClass - WebDriver instance is closed.
2025-10-27 19:57:22 [TestNG-test-OrangeHRMTest-2] INFO  BaseClass - WebDriver instance is closed.
2025-10-27 19:57:23 [TestNG-test-OrangeHRMTest-2] INFO  BaseClass - ChromeDriver Instance is created.
2025-10-27 19:57:29 [TestNG-test-OrangeHRMTest-2] INFO  BaseClass - WebDriver initialized and Browser maximized
2025-10-27 19:57:29 [TestNG-test-OrangeHRMTest-2] TRACE BaseClass - This is a Trace message
2025-10-27 19:57:29 [TestNG-test-OrangeHRMTest-2] DEBUG BaseClass - This is a Debug Message
2025-10-27 19:57:29 [TestNG-test-OrangeHRMTest-2] WARN  BaseClass - This is a Warn message
2025-10-27 19:57:29 [TestNG-test-OrangeHRMTest-2] INFO  ActionDriver - WebDriver instance is created.
2025-10-27 19:57:29 [TestNG-test-OrangeHRMTest-2] INFO  BaseClass - ActionDriver initialized for thread: 34
2025-10-27 19:57:29 [TestNG-test-OrangeHRMTest-2] INFO  ActionDriver - Applied the border with color green to element: Element with name: username
2025-10-27 19:57:29 [TestNG-test-OrangeHRMTest-2] INFO  ActionDriver - Entered text on Element with name: username-->Admin
2025-10-27 19:57:29 [TestNG-test-OrangeHRMTest-2] INFO  ActionDriver - Applied the border with color green to element: Element with name: password
2025-10-27 19:57:29 [TestNG-test-OrangeHRMTest-2] INFO  ActionDriver - Entered text on Element with name: password-->admin123
2025-10-27 19:57:30 [TestNG-test-OrangeHRMTest-2] INFO  ActionDriver - Applied the border with color green to element: Element with text: Login
2025-10-27 19:57:30 [TestNG-test-OrangeHRMTest-2] INFO  ActionDriver - clicked an element--> Element with text: Login
2025-10-27 19:57:32 [TestNG-test-OrangeHRMTest-2] INFO  ActionDriver - Applied the border with color green to element: Element with text: Admin
2025-10-27 19:57:32 [TestNG-test-OrangeHRMTest-2] INFO  ActionDriver - Element is displayed: Element with text: Admin
2025-10-27 19:57:32 [TestNG-test-OrangeHRMTest-2] INFO  ActionDriver - Applied the border with color green to element: Element with text: manda user
2025-10-27 19:57:33 [TestNG-test-OrangeHRMTest-2] INFO  ActionDriver - clicked an element--> Element with text: manda user
2025-10-27 19:57:33 [TestNG-test-OrangeHRMTest-2] INFO  ActionDriver - Applied the border with color green to element: Element with text: Logout
2025-10-27 19:57:34 [TestNG-test-OrangeHRMTest-2] INFO  ActionDriver - clicked an element--> Element with text: Logout
2025-10-27 19:57:38 [TestNG-test-OrangeHRMTest-2] INFO  BaseClass - WebDriver instance is closed.
2025-10-27 20:11:08 [main] INFO  BaseClass - config.properties file loaded
2025-10-27 20:11:12 [TestNG-test-OrangeHRMTest-2] INFO  BaseClass - ChromeDriver Instance is created.
2025-10-27 20:11:12 [TestNG-test-OrangeHRMTest-1] INFO  BaseClass - ChromeDriver Instance is created.
2025-10-27 20:11:13 [TestNG-test-OrangeHRMTest-3] INFO  BaseClass - ChromeDriver Instance is created.
2025-10-27 20:11:16 [TestNG-test-OrangeHRMTest-1] INFO  BaseClass - WebDriver initialized and Browser maximized
2025-10-27 20:11:16 [TestNG-test-OrangeHRMTest-1] TRACE BaseClass - This is a Trace message
2025-10-27 20:11:16 [TestNG-test-OrangeHRMTest-1] DEBUG BaseClass - This is a Debug Message
2025-10-27 20:11:16 [TestNG-test-OrangeHRMTest-1] WARN  BaseClass - This is a Warn message
2025-10-27 20:11:16 [TestNG-test-OrangeHRMTest-1] INFO  ActionDriver - WebDriver instance is created.
2025-10-27 20:11:16 [TestNG-test-OrangeHRMTest-1] INFO  BaseClass - ActionDriver initialized for thread: 33
2025-10-27 20:11:18 [TestNG-test-OrangeHRMTest-1] INFO  BaseClass - WebDriver instance is closed.
2025-10-27 20:11:19 [TestNG-test-OrangeHRMTest-2] INFO  BaseClass - WebDriver initialized and Browser maximized
2025-10-27 20:11:19 [TestNG-test-OrangeHRMTest-2] TRACE BaseClass - This is a Trace message
2025-10-27 20:11:19 [TestNG-test-OrangeHRMTest-2] DEBUG BaseClass - This is a Debug Message
2025-10-27 20:11:19 [TestNG-test-OrangeHRMTest-2] WARN  BaseClass - This is a Warn message
2025-10-27 20:11:19 [TestNG-test-OrangeHRMTest-2] INFO  ActionDriver - WebDriver instance is created.
2025-10-27 20:11:19 [TestNG-test-OrangeHRMTest-2] INFO  BaseClass - ActionDriver initialized for thread: 34
2025-10-27 20:11:19 [TestNG-test-OrangeHRMTest-2] INFO  ActionDriver - Applied the border with color green to element: Element with name: username
2025-10-27 20:11:19 [TestNG-test-OrangeHRMTest-2] INFO  ActionDriver - Entered text on Element with name: username-->Admin1
2025-10-27 20:11:19 [TestNG-test-OrangeHRMTest-3] INFO  BaseClass - WebDriver initialized and Browser maximized
2025-10-27 20:11:19 [TestNG-test-OrangeHRMTest-3] TRACE BaseClass - This is a Trace message
2025-10-27 20:11:19 [TestNG-test-OrangeHRMTest-3] DEBUG BaseClass - This is a Debug Message
2025-10-27 20:11:19 [TestNG-test-OrangeHRMTest-3] WARN  BaseClass - This is a Warn message
2025-10-27 20:11:19 [TestNG-test-OrangeHRMTest-3] INFO  ActionDriver - WebDriver instance is created.
2025-10-27 20:11:19 [TestNG-test-OrangeHRMTest-3] INFO  BaseClass - ActionDriver initialized for thread: 35
2025-10-27 20:11:19 [TestNG-test-OrangeHRMTest-2] INFO  ActionDriver - Applied the border with color green to element: Element with name: password
2025-10-27 20:11:20 [TestNG-test-OrangeHRMTest-3] INFO  ActionDriver - Applied the border with color green to element: Element with name: username
2025-10-27 20:11:20 [TestNG-test-OrangeHRMTest-2] INFO  ActionDriver - Entered text on Element with name: password-->admin123
2025-10-27 20:11:20 [TestNG-test-OrangeHRMTest-3] INFO  ActionDriver - Entered text on Element with name: username-->Admin
2025-10-27 20:11:20 [TestNG-test-OrangeHRMTest-2] INFO  ActionDriver - Applied the border with color green to element: Element with text: Login
2025-10-27 20:11:20 [TestNG-test-OrangeHRMTest-3] INFO  ActionDriver - Applied the border with color green to element: Element with name: password
2025-10-27 20:11:20 [TestNG-test-OrangeHRMTest-2] INFO  ActionDriver - clicked an element--> Element with text: Login
2025-10-27 20:11:20 [TestNG-test-OrangeHRMTest-3] INFO  ActionDriver - Entered text on Element with name: password-->admin123
2025-10-27 20:11:21 [TestNG-test-OrangeHRMTest-3] INFO  ActionDriver - Applied the border with color green to element: Element with text: Login
2025-10-27 20:11:21 [TestNG-test-OrangeHRMTest-3] INFO  ActionDriver - clicked an element--> Element with text: Login
2025-10-27 20:11:22 [TestNG-test-OrangeHRMTest-2] INFO  ActionDriver - Applied the border with color red to element: Element with text: Invalid credentials
2025-10-27 20:11:23 [TestNG-test-OrangeHRMTest-2] INFO  BaseClass - WebDriver instance is closed.
2025-10-27 20:11:23 [TestNG-test-OrangeHRMTest-3] INFO  ActionDriver - Applied the border with color green to element: Unable to describe the element
2025-10-27 20:11:23 [TestNG-test-OrangeHRMTest-3] INFO  ActionDriver - Element is displayed: Unable to describe the element
2025-10-27 20:11:24 [TestNG-test-OrangeHRMTest-2] INFO  BaseClass - ChromeDriver Instance is created.
2025-10-27 20:11:26 [TestNG-test-OrangeHRMTest-3] INFO  BaseClass - WebDriver instance is closed.
2025-10-27 20:11:28 [TestNG-test-OrangeHRMTest-2] INFO  BaseClass - WebDriver initialized and Browser maximized
2025-10-27 20:11:28 [TestNG-test-OrangeHRMTest-2] TRACE BaseClass - This is a Trace message
2025-10-27 20:11:28 [TestNG-test-OrangeHRMTest-2] DEBUG BaseClass - This is a Debug Message
2025-10-27 20:11:28 [TestNG-test-OrangeHRMTest-2] WARN  BaseClass - This is a Warn message
2025-10-27 20:11:28 [TestNG-test-OrangeHRMTest-2] INFO  ActionDriver - WebDriver instance is created.
2025-10-27 20:11:28 [TestNG-test-OrangeHRMTest-2] INFO  BaseClass - ActionDriver initialized for thread: 34
2025-10-27 20:11:28 [TestNG-test-OrangeHRMTest-3] INFO  BaseClass - ChromeDriver Instance is created.
2025-10-27 20:11:30 [TestNG-test-OrangeHRMTest-2] INFO  ActionDriver - Applied the border with color green to element: Element with name: username
2025-10-27 20:11:30 [TestNG-test-OrangeHRMTest-2] INFO  ActionDriver - Entered text on Element with name: username-->Admin
2025-10-27 20:11:30 [TestNG-test-OrangeHRMTest-2] INFO  ActionDriver - Applied the border with color green to element: Element with name: password
2025-10-27 20:11:31 [TestNG-test-OrangeHRMTest-2] INFO  ActionDriver - Entered text on Element with name: password-->admin123
2025-10-27 20:11:31 [TestNG-test-OrangeHRMTest-2] INFO  ActionDriver - Applied the border with color green to element: Element with text: Login
2025-10-27 20:11:31 [TestNG-test-OrangeHRMTest-2] INFO  ActionDriver - clicked an element--> Element with text: Login
2025-10-27 20:11:33 [TestNG-test-OrangeHRMTest-2] INFO  ActionDriver - Applied the border with color green to element: Element with text: Admin
2025-10-27 20:11:33 [TestNG-test-OrangeHRMTest-2] INFO  ActionDriver - Element is displayed: Element with text: Admin
2025-10-27 20:11:34 [TestNG-test-OrangeHRMTest-3] INFO  BaseClass - WebDriver initialized and Browser maximized
2025-10-27 20:11:34 [TestNG-test-OrangeHRMTest-3] TRACE BaseClass - This is a Trace message
2025-10-27 20:11:34 [TestNG-test-OrangeHRMTest-3] DEBUG BaseClass - This is a Debug Message
2025-10-27 20:11:34 [TestNG-test-OrangeHRMTest-3] WARN  BaseClass - This is a Warn message
2025-10-27 20:11:34 [TestNG-test-OrangeHRMTest-3] INFO  ActionDriver - WebDriver instance is created.
2025-10-27 20:11:34 [TestNG-test-OrangeHRMTest-3] INFO  BaseClass - ActionDriver initialized for thread: 35
2025-10-27 20:11:34 [TestNG-test-OrangeHRMTest-3] INFO  ActionDriver - Applied the border with color green to element: Element with name: username
2025-10-27 20:11:34 [TestNG-test-OrangeHRMTest-3] INFO  ActionDriver - Entered text on Element with name: username-->Admin
2025-10-27 20:11:34 [TestNG-test-OrangeHRMTest-3] INFO  ActionDriver - Applied the border with color green to element: Element with name: password
2025-10-27 20:11:35 [TestNG-test-OrangeHRMTest-2] INFO  ActionDriver - Applied the border with color green to element: Element with text: manda user
2025-10-27 20:11:35 [TestNG-test-OrangeHRMTest-3] INFO  ActionDriver - Entered text on Element with name: password-->admin123
2025-10-27 20:11:35 [TestNG-test-OrangeHRMTest-2] INFO  ActionDriver - clicked an element--> Element with text: manda user
2025-10-27 20:11:35 [TestNG-test-OrangeHRMTest-3] INFO  ActionDriver - Applied the border with color green to element: Element with text: Login
2025-10-27 20:11:35 [TestNG-test-OrangeHRMTest-3] INFO  ActionDriver - clicked an element--> Element with text: Login
2025-10-27 20:11:35 [TestNG-test-OrangeHRMTest-2] INFO  ActionDriver - Applied the border with color green to element: Element with text: Logout
2025-10-27 20:11:37 [TestNG-test-OrangeHRMTest-3] INFO  ActionDriver - Applied the border with color green to element: Unable to describe the element
2025-10-27 20:11:37 [TestNG-test-OrangeHRMTest-2] INFO  ActionDriver - clicked an element--> Element with text: Logout
2025-10-27 20:11:37 [TestNG-test-OrangeHRMTest-3] INFO  ActionDriver - Element is displayed: Unable to describe the element
2025-10-27 20:11:39 [TestNG-test-OrangeHRMTest-3] INFO  BaseClass - WebDriver instance is closed.
2025-10-27 20:11:40 [TestNG-test-OrangeHRMTest-2] INFO  BaseClass - WebDriver instance is closed.
2025-10-27 20:11:41 [TestNG-test-OrangeHRMTest-2] INFO  BaseClass - ChromeDriver Instance is created.
2025-10-27 20:11:47 [TestNG-test-OrangeHRMTest-2] INFO  BaseClass - WebDriver initialized and Browser maximized
2025-10-27 20:11:47 [TestNG-test-OrangeHRMTest-2] TRACE BaseClass - This is a Trace message
2025-10-27 20:11:47 [TestNG-test-OrangeHRMTest-2] DEBUG BaseClass - This is a Debug Message
2025-10-27 20:11:47 [TestNG-test-OrangeHRMTest-2] WARN  BaseClass - This is a Warn message
2025-10-27 20:11:47 [TestNG-test-OrangeHRMTest-2] INFO  ActionDriver - WebDriver instance is created.
2025-10-27 20:11:47 [TestNG-test-OrangeHRMTest-2] INFO  BaseClass - ActionDriver initialized for thread: 34
2025-10-27 20:11:47 [TestNG-test-OrangeHRMTest-2] INFO  ActionDriver - Applied the border with color green to element: Element with name: username
2025-10-27 20:11:47 [TestNG-test-OrangeHRMTest-2] INFO  ActionDriver - Entered text on Element with name: username-->Admin
2025-10-27 20:11:47 [TestNG-test-OrangeHRMTest-2] INFO  ActionDriver - Applied the border with color green to element: Element with name: password
2025-10-27 20:11:47 [TestNG-test-OrangeHRMTest-2] INFO  ActionDriver - Entered text on Element with name: password-->admin123
2025-10-27 20:11:48 [TestNG-test-OrangeHRMTest-2] INFO  ActionDriver - Applied the border with color green to element: Element with text: Login
2025-10-27 20:11:48 [TestNG-test-OrangeHRMTest-2] INFO  ActionDriver - clicked an element--> Element with text: Login
2025-10-27 20:11:50 [TestNG-test-OrangeHRMTest-2] INFO  ActionDriver - Applied the border with color green to element: Element with text: Admin
2025-10-27 20:11:50 [TestNG-test-OrangeHRMTest-2] INFO  ActionDriver - Element is displayed: Element with text: Admin
2025-10-27 20:11:51 [TestNG-test-OrangeHRMTest-2] INFO  ActionDriver - Applied the border with color green to element: Element with text: manda user
2025-10-27 20:11:51 [TestNG-test-OrangeHRMTest-2] INFO  ActionDriver - clicked an element--> Element with text: manda user
2025-10-27 20:11:51 [TestNG-test-OrangeHRMTest-2] INFO  ActionDriver - Applied the border with color green to element: Element with text: Logout
2025-10-27 20:11:52 [TestNG-test-OrangeHRMTest-2] INFO  ActionDriver - clicked an element--> Element with text: Logout
2025-10-27 20:11:56 [TestNG-test-OrangeHRMTest-2] INFO  BaseClass - WebDriver instance is closed.
