<?xml version="1.0" encoding="UTF-8"?>
<testng-results ignored="0" total="2" passed="2" failed="0" skipped="0">
  <reporter-output>
  </reporter-output>
  <suite started-at="2025-10-22T16:50:39 IST" name="OrangeHRMSuite" finished-at="2025-10-22T16:51:03 IST" duration-ms="23934">
    <groups>
    </groups>
    <test started-at="2025-10-22T16:50:39 IST" name="OrangeHRMTest" finished-at="2025-10-22T16:51:03 IST" duration-ms="23934">
      <class name="com.orangeHRM.tests.DummyClass">
        <test-method is-config="true" signature="loadConfig()[pri:0, instance:com.orangeHRM.tests.DummyClass@5b239d7d]" started-at="2025-10-22T16:50:39 IST" name="loadConfig" finished-at="2025-10-22T16:50:39 IST" duration-ms="20" status="PASS">
          <reporter-output>
          </reporter-output>
        </test-method> <!-- loadConfig -->
        <test-method is-config="true" signature="setUp()[pri:0, instance:com.orangeHRM.tests.DummyClass@5b239d7d]" started-at="2025-10-22T16:50:39 IST" name="setUp" finished-at="2025-10-22T16:50:46 IST" duration-ms="7536" status="PASS">
          <reporter-output>
          </reporter-output>
        </test-method> <!-- setUp -->
        <test-method signature="dummyTest()[pri:0, instance:com.orangeHRM.tests.DummyClass@5b239d7d]" started-at="2025-10-22T16:50:46 IST" name="dummyTest" finished-at="2025-10-22T16:50:46 IST" duration-ms="46" status="PASS">
          <reporter-output>
          </reporter-output>
        </test-method> <!-- dummyTest -->
        <test-method is-config="true" signature="tearDown()[pri:0, instance:com.orangeHRM.tests.DummyClass@5b239d7d]" started-at="2025-10-22T16:50:46 IST" name="tearDown" finished-at="2025-10-22T16:50:47 IST" duration-ms="336" status="PASS">
          <reporter-output>
          </reporter-output>
        </test-method> <!-- tearDown -->
      </class> <!-- com.orangeHRM.tests.DummyClass -->
      <class name="com.orangeHRM.tests.LoginPageTest">
        <test-method is-config="true" signature="setUp()[pri:0, instance:com.orangeHRM.tests.LoginPageTest@52bf72b5]" started-at="2025-10-22T16:50:47 IST" name="setUp" finished-at="2025-10-22T16:50:53 IST" duration-ms="6733" status="PASS">
          <reporter-output>
          </reporter-output>
        </test-method> <!-- setUp -->
        <test-method is-config="true" signature="setupPages()[pri:0, instance:com.orangeHRM.tests.LoginPageTest@52bf72b5]" started-at="2025-10-22T16:50:53 IST" name="setupPages" finished-at="2025-10-22T16:50:53 IST" duration-ms="63" status="PASS">
          <reporter-output>
          </reporter-output>
        </test-method> <!-- setupPages -->
        <test-method signature="verifyValidLoginTest()[pri:0, instance:com.orangeHRM.tests.LoginPageTest@52bf72b5]" started-at="2025-10-22T16:50:53 IST" name="verifyValidLoginTest" finished-at="2025-10-22T16:51:02 IST" duration-ms="8658" status="PASS">
          <reporter-output>
          </reporter-output>
        </test-method> <!-- verifyValidLoginTest -->
        <test-method is-config="true" signature="tearDown()[pri:0, instance:com.orangeHRM.tests.LoginPageTest@52bf72b5]" started-at="2025-10-22T16:51:02 IST" name="tearDown" finished-at="2025-10-22T16:51:03 IST" duration-ms="471" status="PASS">
          <reporter-output>
          </reporter-output>
        </test-method> <!-- tearDown -->
      </class> <!-- com.orangeHRM.tests.LoginPageTest -->
    </test> <!-- OrangeHRMTest -->
  </suite> <!-- OrangeHRMSuite -->
</testng-results>
